This is pdfTeX, Version 3.1415926-1.40.11 (MiKTeX 2.9) (preloaded format=pdflatex 2014.10.14)  22 SEP 2015 12:37
entering extended mode
**L:/Thesis-Dissertation/Theses/Templates/LaTeX*thesis*template*and*samples/AFI
T*Thesis*Primer*2014/ThesisWithBibliography/myFirstBibTex.tex

("L:/Thesis-Dissertation/Theses/Templates/LaTeX thesis template and samples/AFI
T Thesis Primer 2014/ThesisWithBibliography/myFirstBibTex.tex"
LaTeX2e <2009/09/24>
Babel <v3.8l> and hyphenation patterns for english, afrikaans, ancientgreek, ar
abic, armenian, assamese, basque, bengali, bokmal, bulgarian, catalan, coptic, 
croatian, czech, danish, dutch, esperanto, estonian, farsi, finnish, french, ga
lician, german, german-x-2009-06-19, greek, gujarati, hindi, hungarian, iceland
ic, indonesian, interlingua, irish, italian, kannada, kurmanji, lao, latin, lat
vian, lithuanian, malayalam, marathi, mongolian, mongolianlmc, monogreek, ngerm
an, ngerman-x-2009-06-19, nynorsk, oriya, panjabi, pinyin, polish, portuguese, 
romanian, russian, sanskrit, serbian, slovak, slovenian, spanish, swedish, swis
sgerman, tamil, telugu, turkish, turkmen, ukenglish, ukrainian, uppersorbian, u
senglishmax, welsh, loaded.
("C:\Program Files (x86)\MiKTeX 2.9\tex\latex\base\book.cls"
Document Class: book 2007/10/19 v1.4h Standard LaTeX document class
("C:\Program Files (x86)\MiKTeX 2.9\tex\latex\base\bk12.clo"
File: bk12.clo 2007/10/19 v1.4h Standard LaTeX file (size option)
)
\c@part=\count79
\c@chapter=\count80
\c@section=\count81
\c@subsection=\count82
\c@subsubsection=\count83
\c@paragraph=\count84
\c@subparagraph=\count85
\c@figure=\count86
\c@table=\count87
\abovecaptionskip=\skip41
\belowcaptionskip=\skip42
\bibindent=\dimen102
)
("L:\Thesis-Dissertation\Theses\Templates\LaTeX thesis template and samples\AFI
T Thesis Primer 2014\afitStyleFiles\afitThesis.sty"

LaTeX Warning: You have requested package `../afitStyleFiles/afitThesis',
               but the package provides `afitThesis'.

Package: afitThesis 
("C:\Program Files (x86)\MiKTeX 2.9\tex\latex\caption\caption.sty"
Package: caption 2010/01/09 v3.1m Customizing captions (AR)

("C:\Program Files (x86)\MiKTeX 2.9\tex\latex\caption\caption3.sty"
Package: caption3 2010/01/14 v3.1m caption3 kernel (AR)

("C:\Program Files (x86)\MiKTeX 2.9\tex\latex\graphics\keyval.sty"
Package: keyval 1999/03/16 v1.13 key=value parser (DPC)
\KV@toks@=\toks14
)
\captionmargin=\dimen103
\captionmargin@=\dimen104
\captionwidth=\dimen105
\caption@indent=\dimen106
\caption@parindent=\dimen107
\caption@hangindent=\dimen108
)
\c@ContinuedFloat=\count88
)
("C:\Program Files (x86)\MiKTeX 2.9\tex\latex\geometry\geometry.sty"
Package: geometry 2010/09/12 v5.6 Page Geometry

("C:\Program Files (x86)\MiKTeX 2.9\tex\generic\oberdiek\ifpdf.sty"
Package: ifpdf 2010/01/28 v2.1 Provides the ifpdf switch (HO)
Package ifpdf Info: pdfTeX in pdf mode detected.
)
("C:\Program Files (x86)\MiKTeX 2.9\tex\generic\oberdiek\ifvtex.sty"
Package: ifvtex 2010/03/01 v1.5 Switches for detecting VTeX and its modes (HO)
Package ifvtex Info: VTeX not detected.
)
("C:\Program Files (x86)\MiKTeX 2.9\tex\generic\ifxetex\ifxetex.sty"
Package: ifxetex 2010/09/12 v0.6 Provides ifxetex conditional
)
\Gm@cnth=\count89
\Gm@cntv=\count90
\c@Gm@tempcnt=\count91
\Gm@bindingoffset=\dimen109
\Gm@wd@mp=\dimen110
\Gm@odd@mp=\dimen111
\Gm@even@mp=\dimen112
\Gm@layoutwidth=\dimen113
\Gm@layoutheight=\dimen114
\Gm@layouthoffset=\dimen115
\Gm@layoutvoffset=\dimen116
\Gm@dimlist=\toks15

("C:\Program Files (x86)\MiKTeX 2.9\tex\latex\geometry\geometry.cfg"))
("C:\Program Files (x86)\MiKTeX 2.9\tex\latex\setspace\setspace.sty"
Package: setspace 2000/12/01 6.7 Contributed and Supported LaTeX2e package

Package: `setspace' 6.7 <2000/12/01>
) ("C:\Program Files (x86)\MiKTeX 2.9\tex\latex\tools\indentfirst.sty"
Package: indentfirst 1995/11/23 v1.03 Indent first paragraph (DPC)
)
("C:\Program Files (x86)\MiKTeX 2.9\tex\latex\float\float.sty"
Package: float 2001/11/08 v1.3d Float enhancements (AL)
\c@float@type=\count92
\float@exts=\toks16
\float@box=\box26
\@float@everytoks=\toks17
\@floatcapt=\box27
)
("C:\Program Files (x86)\MiKTeX 2.9\tex\latex\base\flafter.sty"
Package: flafter 2000/07/23 v1.2i Standard LaTeX floats after reference (FMi)
)
("C:\Program Files (x86)\MiKTeX 2.9\tex\latex\amsfonts\amssymb.sty"
Package: amssymb 2009/06/22 v3.00

("C:\Program Files (x86)\MiKTeX 2.9\tex\latex\amsfonts\amsfonts.sty"
Package: amsfonts 2009/06/22 v3.00 Basic AMSFonts support
\@emptytoks=\toks18
\symAMSa=\mathgroup4
\symAMSb=\mathgroup5
LaTeX Font Info:    Overwriting math alphabet `\mathfrak' in version `bold'
(Font)                  U/euf/m/n --> U/euf/b/n on input line 96.
))
("C:\Program Files (x86)\MiKTeX 2.9\tex\latex\ams\math\amsmath.sty"
Package: amsmath 2000/07/18 v2.13 AMS math features
\@mathmargin=\skip43

For additional information on amsmath, use the `?' option.
("C:\Program Files (x86)\MiKTeX 2.9\tex\latex\ams\math\amstext.sty"
Package: amstext 2000/06/29 v2.01

("C:\Program Files (x86)\MiKTeX 2.9\tex\latex\ams\math\amsgen.sty"
File: amsgen.sty 1999/11/30 v2.0
\@emptytoks=\toks19
\ex@=\dimen117
))
("C:\Program Files (x86)\MiKTeX 2.9\tex\latex\ams\math\amsbsy.sty"
Package: amsbsy 1999/11/29 v1.2d
\pmbraise@=\dimen118
)
("C:\Program Files (x86)\MiKTeX 2.9\tex\latex\ams\math\amsopn.sty"
Package: amsopn 1999/12/14 v2.01 operator names
)
\inf@bad=\count93
LaTeX Info: Redefining \frac on input line 211.
\uproot@=\count94
\leftroot@=\count95
LaTeX Info: Redefining \overline on input line 307.
\classnum@=\count96
\DOTSCASE@=\count97
LaTeX Info: Redefining \ldots on input line 379.
LaTeX Info: Redefining \dots on input line 382.
LaTeX Info: Redefining \cdots on input line 467.
\Mathstrutbox@=\box28
\strutbox@=\box29
\big@size=\dimen119
LaTeX Font Info:    Redeclaring font encoding OML on input line 567.
LaTeX Font Info:    Redeclaring font encoding OMS on input line 568.
\macc@depth=\count98
\c@MaxMatrixCols=\count99
\dotsspace@=\muskip10
\c@parentequation=\count100
\dspbrk@lvl=\count101
\tag@help=\toks20
\row@=\count102
\column@=\count103
\maxfields@=\count104
\andhelp@=\toks21
\eqnshift@=\dimen120
\alignsep@=\dimen121
\tagshift@=\dimen122
\tagwidth@=\dimen123
\totwidth@=\dimen124
\lineht@=\dimen125
\@envbody=\toks22
\multlinegap=\skip44
\multlinetaggap=\skip45
\mathdisplay@stack=\toks23
LaTeX Info: Redefining \[ on input line 2666.
LaTeX Info: Redefining \] on input line 2667.
)
("C:\Program Files (x86)\MiKTeX 2.9\tex\latex\tools\theorem.sty"
Package: theorem 1995/11/23 v2.2c Theorem extension package (FMi)
\theorem@style=\toks24
\theorem@bodyfont=\toks25
\theorempreskipamount=\skip46
\theorempostskipamount=\skip47

("C:\Program Files (x86)\MiKTeX 2.9\tex\latex\tools\thp.sty"
File: thp.sty 1995/11/23 v2.2c Theorem extension package (FMi)
))
("C:\Program Files (x86)\MiKTeX 2.9\tex\latex\tools\varioref.sty"
Package: varioref 2009/09/13 v1.4w package for extended references (FMi)
\c@vrcnt=\count105
)
("C:\Program Files (x86)\MiKTeX 2.9\tex\latex\tocbibind\tocbibind.sty"
Package: tocbibind 2010/10/13 v1.5k extra ToC listings
Package tocbibind Info: The document has chapter divisions on input line 50.


Package tocbibind Note: Using chapter style headings, unless overridden.

) ("C:\Program Files (x86)\MiKTeX 2.9\tex\latex\listings\listings.sty"
\lst@mode=\count106
\lst@gtempboxa=\box30
\lst@token=\toks26
\lst@length=\count107
\lst@currlwidth=\dimen126
\lst@column=\count108
\lst@pos=\count109
\lst@lostspace=\dimen127
\lst@width=\dimen128
\lst@newlines=\count110
\lst@lineno=\count111
\lst@maxwidth=\dimen129

("C:\Program Files (x86)\MiKTeX 2.9\tex\latex\listings\lstmisc.sty"
File: lstmisc.sty 2007/02/22 1.4 (Carsten Heinz)
\c@lstnumber=\count112
\lst@skipnumbers=\count113
\lst@framebox=\box31
)
("C:\Program Files (x86)\MiKTeX 2.9\tex\latex\listings\listings.cfg"
File: listings.cfg 2007/02/22 1.4 listings configuration
))
Package: listings 2007/02/22 1.4 (Carsten Heinz)

("C:\Program Files (x86)\MiKTeX 2.9\tex\latex\tools\xspace.sty"
Package: xspace 2006/05/08 v1.12 Space after command names (DPC,MH)
)
("C:\Program Files (x86)\MiKTeX 2.9\tex\latex\base\fixltx2e.sty"
Package: fixltx2e 2006/09/13 v1.1m fixes to LaTeX
LaTeX Info: Redefining \em on input line 420.
LaTeX Info: The control sequence `\[' is already robust on input line 471.
LaTeX Info: The control sequence `\]' is already robust on input line 472.
)
("C:\Program Files (x86)\MiKTeX 2.9\tex\latex\threeparttable\threeparttable.sty
"
Package: threeparttable 2003/06/13  v 3.0
\@tempboxb=\box32
) ("C:\Program Files (x86)\MiKTeX 2.9\tex\latex\booktabs\booktabs.sty"
Package: booktabs 2005/04/14 v1.61803 publication quality tables
\heavyrulewidth=\dimen130
\lightrulewidth=\dimen131
\cmidrulewidth=\dimen132
\belowrulesep=\dimen133
\belowbottomsep=\dimen134
\aboverulesep=\dimen135
\abovetopsep=\dimen136
\cmidrulesep=\dimen137
\cmidrulekern=\dimen138
\defaultaddspace=\dimen139
\@cmidla=\count114
\@cmidlb=\count115
\@aboverulesep=\dimen140
\@belowrulesep=\dimen141
\@thisruleclass=\count116
\@lastruleclass=\count117
\@thisrulewidth=\dimen142
)
("C:\Program Files (x86)\MiKTeX 2.9\tex\latex\graphics\color.sty"
Package: color 2005/11/14 v1.0j Standard LaTeX Color (DPC)

("C:\Program Files (x86)\MiKTeX 2.9\tex\latex\00miktex\color.cfg"
File: color.cfg 2007/01/18 v1.5 color configuration of teTeX/TeXLive
)
Package color Info: Driver file: pdftex.def on input line 130.

("C:\Program Files (x86)\MiKTeX 2.9\tex\latex\pdftex-def\pdftex.def"
File: pdftex.def 2011/01/28 v0.05d Graphics/color for pdfTeX
\Gread@gobject=\count118
))
("C:\Program Files (x86)\MiKTeX 2.9\tex\latex\ltxmisc\url.sty"
\Urlmuskip=\muskip11
Package: url 2006/04/12  ver 3.3  Verb mode for urls, etc.
)
("C:\Program Files (x86)\MiKTeX 2.9\tex\latex\graphics\graphicx.sty"
Package: graphicx 1999/02/16 v1.0f Enhanced LaTeX Graphics (DPC,SPQR)

("C:\Program Files (x86)\MiKTeX 2.9\tex\latex\graphics\graphics.sty"
Package: graphics 2009/02/05 v1.0o Standard LaTeX Graphics (DPC,SPQR)

("C:\Program Files (x86)\MiKTeX 2.9\tex\latex\graphics\trig.sty"
Package: trig 1999/03/16 v1.09 sin cos tan (DPC)
)
("C:\Program Files (x86)\MiKTeX 2.9\tex\latex\00miktex\graphics.cfg"
File: graphics.cfg 2007/01/18 v1.5 graphics configuration of teTeX/TeXLive
)
Package graphics Info: Driver file: pdftex.def on input line 91.
)
\Gin@req@height=\dimen143
\Gin@req@width=\dimen144
)
\@indexfile=\write3

Writing index file myFirstBibTex.idx
\c@com=\count119
\@tocboxa=\box33
\@tocboxb=\box34
)
("L:\Thesis-Dissertation\Theses\Templates\LaTeX thesis template and samples\AFI
T Thesis Primer 2014\ThesisWithBibliography\Preamble/titlePage.tex")
("L:\Thesis-Dissertation\Theses\Templates\LaTeX thesis template and samples\AFI
T Thesis Primer 2014\ThesisWithBibliography\Preamble/myFigures.tex")
("L:\Thesis-Dissertation\Theses\Templates\LaTeX thesis template and samples\AFI
T Thesis Primer 2014\ThesisWithBibliography\Preamble/commonSymbols.tex"
\c@cor=\count120
)
("L:\Thesis-Dissertation\Theses\Templates\LaTeX thesis template and samples\AFI
T Thesis Primer 2014\ThesisWithBibliography\myFirstBibTex.aux")
LaTeX Font Info:    Checking defaults for OML/cmm/m/it on input line 9.
LaTeX Font Info:    ... okay on input line 9.
LaTeX Font Info:    Checking defaults for T1/cmr/m/n on input line 9.
LaTeX Font Info:    ... okay on input line 9.
LaTeX Font Info:    Checking defaults for OT1/cmr/m/n on input line 9.
LaTeX Font Info:    ... okay on input line 9.
LaTeX Font Info:    Checking defaults for OMS/cmsy/m/n on input line 9.
LaTeX Font Info:    ... okay on input line 9.
LaTeX Font Info:    Checking defaults for OMX/cmex/m/n on input line 9.
LaTeX Font Info:    ... okay on input line 9.
LaTeX Font Info:    Checking defaults for U/cmr/m/n on input line 9.
LaTeX Font Info:    ... okay on input line 9.
Package caption Info: Begin \AtBeginDocument code.
Package caption Info: Incompatible package detected (regarding \@caption).
(caption)             \@caption = \long macro:#1[#2]#3->\par \addcontentsline {
\csname ext@#1\endcsname }{#1}{\protect \numberline {\csname the#1\endcsname .}
{\ignorespaces #2}}\begingroup \@parboxrestore \normalsize \@makecaption {{\csn
ame fnum@#1\endcsname }}{{\ignorespaces #3}} \endgroup .


Package caption Warning: \caption will not be redefined since it's already
(caption)                redefined by a document class or package which is
(caption)                unknown to the caption package.
See the caption package documentation for explanation.

Package caption Info: float package is loaded.
Package caption Info: listings package is loaded.
Package caption Info: threeparttable package is loaded.
Package caption Info: End \AtBeginDocument code.
*geometry* driver: auto-detecting
*geometry* detected driver: pdftex
*geometry* verbose mode - [ preamble ] result:
* driver: pdftex
* paper: letterpaper
* layout: <same size as paper>
* layoutoffset:(h,v)=(0.0pt,0.0pt)
* modes: 
* h-part:(L,W,R)=(90.3375pt, 433.62001pt, 90.3375pt)
* v-part:(T,H,B)=(72.26999pt, 632.3625pt, 90.3375pt)
* \paperwidth=614.295pt
* \paperheight=794.96999pt
* \textwidth=433.62001pt
* \textheight=632.3625pt
* \oddsidemargin=18.0675pt
* \evensidemargin=18.0675pt
* \topmargin=-31.8738pt
* \headheight=12.0pt
* \headsep=19.8738pt
* \topskip=12.0pt
* \footskip=30.0pt
* \marginparwidth=47.0pt
* \marginparsep=7.0pt
* \columnsep=10.0pt
* \skip\footins=10.8pt plus 4.0pt minus 2.0pt
* \hoffset=0.0pt
* \voffset=0.0pt
* \mag=1000
* \@twocolumnfalse
* \@twosidefalse
* \@mparswitchfalse
* \@reversemarginfalse
* (1in=72.27pt=25.4mm, 1cm=28.453pt)

\c@lstlisting=\count121
("C:\Program Files (x86)\MiKTeX 2.9\tex\context\base\supp-pdf.mkii"
[Loading MPS to PDF converter (version 2006.09.02).]
\scratchcounter=\count122
\scratchdimen=\dimen145
\scratchbox=\box35
\nofMPsegments=\count123
\nofMParguments=\count124
\everyMPshowfont=\toks27
\MPscratchCnt=\count125
\MPscratchDim=\dimen146
\MPnumerator=\count126
\everyMPtoPDFconversion=\toks28
) <../Figures/afitlogo.pdf, id=1, 614.295pt x 794.97pt>
File: ../Figures/afitlogo.pdf Graphic file (type pdf)

<use ../Figures/afitlogo.pdf>
LaTeX Font Info:    Try loading font information for U+msa on input line 11.

("C:\Program Files (x86)\MiKTeX 2.9\tex\latex\amsfonts\umsa.fd"
File: umsa.fd 2009/06/22 v3.00 AMS symbols A
)
LaTeX Font Info:    Try loading font information for U+msb on input line 11.

("C:\Program Files (x86)\MiKTeX 2.9\tex\latex\amsfonts\umsb.fd"
File: umsb.fd 2009/06/22 v3.00 AMS symbols B
) [1



{C:/ProgramData/MiKTeX/2.9/pdftex/config/pdftex.map} <L:/Thesis-Dissertation/Th
eses/Templates/LaTeX thesis template and samples/AFIT Thesis Primer 2014/Figure
s/afitlogo.pdf>] [1] [1

] [3]
("L:\Thesis-Dissertation\Theses\Templates\LaTeX thesis template and samples\AFI
T Thesis Primer 2014\ThesisWithBibliography\Front/abstract.tex" [4])
("L:\Thesis-Dissertation\Theses\Templates\LaTeX thesis template and samples\AFI
T Thesis Primer 2014\ThesisWithBibliography\myFirstBibTex.toc")
\tf@toc=\write4
 [5

]
("L:\Thesis-Dissertation\Theses\Templates\LaTeX thesis template and samples\AFI
T Thesis Primer 2014\ThesisWithBibliography\myFirstBibTex.lof")
\tf@lof=\write5
 [6

]
("L:\Thesis-Dissertation\Theses\Templates\LaTeX thesis template and samples\AFI
T Thesis Primer 2014\ThesisWithBibliography\Front/preface.tex") [7

]
Chapter I.

("L:\Thesis-Dissertation\Theses\Templates\LaTeX thesis template and samples\AFI
T Thesis Primer 2014\ThesisWithBibliography\chapter01/mySetup.tex"
LaTeX Font Info:    Try loading font information for OML+cmr on input line 16.

("C:\Program Files (x86)\MiKTeX 2.9\tex\latex\base\omlcmr.fd"
File: omlcmr.fd 1999/05/25 v2.5h Standard LaTeX font definitions
)
LaTeX Font Info:    Font shape `OML/cmr/m/n' in size <12> not available
(Font)              Font shape `OML/cmm/m/it' tried instead on input line 16.
 [1


])
<../Figures/myFirstLaTeXCursor.png, id=44, 1445.4pt x 903.375pt>
File: ../Figures/myFirstLaTeXCursor.png Graphic file (type png)

<use ../Figures/myFirstLaTeXCursor.png>
("L:\Thesis-Dissertation\Theses\Templates\LaTeX thesis template and samples\AFI
T Thesis Primer 2014\ThesisWithBibliography\chapter01/startSimple.tex" [2 <L:/T
hesis-Dissertation/Theses/Templates/LaTeX thesis template and samples/AFIT Thes
is Primer 2014/Figures/myFirstLaTeXCursor.png (PNG copy)>]
LaTeX Font Info:    Try loading font information for OMS+cmr on input line 20.

("C:\Program Files (x86)\MiKTeX 2.9\tex\latex\base\omscmr.fd"
File: omscmr.fd 1999/05/25 v2.5h Standard LaTeX font definitions
)
LaTeX Font Info:    Font shape `OMS/cmr/bx/n' in size <12> not available
(Font)              Font shape `OMS/cmsy/b/n' tried instead on input line 20.
)
<../Figures/myFirstLaTeXafit.png, id=49, 1445.4pt x 903.375pt>
File: ../Figures/myFirstLaTeXafit.png Graphic file (type png)

<use ../Figures/myFirstLaTeXafit.png>
("L:\Thesis-Dissertation\Theses\Templates\LaTeX thesis template and samples\AFI
T Thesis Primer 2014\ThesisWithBibliography\chapter01/addStyle.tex" [3 <L:/Thes
is-Dissertation/Theses/Templates/LaTeX thesis template and samples/AFIT Thesis 
Primer 2014/Figures/myFirstLaTeXafit.png (PNG copy)>])
("L:\Thesis-Dissertation\Theses\Templates\LaTeX thesis template and samples\AFI
T Thesis Primer 2014\ThesisWithBibliography\chapter01/addFrontMatter.tex"
LaTeX Font Info:    Font shape `OMS/cmr/m/n' in size <12> not available
(Font)              Font shape `OMS/cmsy/m/n' tried instead on input line 10.

Overfull \hbox (56.07857pt too wide) in paragraph at lines 8--27
[][] 
 []

[4]) <../Figures/titlePage.png, id=59, 568.1225pt x 774.895pt>
File: ../Figures/titlePage.png Graphic file (type png)

<use ../Figures/titlePage.png>
<../Figures/myFlypage.png, id=61, 1445.4pt x 903.375pt>
File: ../Figures/myFlypage.png Graphic file (type png)

<use ../Figures/myFlypage.png>
("L:\Thesis-Dissertation\Theses\Templates\LaTeX thesis template and samples\AFI
T Thesis Primer 2014\ThesisWithBibliography\chapter01/addAbstract.tex" [5]
[6 <L:/Thesis-Dissertation/Theses/Templates/LaTeX thesis template and samples/A
FIT Thesis Primer 2014/Figures/titlePage.png>]
Overfull \hbox (4.8052pt too wide) in paragraph at lines 15--15
[]    \OT1/cmtt/m/n/12 Midwave Infrared Imaging Fourier Transform Spectrometry 
analysis of[] 
 []

) <../Figures/myFirstAbstract.png, id=70, 1445.4pt x 903.375pt>
File: ../Figures/myFirstAbstract.png Graphic file (type png)

<use ../Figures/myFirstAbstract.png>
("L:\Thesis-Dissertation\Theses\Templates\LaTeX thesis template and samples\AFI
T Thesis Primer 2014\ThesisWithBibliography\chapter01/addMoreFrontMatter.tex"
[7 <L:/Thesis-Dissertation/Theses/Templates/LaTeX thesis template and samples/A
FIT Thesis Primer 2014/Figures/myFlypage.png (PNG copy)>]

LaTeX Warning: Citation `AFITStyle' on page 8 undefined on input line 25.

[8 <L:/Thesis-Dissertation/Theses/Templates/LaTeX thesis template and samples/A
FIT Thesis Primer 2014/Figures/myFirstAbstract.png (PNG copy)>])
<../Figures/myFigures.png, id=77, 503.8825pt x 732.7375pt>
File: ../Figures/myFigures.png Graphic file (type png)

<use ../Figures/myFigures.png>
("L:\Thesis-Dissertation\Theses\Templates\LaTeX thesis template and samples\AFI
T Thesis Primer 2014\ThesisWithBibliography\chapter01/addFirstResults.tex"
[9] [10 <L:/Thesis-Dissertation/Theses/Templates/LaTeX thesis template and samp
les/AFIT Thesis Primer 2014/Figures/myFigures.png>])
("L:\Thesis-Dissertation\Theses\Templates\LaTeX thesis template and samples\AFI
T Thesis Primer 2014\ThesisWithBibliography\chapter01/addMainMatter.tex"
[11]
Overfull \hbox (23.33022pt too wide) in paragraph at lines 90--90
[]                \OT1/cmtt/m/n/12 \section{Add figures to the main matter and 
start writing}[] 
 []

) <../Figures/myFirstFigures.png, id=89, 1445.4pt x 903.375pt>
File: ../Figures/myFirstFigures.png Graphic file (type png)

<use ../Figures/myFirstFigures.png> [12] [13 <L:/Thesis-Dissertation/Theses/Tem
plates/LaTeX thesis template and samples/AFIT Thesis Primer 2014/Figures/myFirs
tFigures.png (PNG copy)>]
Chapter II.

("L:\Thesis-Dissertation\Theses\Templates\LaTeX thesis template and samples\AFI
T Thesis Primer 2014\ThesisWithBibliography\chapter02/intro.tex")
("L:\Thesis-Dissertation\Theses\Templates\LaTeX thesis template and samples\AFI
T Thesis Primer 2014\ThesisWithBibliography\chapter02/lists.tex" [14

] [15])
("L:\Thesis-Dissertation\Theses\Templates\LaTeX thesis template and samples\AFI
T Thesis Primer 2014\ThesisWithBibliography\chapter02/environments.tex"
[16])
("L:\Thesis-Dissertation\Theses\Templates\LaTeX thesis template and samples\AFI
T Thesis Primer 2014\ThesisWithBibliography\chapter02/conclusion.tex") [17]
[18]
Chapter III.

LaTeX Warning: Citation `AFITStyle' on page 19 undefined on input line 56.


LaTeX Warning: Citation `dumBook' on page 19 undefined on input line 56.


LaTeX Warning: Citation `dumArticle' on page 19 undefined on input line 56.

[19

]
("L:\Thesis-Dissertation\Theses\Templates\LaTeX thesis template and samples\AFI
T Thesis Primer 2014\ThesisWithBibliography\myFirstBibTex.bbl") [20


]
("L:\Thesis-Dissertation\Theses\Templates\LaTeX thesis template and samples\AFI
T Thesis Primer 2014\ThesisWithBibliography\myFirstBibTex.aux")

LaTeX Warning: There were undefined references.


LaTeX Warning: Label(s) may have changed. Rerun to get cross-references right.

 ) 
Here is how much of TeX's memory you used:
 5424 strings out of 494053
 84555 string characters out of 3146175
 148844 words of memory out of 3000000
 8548 multiletter control sequences out of 15000+200000
 13655 words of font info for 52 fonts, out of 3000000 for 9000
 715 hyphenation exceptions out of 8191
 43i,9n,40p,494b,1111s stack positions out of 5000i,500n,10000p,200000b,50000s
<C:/Program Files (x86)/MiKTeX 2.9/fonts/type1/public/amsfonts/cm/cmbsy10.pfb
><C:/Program Files (x86)/MiKTeX 2.9/fonts/type1/public/amsfonts/cm/cmbx10.pfb><
C:/Program Files (x86)/MiKTeX 2.9/fonts/type1/public/amsfonts/cm/cmbx12.pfb><C:
/Program Files (x86)/MiKTeX 2.9/fonts/type1/public/amsfonts/cm/cmbx8.pfb><C:/Pr
ogram Files (x86)/MiKTeX 2.9/fonts/type1/public/amsfonts/cm/cmbxsl10.pfb><C:/Pr
ogram Files (x86)/MiKTeX 2.9/fonts/type1/public/amsfonts/cm/cmbxti10.pfb><C:/Pr
ogram Files (x86)/MiKTeX 2.9/fonts/type1/public/amsfonts/cm/cmmi12.pfb><C:/Prog
ram Files (x86)/MiKTeX 2.9/fonts/type1/public/amsfonts/cm/cmr10.pfb><C:/Program
 Files (x86)/MiKTeX 2.9/fonts/type1/public/amsfonts/cm/cmr12.pfb><C:/Program Fi
les (x86)/MiKTeX 2.9/fonts/type1/public/amsfonts/cm/cmr7.pfb><C:/Program Files 
(x86)/MiKTeX 2.9/fonts/type1/public/amsfonts/cm/cmr8.pfb><C:/Program Files (x86
)/MiKTeX 2.9/fonts/type1/public/amsfonts/cm/cmssbx10.pfb><C:/Program Files (x86
)/MiKTeX 2.9/fonts/type1/public/amsfonts/cm/cmsy10.pfb><C:/Program Files (x86)/
MiKTeX 2.9/fonts/type1/public/amsfonts/cm/cmti12.pfb><C:/Program Files (x86)/Mi
KTeX 2.9/fonts/type1/public/amsfonts/cm/cmtt12.pfb>
Output written on myFirstBibTex.pdf (28 pages, 2459885 bytes).
PDF statistics:
 166 PDF objects out of 1000 (max. 8388607)
 0 named destinations out of 1000 (max. 500000)
 41 words of extra memory for PDF output out of 10000 (max. 10000000)

