 *******************************************************************************
 *                                                                             *
 *                                 SCALE 6.2.2                                 *
 *                                -------------                                *
 *                                 March 2018                                  *
 *                                                                             *
 *           SCALE:  A Comprehensive Modeling and Simulation Suite             *
 *                   for Nuclear Safety Analysis and Design                    *
 *                                                                             *
 *                      Reactor and Nuclear Systems Division                   *
 *                        Oak Ridge National Laboratory                        *
 *                                                                             *
 *                           http://scale.ornl.gov                             *
 *                            scalehelp@ornl.gov                               *
 *                                                                             *
 *******************************************************************************
 *******************************************************************************
      
                  Job Information
                  ---------------
      Job started on NICK on Mon 05/03/2018 19:39:19
      Working directory: C:\Users\nickq\AppData\Local\Temp\scale.nickq.17748
      Input file name  : C:\Users\nickq\Documents\AFIT_Masters\NIF_ETA\Scale\Examples\monaco.howitzer.inp
      Output file name : C:\Users\nickq\Documents\AFIT_Masters\NIF_ETA\Scale\Examples\monaco.howitzer.out
      SCALE executable : C:\SCALE-6.2.2/bin/scale
      
 *******************************************************************************
The following data cards precede an = card
      '#TestRuntime# 360
      '#TestGrep# -i "erro[r]" ${OUTPUTFILENAME} | ${GREP} -v "[W]arnings and [E]rrors"
      '#TestGrep# "SCALE is finishe[d]" ${OUTPUTFILENAME} | ${AWK} "{print $1,$2,$3}"
      '#TestGrep# "is finishe[d]\." ${OUTPUTFILENAME} | ${AWK} "{print $1,$2,$3,$4,$5,$6,$7}"
      '#TestGrep# ".*\(\.dso\|\macroMixTable\|\.txt\|\.3dmap\|\.mim\|\.msm\|\.chart\|\.dff\|\.inp\|\.msl\) copied t[o]" ${OUTPUTFILENAME} | ${AWK} "{print $1,$2,$3}" | grep -v ".png" | grep -v ".ps"
      '#TestAwk# "/Warnings [\(]/,/\*\*\*\*\*\*/" ${OUTPUTFILENAME} | ${GREP} -v "repeated"
      '#TestAwk# "/Tally File[s]/,/Final Tally Results Summary/" ${OUTPUTFILENAME}
      '#TestGrep# "Neutron Region Tally [1]" ${OUTPUTFILENAME}
      '#TestGrep# "total flux (tl)  [ ]" ${OUTPUTFILENAME} | ${AWK} -v d="+ or -" -v std="TestNumStdDeviations 10" "{ print $1,$2,$3,$4,d,$5,std }"
      '#TestGrep# "total flux (cd)  [ ]" ${OUTPUTFILENAME} | ${AWK} -v d="+ or -" -v std="TestNumStdDeviations 10" "{ print $1,$2,$3,$4,d,$5,std }"
      '#TestGrep# "response 1       [ ]" ${OUTPUTFILENAME} | ${AWK} -v d="+ or -" -v std="TestNumStdDeviations 10" "{ print $1,$2,$3,d,$4,std }"
      '===============================================================================
      ' Generate the Cross Sections 
      '===============================================================================


    module csas-mg will be called on Mon Mar 05 19:39:19 2018.
    sequence specification record:=csas-mg
Input Data:

      Materials for Monaco/MAVRIC Training - Exercise Problem 1.
      v7-27n19g
      read composition
          h2o         1 1.0 293.0 end
          plexiglass  2 1.0 293.0 end
          au          3 1.0 293.0 end
      end composition
end

------------------------------------------------------------------------------------
 Mixture table for component comps at line:19, column:1
------------------------------------------------------------------------------------
Mixture = 1 with density(g/cc) = 0.9982 and temperature(K) = 293.00
        Entry      Mixture      Nuclide     Density (atoms/b-cm)     Temperature (K)
------------------------------------------------------------------------------------
            1            1         1001            6.672788e-002              293.00
            2            1         1002            7.674586e-006              293.00
            3            1         8016            3.328669e-002              293.00
            4            1         8017            1.267975e-005              293.00
            5            1         8018            6.840393e-005              293.00
------------------------------------------------------------------------------------
Mixture = 2 with density(g/cc) = 1.1800 and temperature(K) = 293.00
        Entry      Mixture      Nuclide     Density (atoms/b-cm)     Temperature (K)
------------------------------------------------------------------------------------
            6            2         1001            5.677659e-002              293.00
            7            2         1002            6.530058e-006              293.00
            8            2         6012            3.510971e-002              293.00
            9            2         6013            3.797371e-004              293.00
           10            2         8016            1.416128e-002              293.00
           11            2         8017            5.394396e-006              293.00
           12            2         8018            2.910134e-005              293.00
------------------------------------------------------------------------------------
Mixture = 3 with density(g/cc) = 18.8800 and temperature(K) = 293.00
        Entry      Mixture      Nuclide     Density (atoms/b-cm)     Temperature (K)
------------------------------------------------------------------------------------
           13            3        79197            5.772453e-002              293.00
------------------------------------------------------------------------------------
        Entry      Mixture      Nuclide     Density (atoms/b-cm)     Temperature (K)
------------------------------------------------------------------------------------
 End of mixture table for component comps at line:19, column:1
------------------------------------------------------------------------------------

XSProc built mixture pool in: 0.05 seconds.

XSProc built celldata pool in: 0.00 seconds.




************************************************************************************************************************************
************************************************************************************************************************************
************************************************************************************************************************************
*****                                                                                                                          *****
*****                                             program verification information                                             *****
*****                                                                                                                          *****
*****                                           code system: SCALE   version: 6.2.0                                            *****
*****                                                                                                                          *****
************************************************************************************************************************************
************************************************************************************************************************************
*****                                                                                                                          *****
*****                                                                                                                          *****
*****                      program:  csas-mg                                                                                   *****
*****                                                                                                                          *****
*****                      version:  6.2.2 (602002)                                                                            *****
*****                                                                                                                          *****
*****                     username:  nickq                                                                                     *****
*****                                                                                                                          *****
*****                     hostname:  NICK                                                                                      *****
*****                                                                                                                          *****
*****                                                                                                                          *****
*****            date of execution:  2018-03-05                                                                                *****
*****                                                                                                                          *****
*****            time of execution:  19:39:19                                                                                  *****
*****                                                                                                                          *****
************************************************************************************************************************************
************************************************************************************************************************************
************************************************************************************************************************************



Loaded MG Library: C:/SCALE-6.2.2/data\scale.rev10.xn27g19v7.0
***Warning: Nuclide 8018 is missing cross sections. Introducing zero cross sections.
XSProc loaded ampx library in: 0.37 seconds.

Loaded MultiGroup Library: C:/SCALE-6.2.2/data\scale.rev10.xn27g19v7.0
XSProc prepared 3 unit cells in 0.01 seconds.

XSProc starting module Dancoff.

 Dancoff Module Problem Description
 ige--geometry type(0/1/2/3--inf med/slab/cyl/sphere)                         0
 izm--number of zones or material regions                                     1
 igo--celltype                                                                1
 ibr--right boundary condition (0/1/2/3--vacuum/reflected/periodic/white)     0
 ibl--left  boundary condition (0/1/2/3--vacuum/reflected/periodic/white)     0
XSProc execution of module Dancoff completed.
XSProc starting module Bonami.
XSProc execution of module Bonami completed.
XSProc starting module MixMacros.
XSProc execution of module MixMacros completed.
XSProc starting module Dancoff.

 Dancoff Module Problem Description
 ige--geometry type(0/1/2/3--inf med/slab/cyl/sphere)                         0
 izm--number of zones or material regions                                     1
 igo--celltype                                                                1
 ibr--right boundary condition (0/1/2/3--vacuum/reflected/periodic/white)     0
 ibl--left  boundary condition (0/1/2/3--vacuum/reflected/periodic/white)     0
XSProc execution of module Dancoff completed.
XSProc starting module Bonami.
XSProc execution of module Bonami completed.
XSProc starting module MixMacros.
XSProc execution of module MixMacros completed.
XSProc starting module Dancoff.

 Dancoff Module Problem Description
 ige--geometry type(0/1/2/3--inf med/slab/cyl/sphere)                         0
 izm--number of zones or material regions                                     1
 igo--celltype                                                                1
 ibr--right boundary condition (0/1/2/3--vacuum/reflected/periodic/white)     0
 ibl--left  boundary condition (0/1/2/3--vacuum/reflected/periodic/white)     0
XSProc execution of module Dancoff completed.
XSProc starting module Bonami.
XSProc execution of module Bonami completed.
XSProc starting module MixMacros.
XSProc execution of module MixMacros completed.
module xsproc is finished. completion code 0.
The following data cards precede an = card
      '===============================================================================
      ' Monaco functional module and title
      '===============================================================================


    module monaco will be called on Mon Mar 05 19:39:20 2018.
    sequence specification record:=monaco
Input Data:

      Monaco/MAVRIC Training - Exercise Problem 1.  Neutron Howitzer
      
      '-------------------------------------------------------------------------------
      ' Cross Section Information 
      '-------------------------------------------------------------------------------
      read crossSections
          ampxFileunit=4
          mixture 1
              element   1001 6.675146E-02
              element   8016 3.337573E-02
          end mixture
          mixture 2
              element   1001 5.678730E-02
              element   6000 3.549206E-02
              element   8016 1.419682E-02
          end mixture
          mixture 3
              element  79197 5.772470E-02
          end mixture
      end crossSections
      
      '-------------------------------------------------------------------------------
      ' Geometry Block - SCALE standard geometry package (SGGP)
      '-------------------------------------------------------------------------------
      read geometry
          global unit  1
              cylinder  1  30    35 -35
              cylinder  2  28    33 -33
              xcylinder 3   2    30  10
              xcylinder 4   2    10   5
              cuboid   11   7.501 7.500  0.5 -0.5  0.5 -0.5
      
              media  1 1   2 -3 -4
              media  2 1   1 -2 -3 
              media  2 1   3
              media  0 1   4 -11
      
              com="gold foil"
              media  3 1   11  vol=0.001
          boundary 1
      end geometry
      
      '-------------------------------------------------------------------------------
      ' Definitions Block
      '-------------------------------------------------------------------------------
      read definitions
          response 1
              title="gold macro"
              mat=3 ZAID=79197 MT=102 macro
              makeChart
          end response
      
          distribution 1
              title="Pu-Be Source Energy Spectra - from Knoll (Anderson & Neff)"
              abscissa 11.0E+06 10.5E+06 10.0E+06  9.5E+06  9.0E+06 
                        8.5E+06  8.0E+06  7.5E+06  7.0E+06  6.5E+06 
                        6.0E+06  5.5E+06  5.0E+06  4.5E+06  4.0E+06 
                        3.5E+06  3.0E+06  2.5E+06  2.0E+06  1.5E+06 
                        1.0E+06  0.5E+06  0.0E+06  end
              truePDF 2.74935E-03 7.94257E-03 1.38995E-02 8.70628E-03 1.40522E-02 
                      3.37559E-02 4.13930E-02 3.54361E-02 4.12403E-02 2.93264E-02 
                      3.89491E-02 5.97220E-02 6.76646E-02 6.56789E-02 6.41515E-02 
                      8.11059E-02 6.00275E-02 5.59035E-02 4.78082E-02 5.78891E-02 
                      8.20223E-02 9.05758E-02 end
              runSampleTest
          end distribution
      end definitions
      
      '-------------------------------------------------------------------------------
      ' Sources Block
      '-------------------------------------------------------------------------------
      read sources
          src 1
              neutrons  strength=1.377E+07	
              cuboid  0 0  0 0  0 0
              eDistributionID=1
          end src
      end sources
      
      '-------------------------------------------------------------------------------
      ' Tallies Block
      '-------------------------------------------------------------------------------
      read tallies
          regionTally 1
              neutron 
              unit=1 region=5
              responseID=1
          end regionTally
      end tallies
      
      '-------------------------------------------------------------------------------
      ' Parameters Block
      '-------------------------------------------------------------------------------
      read parameters 
          randomSeed=8650005740006085
          batches=10
          neutrons  noPhotons
          fissionMult=0  secondaryMult=0 
      
      '   speed things up for the sample problem
          perBatch=250000000
      end parameters
      
      end data
end

1






        ************************************************************************************************************************
        ************************************************************************************************************************
        ************************************************************************************************************************
        *****                                                                                                              *****
        *****                                       program verification information                                       *****
        *****                                                                                                              *****
        *****                                   code system:  SCALE    version:  6.2                                       *****
        *****                                                                                                              *****
        ************************************************************************************************************************
        ************************************************************************************************************************
        *****                                                                                                              *****
        *****                                                                                                              *****
        *****              program:  monaco.exe                                                                            *****
        *****                                                                                                              *****
        *****        creation date:   unknown                                                                              *****
        *****                                                                                                              *****
        *****              library:  C:\SCALE-6.2.2\bin                                                                    *****
        *****                                                                                                              *****
        *****                                                                                                              *****
        *****            prod code:  monaco.exe                                                                            *****
        *****                                                                                                              *****
        *****              version:  6.2.2                                                                                 *****
        *****                                                                                                              *****
        *****              jobname:  nickq                                                                                 *****
        *****                                                                                                              *****
        *****         machine name:  NICK                                                                                  *****
        *****                                                                                                              *****
        *****    date of execution:  05_mar_2018                                                                           *****
        *****                                                                                                              *****
        *****    time of execution:  19:39:20.70                                                                           *****
        *****                                                                                                              *****
        *****                                                                                                              *****
        ************************************************************************************************************************
        ************************************************************************************************************************
        ************************************************************************************************************************


 '-------------------------------------------------------------------------------

 ' Cross Section Information

 '-------------------------------------------------------------------------------

 '-------------------------------------------------------------------------------

 ' Geometry Block - SCALE standard geometry package (SGGP)

 '-------------------------------------------------------------------------------

 '-------------------------------------------------------------------------------

 ' Definitions Block

 '-------------------------------------------------------------------------------

 '-------------------------------------------------------------------------------

 ' Sources Block

 '-------------------------------------------------------------------------------

 '-------------------------------------------------------------------------------

 ' Tallies Block

 '-------------------------------------------------------------------------------

 '-------------------------------------------------------------------------------

 ' Parameters Block

 '-------------------------------------------------------------------------------

 '   speed things up for the sample problem

 '-------------------------------------------------------------------------------

 ' Definitions Block

 '-------------------------------------------------------------------------------
1                                        Monaco/MAVRIC Training - Exercise Problem 1.  Neutron Howitzer                  

                              volumes for those units utilized in this problem

                      volumes not specified in the input were set to -1.0

                                         geometry
                         unit     uses    region     mixture        total region volume (cm**3)

                           1         1       1           1         -1.00000E+00
                                             2           2         -1.00000E+00
                                             3           2         -1.00000E+00
                                             4           0         -1.00000E+00
                                             5           3          1.00000E-03



                             mixture       total mixture volume (cm**3)            total mixture mass (gm)

                                 1         0.00000E+00 +/- 0.00000E+00
                                 2         0.00000E+00 +/- 0.00000E+00
                                 3         1.00000E-03 +/- 0.00000E+00
                                          -------------                           -------------
                                           1.00000E-03                             0.00000E+00
 
  ***** warning ***** sggp message number k6-239 follows:
  The volumes for all regions are not set.
  Some region volumes are not set by input, not in the space for which volumes are calculated,
  missed by the volume calculation, or actually 0.0. For these regions, volumes are set to -1.0
  and the fluxes and fission densities are divided by -1.0 instead of the real volume.
 
 



 *******************************************************************************
 * User Input I/O                                                              *
 *     Warnings and Errors                                                     *
 *******************************************************************************
 Warnings (1):
    Target weights for all groups and all regions will be set to 1.0
 *******************************************************************************



 *******************************************************************************
 * User Input Check Routine 2                                                  *
 *     Warnings and Errors                                                     *
 *******************************************************************************
 Warnings (1):
    energyBounds 2 is not used
 *******************************************************************************



 *******************************************************************************
 * User Input Check Routine 3                                                  *
 *     Warnings and Errors                                                     *
 *******************************************************************************
 Warnings (1):
    source 1 energy distribution 1 falls below the library energy range
 *******************************************************************************



                                 cross sections read from the ampx working library on unit    4

1                                        Monaco/MAVRIC Training - Exercise Problem 1.  Neutron Howitzer                  

                                                   mixing table

                                          number of scattering angles =  3
                                      cross section message threshold = 1.0E-01


 mixture =     1          density(g/cc) = 0.99818              temperature(K) =    293.00
    nuclide    nucmix   atom-dens.   wgt. frac.     za      awt          temp               nuclide title
       1001       1    6.67515E-02  1.11915E-01    1001     1.0078       293.00     h_h2o 1 fast: h1 endf/b7 rel0 rev7 mod0          07/30/10
       8016       1    3.33757E-02  8.88085E-01    8016    15.9949       293.00     o16 825 endf/b7 rel8 rev7 mod3                   07/30/10

 mixture =     2          density(g/cc) =  1.1800              temperature(K) =    293.00
    nuclide    nucmix   atom-dens.   wgt. frac.     za      awt          temp               nuclide title
       1001       2    5.67873E-02  8.05411E-02    1001     1.0078       293.00     h_h2o 1 fast: h1 endf/b7 rel0 rev7 mod0          07/30/10
       6000       2    3.54921E-02  5.99899E-01    6000    12.0107       293.00     c 600 endf/b7 rel6 rev7 mod0                     07/30/10
       8016       2    1.41968E-02  3.19560E-01    8016    15.9949       293.00     o16 825 endf/b7 rel8 rev7 mod3                   07/30/10

 mixture =     3          density(g/cc) =  18.880              temperature(K) =    293.00
    nuclide    nucmix   atom-dens.   wgt. frac.     za      awt          temp               nuclide title
      79197       3    5.77247E-02  1.00000E+00   79197   196.9666       293.00     au197 7925 endf/b7 rel0 rev7 mod0                07/30/10



 
  ***** warning ***** sggp message number k6-222 follows:
  45 transfers for mixture 1 were corrected for bad moments.
 
  ***** warning ***** sggp message number k6-222 follows:
  41 transfers for mixture 2 were corrected for bad moments.


 Cross section preparation time: 0.016 seconds


 Review of the Monaco User Input:
     Title:   Monaco/MAVRIC Training - Exercise Problem 1.  Neutron Howitzer
     Date:    monday, march 5,2018
     Output:  monaco.howitzer

 Cross section parameters
     AMPX working library unit number      ampxFileUnit    = 4
     ICE Monte Carlo library unit number   iceFileUnit     = 0
     number of neutron groups                              = 27
     number of photon groups                               = 19
     maximum Legendre expansion order                      = 5
     cross sections are not fully coupled  (default)
     print mixture 1D cross sections       printTotals     = F
     print mixture 2D cross sections       printScatters   = F
     print angles and probabilities        printAngleProb  = F
     print fission spectrum chi            printFissionChi = F
     print extra 1D cross sections         printExtra      = F
     print Legendre coefficients           printLegendre   = F

     forward calculation                   (default)

     Energy Boundaries 1
         title: neutron multigroup energy boundaries
          group   energy (eV)
         ------  ------------
              1   2.00000E+07
              2   6.37630E+06
              3   3.01190E+06
              4   1.82680E+06
              5   1.42270E+06
              6   9.07180E+05
              7   4.07620E+05
              8   1.11090E+05
              9   1.50340E+04
             10   3.03540E+03
             11   5.82950E+02
             12   1.01300E+02
             13   2.90230E+01
             14   1.06770E+01
             15   3.05900E+00
             16   1.85540E+00
             17   1.30000E+00
             18   1.12530E+00
             19   1.00000E+00
             20   8.00000E-01
             21   4.13990E-01
             22   3.25000E-01
             23   2.25000E-01
             24   1.00000E-01
             25   5.00000E-02
             26   3.00000E-02
             27   1.00000E-02
                  1.00000E-05
         ------  ------------
     Energy Boundaries 2
         title: photon multigroup energy boundaries
          group   energy (eV)
         ------  ------------
              1   2.00000E+07
              2   1.00000E+07
              3   8.00000E+06
              4   6.50000E+06
              5   5.00000E+06
              6   4.00000E+06
              7   3.00000E+06
              8   2.50000E+06
              9   2.00000E+06
             10   1.66000E+06
             11   1.33000E+06
             12   1.00000E+06
             13   8.00000E+05
             14   6.00000E+05
             15   4.00000E+05
             16   3.00000E+05
             17   2.00000E+05
             18   1.00000E+05
             19   4.50000E+04
                  1.00000E+04
         ------  ------------
 Geometry Essentials - for SGGP geometry
     global unit number 1
     regions            5 (5)
     good regions       5

       media   mixture     index          volume (cm**3)
    --------  --------  --------  -----------------------------
           1         1         1  -1.00000E+00 +/-  0.00000E+00
           2         2         2  -1.00000E+00 +/-  0.00000E+00
           3         2         2  -1.00000E+00 +/-  0.00000E+00
           4         0         0  -1.00000E+00 +/-  0.00000E+00
           5         3         3   1.00000E-03 +/-  0.00000E+00
  
 Responses (1)
     Response 1
         title: gold macro
         A chart file has been requested
         neutron
         material=3  nuclide=79197  reaction=102
         macroscopic cross section, units of /cm
         multi-group
          9.7422086E-05  7.7062279E-04  2.3545416E-03  3.8308887E-03  4.4482468E-03
          6.2456813E-03  1.2512017E-02  2.7808247E-02  6.8906089E-02  7.9758296E-02
          8.0283237E-02  8.6642906E-02  5.3826229E-02  2.4093031E+00  2.1729501E+00
          1.5088910E+00  1.4054017E+00  1.3892565E+00  1.3955097E+00  1.5074846E+00
          1.7178611E+00  1.9229391E+00  2.4936987E+00  3.5088144E+00  4.5992650E+00
          6.4030905E+00  1.1491818E+01

 Distributions (1)
     Distribution 1 - binned histogram
         title: Pu-Be Source Energy Spectra - from Knoll (Anderson & Neff)
                normalization constant:  1.0000000E+00
         A sampling test has been requested
                   interval               true pdf     biased pdf      weight   
         ---------------------------   ------------- ------------- -------------
          1.100000E+07  1.050000E+07    2.749350E-03  2.749350E-03  1.000000E+00
          1.050000E+07  1.000000E+07    7.942570E-03  7.942570E-03  1.000000E+00
          1.000000E+07  9.500000E+06    1.389950E-02  1.389950E-02  1.000000E+00
          9.500000E+06  9.000000E+06    8.706280E-03  8.706280E-03  1.000000E+00
          9.000000E+06  8.500000E+06    1.405220E-02  1.405220E-02  1.000000E+00
          8.500000E+06  8.000000E+06    3.375590E-02  3.375590E-02  1.000000E+00
          8.000000E+06  7.500000E+06    4.139300E-02  4.139300E-02  1.000000E+00
          7.500000E+06  7.000000E+06    3.543610E-02  3.543610E-02  1.000000E+00
          7.000000E+06  6.500000E+06    4.124030E-02  4.124030E-02  1.000000E+00
          6.500000E+06  6.000000E+06    2.932640E-02  2.932640E-02  1.000000E+00
          6.000000E+06  5.500000E+06    3.894910E-02  3.894910E-02  1.000000E+00
          5.500000E+06  5.000000E+06    5.972200E-02  5.972200E-02  1.000000E+00
          5.000000E+06  4.500000E+06    6.766460E-02  6.766460E-02  1.000000E+00
          4.500000E+06  4.000000E+06    6.567890E-02  6.567890E-02  1.000000E+00
          4.000000E+06  3.500000E+06    6.415150E-02  6.415150E-02  1.000000E+00
          3.500000E+06  3.000000E+06    8.110590E-02  8.110590E-02  1.000000E+00
          3.000000E+06  2.500000E+06    6.002750E-02  6.002750E-02  1.000000E+00
          2.500000E+06  2.000000E+06    5.590350E-02  5.590350E-02  1.000000E+00
          2.000000E+06  1.500000E+06    4.780820E-02  4.780820E-02  1.000000E+00
          1.500000E+06  1.000000E+06    5.788910E-02  5.788910E-02  1.000000E+00
          1.000000E+06  5.000000E+05    8.202230E-02  8.202230E-02  1.000000E+00
          5.000000E+05  0.000000E+00    9.057580E-02  9.057580E-02  1.000000E+00
         ---------------------------   ------------- ------------- -------------
     Distribution Sampling Test 
         Distribution 1 - binned histogram
         title: Pu-Be Source Energy Spectra - from Knoll (Anderson & Neff)
                abscissa      true pdf    sampled pdf 
             ------------- ------------- -------------
              5.500000E+04  1.811516E-07  1.818818E-07
              1.650000E+05  1.811516E-07  1.796182E-07
              2.750000E+05  1.811516E-07  1.824727E-07
              3.850000E+05  1.811516E-07  1.811727E-07
              4.950000E+05  1.811516E-07  1.731000E-07
              6.050000E+05  1.640446E-07  1.644636E-07
              7.150000E+05  1.640446E-07  1.648182E-07
              8.250000E+05  1.640446E-07  1.650909E-07
              9.350000E+05  1.640446E-07  1.637727E-07
              1.045000E+06  1.157782E-07  1.205818E-07
              1.155000E+06  1.157782E-07  1.150545E-07
              1.265000E+06  1.157782E-07  1.154636E-07
              1.375000E+06  1.157782E-07  1.158545E-07
              1.485000E+06  1.157782E-07  1.067636E-07
              1.595000E+06  9.561640E-08  9.600909E-08
              1.705000E+06  9.561640E-08  9.520000E-08
              1.815000E+06  9.561640E-08  9.523636E-08
              1.925000E+06  9.561640E-08  9.709091E-08
              2.035000E+06  1.118070E-07  1.080909E-07
              2.145000E+06  1.118070E-07  1.111818E-07
              2.255000E+06  1.118070E-07  1.118000E-07
              2.365000E+06  1.118070E-07  1.107909E-07
              2.475000E+06  1.118070E-07  1.136364E-07
              2.585000E+06  1.200550E-07  1.203636E-07
              2.695000E+06  1.200550E-07  1.187818E-07
              2.805000E+06  1.200550E-07  1.203000E-07
              2.915000E+06  1.200550E-07  1.198545E-07
              3.025000E+06  1.622118E-07  1.511455E-07
              3.135000E+06  1.622118E-07  1.623091E-07
              3.245000E+06  1.622118E-07  1.632818E-07
              3.355000E+06  1.622118E-07  1.615273E-07
              3.465000E+06  1.622118E-07  1.569545E-07
              3.575000E+06  1.283030E-07  1.280909E-07
              3.685000E+06  1.283030E-07  1.297909E-07
              3.795000E+06  1.283030E-07  1.273727E-07
              3.905000E+06  1.283030E-07  1.297636E-07
              4.015000E+06  1.313578E-07  1.300182E-07
              4.125000E+06  1.313578E-07  1.317727E-07
              4.235000E+06  1.313578E-07  1.317000E-07
              4.345000E+06  1.313578E-07  1.318455E-07
              4.455000E+06  1.313578E-07  1.330727E-07
              4.565000E+06  1.353292E-07  1.353727E-07
              4.675000E+06  1.353292E-07  1.341727E-07
              4.785000E+06  1.353292E-07  1.348818E-07
              4.895000E+06  1.353292E-07  1.330545E-07
              5.005000E+06  1.194440E-07  1.268909E-07
              5.115000E+06  1.194440E-07  1.208455E-07
              5.225000E+06  1.194440E-07  1.203455E-07
              5.335000E+06  1.194440E-07  1.192364E-07
              5.445000E+06  1.194440E-07  1.189455E-07
              5.555000E+06  7.789820E-08  7.802727E-08
              5.665000E+06  7.789820E-08  7.795455E-08
              5.775000E+06  7.789820E-08  7.770000E-08
              5.885000E+06  7.789820E-08  7.721818E-08
              5.995000E+06  7.789820E-08  6.926364E-08
              6.105000E+06  5.865280E-08  5.901818E-08
              6.215000E+06  5.865280E-08  6.006364E-08
              6.325000E+06  5.865280E-08  6.033636E-08
              6.435000E+06  5.865280E-08  5.802727E-08
              6.545000E+06  8.248060E-08  7.910909E-08
              6.655000E+06  8.248060E-08  8.140909E-08
              6.765000E+06  8.248060E-08  8.220000E-08
              6.875000E+06  8.248060E-08  8.072727E-08
              6.985000E+06  8.248060E-08  7.908182E-08
              7.095000E+06  7.087220E-08  7.120909E-08
              7.205000E+06  7.087220E-08  7.184545E-08
              7.315000E+06  7.087220E-08  7.049091E-08
              7.425000E+06  7.087220E-08  6.947273E-08
              7.535000E+06  8.278600E-08  8.019091E-08
              7.645000E+06  8.278600E-08  8.264545E-08
              7.755000E+06  8.278600E-08  8.129091E-08
              7.865000E+06  8.278600E-08  8.390909E-08
              7.975000E+06  8.278600E-08  7.984545E-08
              8.085000E+06  6.751180E-08  6.736364E-08
              8.195000E+06  6.751180E-08  6.880909E-08
              8.305000E+06  6.751180E-08  6.666364E-08
              8.415000E+06  6.751180E-08  6.754545E-08
              8.525000E+06  2.810440E-08  3.806364E-08
              8.635000E+06  2.810440E-08  2.753636E-08
              8.745000E+06  2.810440E-08  2.846364E-08
              8.855000E+06  2.810440E-08  2.802727E-08
              8.965000E+06  2.810440E-08  2.676364E-08
              9.075000E+06  1.741256E-08  1.724545E-08
              9.185000E+06  1.741256E-08  1.737273E-08
              9.295000E+06  1.741256E-08  1.755455E-08
              9.405000E+06  1.741256E-08  1.762727E-08
              9.515000E+06  2.779900E-08  2.413636E-08
              9.625000E+06  2.779900E-08  2.778182E-08
              9.735000E+06  2.779900E-08  2.700000E-08
              9.845000E+06  2.779900E-08  2.825455E-08
              9.955000E+06  2.779900E-08  2.774545E-08
              1.006500E+07  1.588514E-08  1.600909E-08
              1.017500E+07  1.588514E-08  1.547273E-08
              1.028500E+07  1.588514E-08  1.575455E-08
              1.039500E+07  1.588514E-08  1.572727E-08
              1.050500E+07  5.498700E-09  1.001818E-08
              1.061500E+07  5.498700E-09  5.881818E-09
              1.072500E+07  5.498700E-09  5.445455E-09
              1.083500E+07  5.498700E-09  5.272727E-09
              1.094500E+07  5.498700E-09  5.500000E-09
             ------------- ------------- -------------

 Energy Boundaries (2)
     Energy Boundaries 1
         title: neutron multigroup energy boundaries
          group   energy (eV)
         ------  ------------
              1   2.00000E+07
              2   6.37630E+06
              3   3.01190E+06
              4   1.82680E+06
              5   1.42270E+06
              6   9.07180E+05
              7   4.07620E+05
              8   1.11090E+05
              9   1.50340E+04
             10   3.03540E+03
             11   5.82950E+02
             12   1.01300E+02
             13   2.90230E+01
             14   1.06770E+01
             15   3.05900E+00
             16   1.85540E+00
             17   1.30000E+00
             18   1.12530E+00
             19   1.00000E+00
             20   8.00000E-01
             21   4.13990E-01
             22   3.25000E-01
             23   2.25000E-01
             24   1.00000E-01
             25   5.00000E-02
             26   3.00000E-02
             27   1.00000E-02
                  1.00000E-05
         ------  ------------
     Energy Boundaries 2
         title: photon multigroup energy boundaries
          group   energy (eV)
         ------  ------------
              1   2.00000E+07
              2   1.00000E+07
              3   8.00000E+06
              4   6.50000E+06
              5   5.00000E+06
              6   4.00000E+06
              7   3.00000E+06
              8   2.50000E+06
              9   2.00000E+06
             10   1.66000E+06
             11   1.33000E+06
             12   1.00000E+06
             13   8.00000E+05
             14   6.00000E+05
             15   4.00000E+05
             16   3.00000E+05
             17   2.00000E+05
             18   1.00000E+05
             19   4.50000E+04
                  1.00000E+04
         ------  ------------

 Time Boundaries(1)
     Time Boundaries 1
         title: trivial time bounds - covers all time
            bin    time (sec)
         ------  ------------
              1   0.00000E+00
                  1.00000E+06
         ------  ------------

 Sources (1)
     Source specification: 1
         title:    
         strength: 1.3770000E+07 particles/sec
         sample:   1.0000000E+00
         energy dependence: 
             particle: neutron 
             energy distribution: 1
         spatial dependence: 
             volume of 0.000000E+00 cm**3
             cuboid: x from  0.00000E+00 to  0.00000E+00
                     y from  0.00000E+00 to  0.00000E+00
                     z from  0.00000E+00 to  0.00000E+00
             x distribution is uniform (default) 
             y distribution is uniform (default) 
             z distribution is uniform (default) 
         directional dependence:
             isotropic (default)

 Region Tallies (1)
     Region Tally 1 (neutron)
         tally limited to unit: 1
         tally limited to region: 5
         tally limited to media: 5
         energyBounds:    1 with 27 groups
         timeBounds:      1 with 1 bins
         volume (cm**3)    1.0000000E-03
         using responses: 1
         multiplier:         1.0000000E+00

 Parameters
     initial random seed                   randomSeed      = 8650005740006085
     histories per batch                   perBatch        = 250000000
     batches of histories                  batches         = 10
     maximum run time (minutes)            maxMinutes      = 1.00000E+07
     maximum number of lost particles      maximumLost     = 10
     doppler broadening mode               db_xs_mode      = 0
     neutron transport is on               neutron
     photon transport is off               noPhoton
     fission multiplicty                   fissionMult     = 0     (no multiplication)
     secondary multiplicty                 secondaryMult   = 0     (no multiplication)
     stop if importance map is short       (default)
     forward calculation                   (default)
     do not dump collision points          (default)
     debugBatch                            debugBatch      = 0
     debugHistory                          debugHistory    = 0
     debugBloops                           debugBloops     = -1
     debugBloopMax                         debugBloopMax   = 0
     do not debugVerbose                   (default)
     check weight at birth                 (default)
     do not use void in all regions        (default)

 Biasing Parameters
     roulette for low weights   T
     splitting for high weights T
     forced collisions          F
     path length stretching     F
     energy structure           27n/19p
     using default weight windows to match problem
     size of lower weights      46 groups by 5 regions
     size of target weights     46 groups by 5 regions
     size of upper weights      46 groups by 5 regions
     no angular biasing                                
  
 Target Weight Window Values
     standard biasing minimum      1.0000000E+00
     standard biasing maximum      1.0000000E+00
     ratio of minumum/maximum      1.0000000E+00



 Starting the Monte Carlo game with 8650005740006085

     batch    batches        batch time   elapsed time      next randomSeed
     ----------------     -------------  -------------     ----------------
