ETA Experiment with Modeled values
  129   10    1    0    1
   0.00500   9.00000   0.03000   0.00100
   0.0000000   0   0 1.00000000E+00   1.0000000
ZR902    4.344E-14 0.020       0.00       0.00        (    )
NI582    1.534E-15 0.020       0.00       0.00        (    )
NI58P    5.357E-14 0.020       0.00       0.00        (    )
AU1972   1.538E-13 0.020       0.00       0.00        (    )
AU197G   5.289E-14 0.020       0.00 AUNG  3.94 IFX    (ISTP)
IN115N   5.293E-14 0.020       0.00       0.00        (    )
IN115G   7.135E-14 0.020       0.00 INNG 39.37 IFX    (ISTP)
AL27A    9.088E-15 0.020       0.00       0.00        (    )
W186G    2.044E-14 0.020       0.00 WWNG 39.37 IFX    (ISTP)
MN55G    2.025E-15 0.020       0.00 MNNG 39.37 IFX    (ISTP)
Flux Uncertainty
 129
 1.1773E+00 1.3694E+00 1.2836E+00 1.2529E+00 1.2535E+00 1.2252E+00 1.2288E+00
 1.2238E+00 1.2394E+00 1.1663E+00 1.1458E+00 1.1171E+00 1.0846E+00 1.0474E+00
 9.6564E-01 8.4177E-01 6.7143E-01 4.3542E-01 1.4104E-01 1.2535E-01 1.1097E-01
 1.0187E-01 9.6530E-02 9.3776E-02 9.6782E-02 8.7849E-02 8.6662E-02 7.5304E-02
 7.7414E-02 7.1221E-02 6.6066E-02 4.9538E-02 4.4046E-02 4.0478E-02 3.6218E-02
 3.1274E-02 3.1340E-02 3.2656E-02 3.4237E-02 3.3536E-02 3.4055E-02 3.3984E-02
 3.3380E-02 3.3069E-02 3.4888E-02 3.4835E-02 3.2143E-02 3.5129E-02 3.3641E-02
 3.4710E-02 3.1530E-02 3.1842E-02 3.1595E-02 3.1003E-02 3.0909E-02 3.0755E-02
 2.9905E-02 2.9215E-02 2.9041E-02 2.8878E-02 2.8803E-02 2.8628E-02 2.8538E-02
 2.9732E-02 2.8977E-02 2.9022E-02 2.9007E-02 2.9475E-02 2.9015E-02 3.0595E-02
 3.3708E-02 3.1688E-02 3.0427E-02 2.8725E-02 2.9990E-02 3.1592E-02 3.3435E-02
 3.3871E-02 3.6691E-02 3.9913E-02 3.9690E-02 3.7355E-02 3.5397E-02 3.4176E-02
 3.3009E-02 3.1786E-02 3.0363E-02 3.3435E-02 3.9329E-02 4.5076E-02 5.0276E-02
 5.5150E-02 5.6317E-02 5.6708E-02 5.6335E-02 5.6429E-02 5.6530E-02 5.6611E-02
 5.6788E-02 5.6899E-02 5.7215E-02 5.6913E-02 5.5551E-02 5.4302E-02 5.3071E-02
 5.1852E-02 5.0589E-02 4.6334E-02 4.6364E-02 4.9318E-01 4.1022E-01 2.7907E-01
 4.3080E-01 3.1255E-01 4.3766E-01 9.1258E-01 4.4721E-01 3.7944E-01 4.0754E-01
 4.3418E-01 3.6148E-01 6.0916E-01 4.2275E-01 3.2690E-01 4.9368E-01 4.4790E-01
 4.8950E-01 5.9112E-01 6.3759E-01
Input Flux Spectrum
 129   1 1.000E+00 2.000E+01 5.000E-08
 0.0000E+00 3.7799E+02 1.5297E+03 6.7055E+03 8.2530E+03 1.4200E+04 3.2013E+04
 5.3453E+04 7.5461E+04 9.6507E+04 1.3153E+05 1.3043E+05 1.1301E+05 5.0068E+05
 4.3025E+05 4.5032E+05 6.9017E+05 1.0944E+06 8.9964E+05 1.6276E+06 2.4295E+06
 2.9516E+06 3.1068E+06 2.5375E+06 2.0925E+06 3.0479E+06 3.4332E+06 2.0113E+06
 2.1742E+06 4.3566E+06 6.4538E+06 5.6297E+06 8.9335E+06 1.2572E+07 2.5267E+07
 2.9482E+07 3.7327E+07 7.9032E+07 8.8867E+07 1.8608E+08 2.2697E+08 4.1162E+08
 4.4300E+08 6.0209E+08 1.1770E+09 1.6801E+09 1.2839E+09 2.5872E+09 3.1696E+09
 6.2655E+09 5.0688E+09 7.6971E+09 6.4256E+09 8.3134E+09 7.6568E+09 9.0000E+09
 9.6892E+09 7.6140E+09 1.0806E+10 1.0391E+10 1.1571E+10 1.1865E+10 1.1401E+10
 1.1233E+10 1.3123E+10 1.3188E+10 1.2827E+10 1.1369E+10 1.4921E+10 1.3834E+10
 2.9046E+10 2.3184E+10 1.9731E+10 1.6377E+10 1.3781E+10 1.6358E+10 1.2767E+10
 9.5692E+09 9.3094E+09 6.8495E+09 5.1960E+09 4.1490E+09 3.9702E+09 3.0157E+09
 2.5226E+09 3.0294E+09 2.3752E+09 2.0344E+09 1.6590E+09 1.9695E+09 2.1223E+09
 1.0344E+09 4.3007E+08 1.0756E+08 1.1532E+08 1.2442E+08 1.3317E+08 1.6835E+08
 2.1145E+08 1.7981E+08 1.7055E+08 2.0408E+08 3.2317E+08 4.1155E+08 3.8187E+08
 6.0387E+08 2.6433E+09 1.5125E+10 4.7961E+10 6.7808E+03 5.6927E+03 4.6516E+03
 3.1941E+03 4.4596E+03 5.6284E+03 3.7141E+04 8.1939E+03 3.4587E+03 4.9560E+03
 2.6867E+03 1.8321E+03 1.1248E+04 3.5584E+03 2.5990E+03 5.0146E+03 2.5247E+03
 1.2666E+03 4.8357E+03 3.6110E+04
   10   13   28   11    8    5    8    7   10   29



                         ==============================
                               STAYSL PNNL OUTPUT
                         ==============================

 STAYSL PNNL, version 1.2.0, 2015-08-05


 SCENARIO TITLE: ETA Experiment with Modeled values
 -------------------------------------------------------------------------------
  NGROUP =   129    NRXN =    10    ACTIVITY NORM = 1.00000E+00

  COVARIANCE PARAMETERS (FCHN, FCVX, ACVX, FS)
    FLUXES:      WIDTH =  9.0000E+00   LONG RANGE COVAR. =  3.0000E-02
            ACTIVITIES =  5.0000E-03   X-SECT CROSS COR. =  1.0000E-03

    DETERM =   1.7476 × 10^  -3.00      ERROR =   1.9358E-15

  INPUT NORMALIZATION DATA
    AK1   =     0.00000     VAK        =     0.00090
    NORML =           0     RENORM     = 1.02091E+00
    CHI²  =    11.11323     NORM. CHI² =     1.23480

  DOSIMETRY ACTIVITIES
     ———— INPUTS —————  -UNADJUSTED FLUX-  — ADJUSTED FLUX —    CHI²  90% ACTIVITIES RANGE
 RXN  MEASURED     ±%   ACTIVITY    %DIFF  ACTIVITY    %DIFF  CONTRIB --LOW E-- --HIGH E--   REACTION          CVR
  1  4.344E-14    2.00  4.140E-14   -4.71  4.164E-14   -4.15    4.314  1.38E+01  1.40E+01  ZR90(N,2N)ZR89          
  2  1.534E-15    2.00  1.498E-15   -2.37  1.507E-15   -1.78    0.705  1.38E+01  1.40E+01  NI58(N,2N)NI57          
  3  5.357E-14    2.00  5.244E-14   -2.11  5.268E-14   -1.67    0.647  2.30E+00  1.40E+01  NI58(N,P)CO58           
  4  1.538E-13    2.00  1.566E-13    1.84  1.574E-13    2.34    0.883  1.29E+01  1.40E+01  AU197(N,2N)AU196        
  5  5.289E-14    2.00  5.401E-14    2.13  5.381E-14    1.73    0.915  1.20E-02  1.80E+00  AU197(N,G)AU198         
  6  5.293E-14    2.00  5.267E-14   -0.50  5.298E-14    0.10   -0.010  9.20E-01  1.40E+01  IN115(N,N')IN115M       
  7  7.135E-14    2.00  7.131E-14   -0.05  7.122E-14   -0.18    0.001  2.55E-02  2.00E+00  IN115(N,G)IN116M        
  8  9.088E-15    2.00  9.353E-15    2.92  9.395E-15    3.38    2.530  1.00E+01  1.40E+01  AL27(N,A)NA24           
  9  2.044E-14    2.00  1.985E-14   -2.90  1.981E-14   -3.07    1.079  1.90E-02  2.30E+00  W186(N,G)W187           
 10  2.025E-15    2.00  2.125E-15    4.94  2.118E-15    4.61    0.049  2.00E-03  2.30E+00  MN55(N,G)MN56           

             % STD. DEV.  =          3.01               2.86

  DIFFERENTIAL FLUXES (input is normalized by a factor of 1.0209E+00)
                  —————— DIFFERENTIAL FLUX —————   ———— STD. DEV. % ————   INTEGRAL
 GRP    ENERGY        NEW         OLD      RATIO    NEW     OLD    RATIO   FLUX > E     ± %
   2  1.0000E-09  4.1647E+10  4.2877E+10   0.971  136.84  136.91   0.999  4.9654E+11    1.18
   3  1.0000E-08  1.1579E+11  1.2013E+11   0.964  128.24  128.34   0.999  4.9654E+11    1.18
   4  2.3000E-08  2.4182E+11  2.5355E+11   0.954  125.13  125.27   0.999  4.9654E+11    1.18
   5  5.0000E-08  3.0475E+11  3.2406E+11   0.940  125.13  125.33   0.998  4.9654E+11    1.18
   6  7.6000E-08  3.4442E+11  3.7171E+11   0.927  122.23  122.50   0.998  4.9654E+11    1.18
   7  1.1500E-07  5.4029E+11  5.9422E+11   0.909  122.48  122.86   0.997  4.9654E+11    1.18
   8  1.7000E-07  5.7203E+11  6.4201E+11   0.891  121.84  122.36   0.996  4.9654E+11    1.18
   9  2.5500E-07  5.3615E+11  6.1631E+11   0.870  123.22  123.92   0.994  4.9654E+11    1.18
  10  3.8000E-07  4.9783E+11  5.7956E+11   0.859  115.76  116.62   0.993  4.9654E+11    1.18
  11  5.5000E-07  3.9085E+11  4.6302E+11   0.844  113.51  114.56   0.991  4.9654E+11    1.18
  12  8.4000E-07  2.5496E+11  3.0611E+11   0.833  110.47  111.70   0.989  4.9654E+11    1.18
  13  1.2750E-06  1.5243E+11  1.8459E+11   0.826  107.07  108.46   0.987  4.9654E+11    1.18
  14  1.9000E-06  4.6769E+11  5.6794E+11   0.823  103.26  104.73   0.986  4.9654E+11    1.18
  15  2.8000E-06  2.5238E+11  3.0293E+11   0.833   95.11   96.57   0.985  4.9654E+11    1.18
  16  4.2500E-06  1.9157E+11  2.2426E+11   0.854   82.88   84.19   0.984  4.9654E+11    1.18
  17  6.3000E-06  2.1526E+11  2.4297E+11   0.886   66.11   67.18   0.984  4.9654E+11    1.18
  18  9.2000E-06  2.4136E+11  2.5983E+11   0.929   42.89   43.63   0.983  4.9654E+11    1.18
  19  1.3500E-05  1.1976E+11  1.2246E+11   0.978   13.92   14.41   0.966  4.9654E+11    1.18
  20  2.1000E-05  1.8127E+11  1.8463E+11   0.982   12.41   12.88   0.963  4.9654E+11    1.18
  21  3.0000E-05  1.6294E+11  1.6536E+11   0.985   11.03   11.49   0.960  4.9654E+11    1.18
  22  4.5000E-05  1.2404E+11  1.2555E+11   0.988   10.16   10.61   0.957  4.9653E+11    1.18
  23  6.9000E-05  1.0128E+11  1.0231E+11   0.990    9.66   10.10   0.956  4.9653E+11    1.18
  24  1.0000E-04  7.3382E+10  7.4016E+10   0.991    9.41    9.84   0.957  4.9653E+11    1.18
  25  1.3500E-04  6.0567E+10  6.1035E+10   0.992    9.73   10.13   0.960  4.9653E+11    1.18
  26  1.7000E-04  6.1852E+10  6.2233E+10   0.994    8.86    9.28   0.955  4.9652E+11    1.18
  27  2.2000E-04  5.8105E+10  5.8417E+10   0.995    8.76    9.17   0.955  4.9652E+11    1.18
  28  2.8000E-04  2.5559E+10  2.5668E+10   0.996    7.65    8.10   0.945  4.9652E+11    1.18
  29  3.6000E-04  2.4565E+10  2.4663E+10   0.996    7.86    8.30   0.947  4.9651E+11    1.18
  30  4.5000E-04  3.5456E+10  3.5581E+10   0.996    7.26    7.73   0.940  4.9651E+11    1.18
  31  5.7500E-04  3.5500E+10  3.5615E+10   0.997    6.76    7.25   0.932  4.9651E+11    1.18
  32  7.6000E-04  2.8663E+10  2.8737E+10   0.997    5.18    5.79   0.894  4.9650E+11    1.18
  33  9.6000E-04  2.8883E+10  2.8953E+10   0.998    4.65    5.33   0.874  4.9650E+11    1.18
  34  1.2750E-03  3.9399E+10  3.9493E+10   0.998    4.31    5.04   0.857  4.9649E+11    1.18
  35  1.6000E-03  6.4338E+10  6.4487E+10   0.998    3.92    4.70   0.833  4.9647E+11    1.18
  36  2.0000E-03  4.2902E+10  4.2998E+10   0.998    3.46    4.33   0.799  4.9645E+11    1.18
  37  2.7000E-03  5.4309E+10  5.4439E+10   0.998    3.45    4.34   0.796  4.9642E+11    1.18
  38  3.4000E-03  7.3156E+10  7.3349E+10   0.997    3.54    4.43   0.799  4.9638E+11    1.18
  39  4.5000E-03  9.0458E+10  9.0725E+10   0.997    3.66    4.55   0.803  4.9630E+11    1.19
  40  5.5000E-03  1.1140E+11  1.1175E+11   0.997    3.56    4.50   0.792  4.9621E+11    1.19
  41  7.2000E-03  1.1546E+11  1.1586E+11   0.997    3.57    4.54   0.787  4.9602E+11    1.19
  42  9.2000E-03  1.4952E+11  1.5008E+11   0.996    3.52    4.53   0.777  4.9579E+11    1.19
  43  1.2000E-02  1.5015E+11  1.5076E+11   0.996    3.42    4.49   0.762  4.9537E+11    1.19
  44  1.5000E-02  1.5300E+11  1.5367E+11   0.996    3.34    4.46   0.748  4.9492E+11    1.19
  45  1.9000E-02  1.8394E+11  1.8486E+11   0.995    3.43    4.60   0.745  4.9431E+11    1.19
  46  2.5500E-02  2.6246E+11  2.6388E+11   0.995    3.36    4.60   0.730  4.9311E+11    1.19
  47  3.2000E-02  1.6295E+11  1.6384E+11   0.995    3.07    4.40   0.698  4.9141E+11    1.19
  48  4.0000E-02  2.0997E+11  2.1130E+11   0.994    3.24    4.62   0.701  4.9010E+11    1.20
  49  5.2500E-02  2.3813E+11  2.3969E+11   0.993    3.05    4.51   0.676  4.8748E+11    1.20
  50  6.6000E-02  2.8868E+11  2.9075E+11   0.993    3.06    4.59   0.668  4.8426E+11    1.21
  51  8.8000E-02  2.3360E+11  2.3522E+11   0.993    2.76    4.35   0.635  4.7791E+11    1.22
  52  1.1000E-01  3.1205E+11  3.1432E+11   0.993    2.73    4.37   0.625  4.7277E+11    1.24
  53  1.3500E-01  2.6045E+11  2.6240E+11   0.993    2.67    4.36   0.613  4.6497E+11    1.25
  54  1.6000E-01  2.8081E+11  2.8291E+11   0.993    2.60    4.31   0.602  4.5846E+11    1.27
  55  1.9000E-01  2.5862E+11  2.6056E+11   0.993    2.57    4.31   0.597  4.5004E+11    1.28
  56  2.2000E-01  2.6060E+11  2.6252E+11   0.993    2.55    4.30   0.593  4.4228E+11    1.30
  57  2.5500E-01  2.8066E+11  2.8262E+11   0.993    2.48    4.23   0.587  4.3316E+11    1.32
  58  2.9000E-01  2.5742E+11  2.5911E+11   0.994    2.44    4.19   0.583  4.2333E+11    1.34
  59  3.2000E-01  2.7413E+11  2.7580E+11   0.994    2.44    4.17   0.584  4.1561E+11    1.35
  60  3.6000E-01  2.6374E+11  2.6520E+11   0.994    2.44    4.16   0.585  4.0465E+11    1.37
  61  4.0000E-01  2.3510E+11  2.3626E+11   0.995    2.44    4.16   0.587  3.9410E+11    1.38
  62  4.5000E-01  2.4125E+11  2.4227E+11   0.996    2.44    4.15   0.588  3.8234E+11    1.40
  63  5.0000E-01  2.3198E+11  2.3278E+11   0.997    2.44    4.14   0.589  3.7028E+11    1.41
  64  5.5000E-01  2.2873E+11  2.2936E+11   0.997    2.52    4.22   0.597  3.5868E+11    1.42
  65  6.0000E-01  2.2287E+11  2.2328E+11   0.998    2.46    4.17   0.590  3.4724E+11    1.43
  66  6.6000E-01  2.2416E+11  2.2439E+11   0.999    2.45    4.17   0.588  3.3387E+11    1.44
  67  7.2000E-01  2.1823E+11  2.1826E+11   1.000    2.43    4.17   0.583  3.2042E+11    1.44
  68  7.8000E-01  1.9360E+11  1.9345E+11   1.001    2.44    4.20   0.579  3.0733E+11    1.44
  69  8.4000E-01  1.9073E+11  1.9041E+11   1.002    2.37    4.17   0.568  2.9571E+11    1.44
  70  9.2000E-01  1.7702E+11  1.7654E+11   1.003    2.44    4.28   0.569  2.8045E+11    1.43
  71  1.0000E+00  1.4888E+11  1.4827E+11   1.004    2.61    4.51   0.579  2.6629E+11    1.42
  72  1.2000E+00  1.1892E+11  1.1835E+11   1.005    2.42    4.36   0.554  2.3651E+11    1.37
  73  1.4000E+00  1.0127E+11  1.0072E+11   1.005    2.29    4.27   0.535  2.1273E+11    1.34
  74  1.6000E+00  8.4094E+10  8.3599E+10   1.006    2.14    4.15   0.516  1.9248E+11    1.32
  75  1.8000E+00  7.0835E+10  7.0347E+10   1.007    2.19    4.24   0.517  1.7566E+11    1.31
  76  2.0000E+00  5.6112E+10  5.5668E+10   1.008    2.28    4.36   0.523  1.6149E+11    1.30
  77  2.3000E+00  4.3836E+10  4.3446E+10   1.009    2.40    4.49   0.534  1.4466E+11    1.27
  78  2.6000E+00  3.2869E+10  3.2564E+10   1.009    2.45    4.52   0.541  1.3151E+11    1.24
  79  2.9000E+00  2.4003E+10  2.3760E+10   1.010    2.67    4.74   0.564  1.2165E+11    1.22
  80  3.3000E+00  1.7671E+10  1.7482E+10   1.011    2.95    4.99   0.590  1.1205E+11    1.18
  81  3.7000E+00  1.3394E+10  1.3262E+10   1.010    3.00    4.97   0.604  1.0498E+11    1.15
  82  4.1000E+00  1.0678E+10  1.0589E+10   1.008    2.93    4.79   0.611  9.9620E+10    1.13
  83  4.5000E+00  8.1597E+09  8.1064E+09   1.007    2.88    4.64   0.621  9.5349E+10    1.12
  84  5.0000E+00  6.1871E+09  6.1576E+09   1.005    2.88    4.55   0.635  9.1269E+10    1.11
  85  5.5000E+00  5.1659E+09  5.1508E+09   1.003    2.89    4.46   0.648  8.8175E+10    1.11
  86  6.0000E+00  4.4229E+09  4.4182E+09   1.001    2.88    4.37   0.660  8.5592E+10    1.11
  87  6.7000E+00  3.4615E+09  3.4640E+09   0.999    2.86    4.27   0.669  8.2496E+10    1.11
  88  7.4000E+00  2.5894E+09  2.5961E+09   0.997    3.16    4.49   0.703  8.0073E+10    1.11
  89  8.2000E+00  2.1067E+09  2.1172E+09   0.995    3.70    4.95   0.748  7.8002E+10    1.12
  90  9.0000E+00  1.9954E+09  2.0107E+09   0.992    4.25    5.41   0.786  7.6316E+10    1.13
  91  1.0000E+01  2.1444E+09  2.1666E+09   0.990    4.78    5.85   0.816  7.4321E+10    1.14
  92  1.1000E+01  1.0426E+09  1.0560E+09   0.987    5.28    6.28   0.841  7.2176E+10    1.17
  93  1.2000E+01  8.6580E+08  8.7812E+08   0.986    5.44    6.38   0.853  7.1134E+10    1.19
  94  1.2500E+01  1.0821E+09  1.0981E+09   0.985    5.52    6.41   0.861  7.0701E+10    1.20
  95  1.2600E+01  1.1604E+09  1.1773E+09   0.986    5.51    6.38   0.864  7.0593E+10    1.20
  96  1.2700E+01  1.2526E+09  1.2702E+09   0.986    5.52    6.39   0.864  7.0477E+10    1.21
  97  1.2800E+01  1.3422E+09  1.3596E+09   0.987    5.50    6.40   0.860  7.0352E+10    1.21
  98  1.2900E+01  1.6991E+09  1.7187E+09   0.989    5.44    6.40   0.850  7.0217E+10    1.21
  99  1.3000E+01  2.1378E+09  2.1587E+09   0.990    5.34    6.42   0.832  7.0047E+10    1.21
 100  1.3100E+01  1.8214E+09  1.8357E+09   0.992    5.18    6.43   0.805  6.9834E+10    1.22
 101  1.3200E+01  1.7313E+09  1.7412E+09   0.994    4.96    6.46   0.768  6.9651E+10    1.22
 102  1.3300E+01  2.0762E+09  2.0834E+09   0.997    4.61    6.43   0.717  6.9478E+10    1.22
 103  1.3400E+01  3.2949E+09  3.2993E+09   0.999    4.11    6.31   0.651  6.9271E+10    1.22
 104  1.3500E+01  4.2045E+09  4.2016E+09   1.001    3.55    6.20   0.572  6.8941E+10    1.22
 105  1.3600E+01  3.9082E+09  3.8986E+09   1.002    2.95    6.09   0.483  6.8521E+10    1.23
 106  1.3700E+01  6.1895E+09  6.1649E+09   1.004    2.33    5.99   0.389  6.8130E+10    1.23
 107  1.3800E+01  2.7125E+10  2.6986E+10   1.005    1.76    5.88   0.299  6.7511E+10    1.23
 108  1.3900E+01  1.5528E+11  1.5442E+11   1.006    1.28    5.52   0.233  6.4798E+10    1.23
 109  1.4000E+01  4.9270E+11  4.8964E+11   1.006    1.27    5.52   0.230  4.9270E+10    1.27
 110  1.4100E+01  7.4588E+04  6.9226E+04   1.077   22.27   49.39   0.451  1.6533E+05   42.13
 111  1.4200E+01  6.1893E+04  5.8117E+04   1.065   21.31   41.11   0.518  1.5787E+05   43.68
 112  1.4300E+01  4.9524E+04  4.7488E+04   1.043   16.63   28.06   0.593  1.5168E+05   44.99
 113  1.4400E+01  3.4658E+04  3.2609E+04   1.063   29.65   43.16   0.687  1.4673E+05   46.16
 114  1.4500E+01  4.7420E+04  4.5528E+04   1.042   23.76   31.38   0.757  1.4326E+05   46.78
 115  1.4600E+01  6.0448E+04  5.7461E+04   1.052   36.24   43.85   0.827  1.3852E+05   47.78
 116  1.4700E+01  4.1499E+05  3.7917E+05   1.094   80.56   91.27   0.883  1.3248E+05   48.67
 117  1.4800E+01  8.6881E+04  8.3652E+04   1.039   41.09   44.80   0.917  9.0978E+04   45.93
 118  1.4900E+01  3.6252E+04  3.5311E+04   1.027   35.93   38.05   0.944  8.2289E+04   48.63
 119  1.5000E+01  5.1749E+04  5.0596E+04   1.023   39.41   40.85   0.965  7.8664E+04   50.01
 120  1.5100E+01  2.7945E+04  2.7429E+04   1.019   42.56   43.50   0.978  7.3489E+04   51.97
 121  1.5200E+01  1.8922E+04  1.8705E+04   1.012   35.74   36.26   0.986  7.0695E+04   52.99
 122  1.5300E+01  1.1652E+05  1.1483E+05   1.015   60.54   60.96   0.993  6.8803E+04   53.78
 123  1.5400E+01  3.6582E+04  3.6328E+04   1.007   42.13   42.36   0.995  5.7151E+04   56.05
 124  1.5500E+01  2.6625E+04  2.6533E+04   1.003   32.65   32.81   0.995  5.3493E+04   57.79
 125  1.5600E+01  5.1381E+04  5.1195E+04   1.004   49.32   49.44   0.998  5.0830E+04   59.46
 126  1.5700E+01  2.5824E+04  2.5775E+04   1.002   44.78   44.87   0.998  4.5692E+04   61.40
 127  1.5800E+01  1.2946E+04  1.2931E+04   1.001   48.94   49.02   0.998  4.3110E+04   62.64
 128  1.5900E+01  4.9405E+04  4.9368E+04   1.001   59.10   59.16   0.999  4.1815E+04   63.12
 129  1.6000E+01  7.3749E+04  7.3729E+04   1.000   63.75   63.80   0.999  3.6875E+04   63.75
      1.6500E+01

  INTEGRALS OF SPECTRA
    OLD SPECTRUM   4.9586E+11   ±    3.518 %
    NEW SPECTRUM   4.9654E+11   ±    1.185 %

  SUMMARY OF BROAD-GROUP FLUXES, FLUENCES, AND UNCERTAINTIES

    IRRAD TIME [S] = 1.00000000E+00   ACT NORM =  1.00000000E+00

       ENERGY       FLUX       FLUENCE      STDEV %
      thermal    2.5975E+05  2.5975E+05  ± 117.06     (0.100 meV – 0.550  eV)
     epithermal  2.3769E+10  2.3769E+10  ±   2.84     (0.550  eV – 110.0 keV)
        fast     4.7277E+11  4.7277E+11  ±   1.24     (110.0 keV –  16.5 MeV)
        fast     2.6629E+11  2.6629E+11  ±   1.42     (  1.0 MeV –  16.5 MeV)
     key "high" energy not found in energy boundary list

    MINI-SPECTRUM

       ENERGY       FLUX       FLUENCE      STDEV %
     1.0000E-10  2.5975E+05  2.5975E+05  ± 117.06
     5.5000E-07  1.4252E+07  1.4252E+07  ±  21.91
     1.0000E-04  2.3755E+10  2.3755E+10  ±   2.85
     1.1000E-01  1.0249E+11  1.0249E+11  ±   2.15
     5.0000E-01  1.0399E+11  1.0399E+11  ±   2.26
     1.0000E+00  1.0480E+11  1.0480E+11  ±   2.29
     2.0000E+00  7.0223E+10  7.0223E+10  ±   2.36
     5.0000E+00  1.6948E+10  1.6948E+10  ±   2.99
     1.0000E+01  4.6694E+09  4.6694E+09  ±   4.73
     1.3200E+01  6.9651E+10  6.9651E+10  ±   1.22
     1.6500E+01

       TOTAL     4.9654E+11  4.9654E+11  ±   1.18

    RELATIVE COVARIANCES (10×10)
     1000   470   -59   -82   -54   -31   -11    -6    -4     3
     1000   -83  -123   -77   -42    -8     5     3    10
     1000   347  -203  -160    -2   129    83    66
     1000   277  -129   -51   135    93    92
     1000   605    43     8    32    93
     1000   506   -73   -56    79
     1000   352    15     4
     1000   702  -122
     1000  -129
     1000

  SPECTRAL-AVERAGED REACTION RATES (for all cross section library reactions)

        REACTIONS        SIG-PHI      <SIG>          REACTIONS        SIG-PHI      <SIG>          REACTIONS        SIG-PHI      <SIG>  
   ------------------  ----------  ----------   ------------------  ----------  ----------   ------------------  ----------  ----------
   LI6(N,A)T           2.1794E-13  4.3892E-25   FE56(N,P)MN56       8.8602E-15  1.7844E-26   IN113(N,G)IN114M    9.6424E-14  1.9419E-25
   B10(N,A)LI7         2.9627E-13  5.9667E-25   FE58(N,G)FE59       1.4645E-15  2.9494E-27   IN115(N,N')IN115M   5.2983E-14  1.0670E-25
   F19(N,2N)F18        2.4409E-15  4.9158E-27   CO59(N,2N)CO58      4.8593E-14  9.7863E-26   IN115(N,2N)IN114M   9.5761E-14  1.9286E-25
   NA23(N,2N)NA22      1.2197E-15  2.4564E-27   CO59(N,G)CO60       3.7459E-15  7.5439E-27   IN115(N,G)IN116M    7.2143E-14  1.4529E-25
   NA23(N,G)NA24       1.8464E-16  3.7185E-28   CO59(N,P)FE59       4.1801E-15  8.4184E-27   I127(N,2N)I126      1.0506E-13  2.1159E-25
   MG24(N,P)NA24       1.4971E-14  3.0150E-26   CO59(N,A)MN56       2.3591E-15  4.7511E-27   LA139(N,G)LA140     3.7936E-15  7.6400E-27
   AL27(N,P)MG27       6.9626E-15  1.4022E-26   NI58(N,2N)NI57      1.5066E-15  3.0342E-27   PR141(N,2N)PR140    1.1715E-13  2.3593E-25
   AL27(N,A)NA24       9.3952E-15  1.8921E-26   NI58(N,P)CO58       5.2677E-14  1.0609E-25   TM169(N,2N)TM168    1.4737E-13  2.9680E-25
   SI28(N,P)AL28       2.2378E-14  4.5068E-26   NI60(N,P)CO60       1.1909E-14  2.3984E-26   TM169(N,3N)TM167    2.6254E-21  5.2874E-33
   P31(N,P)SI31        1.4898E-14  3.0003E-26   CU63(N,2N)CU62      3.0922E-14  6.2274E-26   TA181(N,G)TA182     6.0132E-14  1.2110E-25
   S32(N,P)P32         3.4282E-14  6.9042E-26   CU63(N,G)CU64       6.7247E-15  1.3543E-26   W186(N,G)W187       2.0938E-14  4.2169E-26
   TI46(N,2N)TI45      7.3462E-16  1.4795E-27   CU63(N,A)CO60       3.5946E-15  7.2394E-27   AU197(N,2N)AU196    1.5740E-13  3.1700E-25
   TI46(N,P)SC46       2.2975E-14  4.6269E-26   CU65(N,2N)CU64      6.2412E-14  1.2569E-25   AU197(N,G)AU198     5.5173E-14  1.1111E-25
   TI47(N,P)SC47       1.4202E-14  2.8602E-26   ZN64(N,P)CU64       2.2241E-14  4.4791E-26   HG199(N,N')HG199M   8.2738E-14  1.6663E-25
   TI47(N,X)SC46       2.5642E-15  5.1641E-27   ZN67(N,P)CU67       2.7038E-15  5.4453E-27   PB204(N,N')PB204M   1.0913E-14  2.1978E-26
   TI48(N,P)SC48       4.7016E-15  9.4687E-27   AS75(N,2N)AS74      6.7131E-14  1.3520E-25   BI209(N,3N)BI207    5.6883E-21  1.1456E-32
   TI48(N,X)SC47       4.2607E-16  8.5807E-28   Y89(N,2N)Y88        5.8432E-14  1.1768E-25   TH232(N,FISSION)    4.5222E-14  9.1073E-26
   TI49(N,X)SC48       2.2606E-16  4.5527E-28   ZR90(N,2N)ZR89      4.1639E-14  8.3857E-26   TH232(N,G)TH233     5.7134E-14  1.1506E-25
   V51(N,A)SC48        1.0904E-15  2.1961E-27   NB93(N,G)NB94       1.8796E-14  3.7854E-26   U235(N,FISSION)     6.8531E-13  1.3802E-24
   CR52(N,2N)CR51      1.7912E-14  3.6074E-26   NB93(N,N')NB93M     4.0942E-14  8.2454E-26   U235(N,G)U236       6.4671E-14  1.3024E-25
   MN55(N,2N)MN54      4.9783E-14  1.0026E-25   NB93(N,2N)NB92M     3.3503E-14  6.7472E-26   U238(N,2N)U237      8.3237E-14  1.6763E-25
   MN55(N,G)MN56       2.1391E-15  4.3080E-27   MO92(N,P)NB92M      7.4007E-15  1.4904E-26   U238(N,FISSION)     1.6073E-13  3.2370E-25
   FE54(N,2N)FE53      8.2135E-17  1.6541E-28   RH103(N,N')RH103M   2.4098E-13  4.8531E-25   U238(N,G)U239       4.3594E-14  8.7794E-26
   FE54(N,P)MN54       4.4305E-14  8.9227E-26   AG109(N,G)AG110M    6.5548E-15  1.3201E-26   NP237(N,FISSION)    6.0029E-13  1.2089E-24
   FE54(N,A)CR51       6.7670E-15  1.3628E-26   IN113(N,N')IN113M   4.3298E-14  8.7200E-26   PU239(N,FISSION)    9.0727E-13  1.8272E-24
   AM241(N,FISSION)    6.0428E-13  1.2170E-24   SC45(N,G)SC46       4.0334E-15  8.1229E-27

  INPUT FLUX REL. CORRELATION MATRIX (by row from diagonal)
   1   1000   988   952   895   821   735   641   546   454   368   291   225   170   125    90    63    43    30    23    17
         14    11    10     9     8     9     9    10     9    10    11    13    14    15    16    18    18    17    17    17
         17    17    17    17    17    17    17    17    17    17    18    17    18    18    18    18    18    18    18    18
         18    18    18    18    18    18    18    18    18    18    17    18    18    18    18    18    17    17    16    15
         15    16    16    17    17    17    18    17    15    14    13    12    12    12    12    12    12    12    12    12
         12    12    12    12    13    13    13    14    14     2     2     3     2     2     2     1     2     2     2     2
          2     1     2     2     2     2     2     1     1

  OUTPUT FLUX REL. CORRELATION MATRIX (by row from diagonal)
   1   1000   988   952   895   821   735   642   547   454   368   291   224   168   122    87    60    40    25    16     9
          5     3     1     0     0     0     0     0     0     0     0     0     1     1     1     1     0     0     0     0
         -1    -1    -2    -3    -3    -4    -5    -6    -7    -8    -8    -9    -9   -10   -10   -10   -10   -10    -9    -9
         -9    -8    -8    -8    -7    -7    -7    -6    -6    -5    -5    -4    -4    -2    -2    -1     0     0     0     0
          1     2     2     2     3     3     3     3     2     2     2     2     2     1     1     1     1     1     1     1
          1     1     1     1     1     1     1     2     2    -2    -1    -1     0     0     0     0     0     0     0     0
          0     0     0     0     0     0     0     0     0
   2   1000   988   952   895   821   735   642   547   454   368   291   223   167   122    86    59    39    25    15     8
          4     2     0     0     0     0     0     0     0     0     0     0    -1    -1    -1    -1    -2    -2    -3    -3
         -4    -5    -6    -7    -8    -9   -10   -11   -12   -13   -14   -14   -15   -15   -15   -15   -15   -15   -14   -14
        -13   -13   -12   -12   -11   -10   -10    -9    -8    -8    -7    -6    -5    -4    -3    -2    -1     0     0     0
          1     1     1     1     1     1     1     1     1     1     1     1     1     1     0     0     0     0     0     0
          0     0     1     1     1     1     1     1     1     1     1     0     0     0     0     0     0     0     0     0
          0     0     0     0     0     0     0     0
   3   1000   988   952   895   821   735   642   546   454   367   290   222   166   121    85    58    38    24    14     8
          3     1     0     0    -1    -1    -1    -1    -1    -2    -2    -2    -2    -3    -3    -4    -4    -5    -6    -7
         -8    -9   -10   -11   -12   -14   -15   -16   -18   -19   -19   -20   -21   -21   -21   -20   -20   -19   -19   -18
        -17   -17   -16   -15   -14   -13   -12   -11   -10    -9    -8    -7    -6    -4    -3    -2    -1     0     0     0
          1     1     1     1     0     0     1     1     1     0     0     0     0     0     0     0     0     0     0     0
          0     1     1     1     1     2     2     3     2     2     2     1     1     1     1     0     0     0     0     0
          0     0     0     0     0     0     0
   4   1000   988   952   895   821   735   641   546   453   366   289   221   165   119    84    56    36    22    13     6
          2     0     0    -1    -2    -2    -2    -3    -3    -4    -4    -5    -5    -6    -6    -7    -8    -9   -10   -11
        -13   -14   -16   -17   -19   -20   -22   -24   -25   -26   -27   -27   -27   -27   -27   -26   -26   -25   -24   -23
        -22   -21   -20   -19   -18   -17   -15   -14   -12   -11   -10    -8    -6    -5    -3    -2     0     0     0     0
          0     0     0     0     0     0     0     0     0     0     0     0     0     0     0     0     0     0     0     0
          1     1     1     2     2     2     6     5     4     3     2     2     2     1     1     1     0     0     0     0
          0     0     0     0     0     0
   5   1000   988   952   895   821   735   641   545   452   365   287   220   163   118    81    54    35    21    11     5
          1     0    -2    -3    -3    -4    -4    -5    -6    -7    -7    -8    -9   -10   -10   -12   -13   -14   -16   -17
        -19   -21   -23   -25   -27   -29   -31   -32   -34   -35   -35   -36   -35   -35   -34   -33   -32   -31   -30   -28
        -27   -26   -24   -23   -21   -20   -17   -16   -14   -13   -11    -8    -6    -5    -3    -1     0     0     0     0
          0    -1    -1    -1     0     0     0     0     0     0     0     0     0     0     0     0     0     0     0     0
          1     2     2     2     2    10     8     6     5     4     3     3     2     1     1     1     0     0     0     0
          0     0     0     0     0
   6   1000   988   952   895   821   734   640   544   451   363   285   218   161   115    79    52    33    19    10     4
          0    -2    -4    -4    -5    -6    -7    -8    -9   -10   -12   -13   -13   -14   -15   -17   -18   -20   -22   -24
        -26   -29   -31   -34   -36   -39   -41   -42   -44   -44   -45   -45   -44   -43   -42   -41   -39   -38   -36   -34
        -32   -30   -29   -27   -24   -21   -20   -18   -16   -14   -11    -8    -6    -4    -2    -1    -1    -1    -1    -2
         -2    -3    -2    -1    -1    -1    -1    -1    -1    -1    -1    -1    -1    -1    -1     0     0     0     0     1
          2     3     2     2    14    11     8     7     5     4     4     2     2     1     1     0     0     0     0     0
          0     0     0     0
   7   1000   988   952   895   820   733   639   543   449   362   283   216   158   112    77    50    31    17     9     2
         -1    -4    -5    -7    -8   -10   -11   -12   -14   -16   -17   -17   -18   -20   -22   -23   -26   -28   -30   -33
        -36   -39   -42   -45   -48   -50   -52   -54   -55   -55   -55   -54   -53   -52   -50   -48   -46   -44   -42   -40
        -37   -35   -33   -30   -26   -24   -22   -20   -17   -14   -10    -8    -5    -2    -2    -2    -2    -3    -3    -4
         -5    -4    -3    -2    -2    -1    -2    -2    -2    -2    -2    -2    -2    -1    -1     0     0     0     1     2
          3     2     2    18    15    11     9     7     6     5     3     2     2     1     0     0     0     0     0     0
          0     0     0
   8   1000   988   952   894   820   732   638   541   447   360   281   211   155   110    74    48    29    16     7     0
         -3    -6    -8    -9   -12   -14   -16   -18   -20   -21   -22   -23   -25   -27   -29   -32   -34   -37   -40   -44
        -47   -51   -54   -58   -60   -63   -65   -66   -66   -66   -65   -64   -62   -60   -58   -55   -52   -50   -47   -45
        -42   -39   -35   -31   -29   -26   -24   -21   -16   -13   -10    -6    -3    -2    -3    -3    -4    -5    -6    -7
         -6    -4    -3    -3    -2    -3    -3    -3    -3    -3    -3    -3    -2    -1    -1     0     0     1     3     4
          3     3    23    19    14    12     9     7     6     4     3     2     1     0     0     0     0     0     0     0
          0     0
   9   1000   988   952   894   819   731   636   539   445   357   276   208   152   107    72    46    28    14     5    -1
         -5    -8   -11   -15   -17   -19   -21   -24   -26   -27   -28   -30   -32   -35   -38   -41   -44   -47   -52   -55
        -60   -63   -68   -71   -74   -76   -77   -78   -77   -77   -75   -73   -70   -68   -65   -61   -58   -55   -52   -49
        -46   -41   -36   -33   -31   -29   -24   -19   -15   -12    -8    -4    -3    -4    -5    -6    -7    -8    -9    -8
         -6    -5    -4    -3    -4    -4    -4    -5    -4    -4    -4    -3    -2    -1     0     0     1     3     5     3
          3    28    23    17    14    11     9     8     5     3     2     1     0     1     0     0     0     0     0     0
          0
  10   1000   988   951   894   818   730   635   538   443   352   273   206   150   105    71    46    26    13     2    -3
         -8   -11   -17   -20   -22   -25   -28   -30   -31   -32   -35   -37   -40   -43   -47   -50   -54   -60   -63   -68
        -72   -78   -81   -85   -87   -88   -89   -89   -88   -86   -83   -81   -77   -74   -70   -67   -63   -59   -55   -52
        -47   -40   -38   -35   -33   -27   -22   -17   -14    -9    -5    -4    -5    -6    -7    -8    -9   -11   -10    -7
         -6    -5    -4    -5    -5    -5    -6    -5    -5    -4    -4    -3    -1     0     0     2     3     5     3     3
         33    27    20    17    12    10     9     6     4     3     2     1     1     0     0     0     0     0     0     0
  11   1000   988   951   893   817   729   633   536   438   349   271   204   148   104    70    44    25    10     1    -5
        -11   -18   -22   -25   -28   -32   -34   -35   -36   -39   -42   -45   -49   -53   -57   -61   -68   -71   -77   -81
        -88   -92   -95   -98   -99  -100  -100   -99   -96   -94   -90   -87   -83   -78   -75   -70   -66   -62   -58   -52
        -45   -42   -39   -36   -31   -25   -19   -15   -10    -6    -5    -6    -7    -8   -10   -11   -13   -12    -9    -7
         -6    -5    -6    -6    -6    -7    -6    -6    -5    -4    -3    -2    -1     0     2     4     6     3     3    38
         30    23    19    14    12    10     7     4     3     2     1     1     0    -1     0     0     0     0     0
  12   1000   988   951   892   816   728   632   530   435   347   269   202   147   104    69    43    22     9    -1    -8
        -17   -23   -26   -31   -35   -37   -39   -40   -43   -46   -50   -54   -59   -62   -68   -74   -78   -85   -89   -96
       -101  -104  -107  -109  -110  -109  -108  -106  -103   -99   -95   -91   -86   -82   -77   -72   -67   -63   -57   -49
        -46   -42   -40   -33   -27   -21   -17   -11    -6    -5    -7    -8    -9   -11   -13   -15   -13   -10    -8    -7
         -6    -6    -7    -7    -7    -7    -7    -6    -5    -4    -2    -1     0     2     4     6     3     3    42    34
         25    21    16    13    11     7     5     3     2     1     1     0    -1     0    -1    -1     0     0
  13   1000   987   951   892   816   727   626   528   433   345   268   202   148   102    68    40    22     7    -3   -15
        -22   -27   -32   -38   -40   -42   -43   -47   -50   -54   -58   -63   -67   -73   -80   -84   -91   -96  -104  -108
       -112  -115  -117  -118  -117  -116  -114  -110  -106  -102   -97   -92   -87   -82   -77   -72   -67   -61   -52   -49
        -45   -42   -36   -29   -22   -18   -12    -7    -6    -7    -9   -10   -12   -14   -16   -14   -11    -9    -7    -7
         -7    -8    -8    -8    -8    -8    -7    -6    -4    -2    -1     0     2     4     7     4     4    45    36    27
         23    17    14    12     8     5     4     2     1     1     0    -1     0    -1    -1    -1     0
  14   1000   987   950   892   815   721   624   526   431   345   268   203   147   102    66    40    20     4   -10   -19
        -26   -32   -39   -42   -43   -45   -49   -52   -57   -61   -66   -71   -76   -84   -88   -96  -101  -109  -114  -118
       -121  -123  -124  -123  -122  -119  -116  -111  -107  -102   -96   -92   -86   -81   -75   -70   -63   -54   -51   -47
        -44   -37   -30   -23   -19   -13    -7    -6    -8    -9   -11   -13   -15   -17   -15   -12    -9    -8    -7    -8
         -8    -9    -9    -9    -8    -7    -6    -4    -3    -1     0     2     5     7     4     4    48    38    29    24
         18    15    13     8     6     4     2     1     1     0    -1     0    -1    -1    -1    -1
  15   1000   987   950   891   810   720   623   525   431   345   269   202   147   101    67    39    18    -1   -13   -22
        -30   -38   -41   -44   -46   -50   -53   -58   -63   -68   -72   -78   -86   -91   -98  -104  -112  -117  -121  -124
       -126  -127  -127  -125  -122  -118  -114  -110  -105   -98   -94   -88   -83   -77   -72   -64   -55   -52   -48   -45
        -38   -30   -23   -19   -13    -7    -6    -8    -9   -11   -13   -15   -17   -15   -12    -9    -8    -7    -8    -8
         -9    -9    -9    -8    -7    -6    -4    -3    -1     0     2     5     7     4     4    48    39    29    24    18
         15    13     9     6     4     3     1     1     0    -1     0    -1    -1    -1    -1
  16   1000   987   950   886   808   718   622   525   432   347   269   203   146   102    66    38    13    -3   -15   -25
        -34   -39   -42   -45   -49   -53   -57   -62   -68   -72   -78   -86   -91   -98  -104  -112  -117  -121  -125  -126
       -127  -127  -125  -122  -118  -114  -109  -104   -98   -93   -88   -82   -76   -71   -64   -55   -52   -48   -44   -37
        -30   -23   -19   -12    -7    -6    -7    -9   -10   -12   -14   -17   -15   -11    -9    -8    -7    -7    -8    -8
         -8    -8    -8    -7    -6    -4    -2    -1     0     2     5     7     4     4    47    38    28    24    17    14
         12     8     6     4     2     1     1     0    -1     0    -1    -1    -1    -1
  17   1000   987   945   885   807   718   623   527   435   348   271   203   148   102    66    34    12    -4   -16   -27
        -33   -37   -41   -45   -49   -54   -59   -65   -69   -75   -83   -88   -95  -101  -109  -114  -118  -121  -123  -124
       -123  -122  -119  -115  -111  -106  -101   -95   -90   -85   -80   -74   -69   -62   -53   -50   -46   -42   -35   -28
        -22   -17   -11    -6    -5    -6    -7    -9   -10   -12   -14   -12    -9    -7    -6    -6    -6    -7    -7    -7
         -7    -7    -6    -5    -3    -2     0     0     2     5     7     5     5    42    34    26    21    16    13    11
          8     5     4     2     1     1     0    -1     0    -1    -1     0     0
  18   1000   984   945   885   808   720   625   531   437   351   272   207   151   105    65    37    15     0   -13   -21
        -27   -32   -37   -42   -47   -52   -57   -62   -69   -76   -81   -88   -94  -101  -106  -110  -113  -115  -116  -115
       -113  -111  -107  -103   -98   -94   -88   -84   -79   -74   -68   -63   -57   -50   -46   -41   -37   -31   -25   -18
        -14    -9    -4    -2    -3    -3    -4    -5    -6    -8    -7    -5    -3    -3    -2    -3    -3    -4    -4    -4
         -4    -3    -2    -1     0     0     1     3     5     7     6     6    31    25    19    16    12    10     8     6
          4     3     2     1     1     0     0     0     0     0     0     0
  19   1000   987   950   892   817   731   638   543   451   365   290   224   169   125    91    65    46    33    22    12
          4    -1    -8   -14   -20   -26   -34   -41   -46   -56   -62   -70   -73   -79   -83   -86   -88   -89   -87   -84
        -82   -78   -75   -71   -66   -64   -59   -55   -51   -47   -43   -40   -39   -32   -25   -16   -12    -8    -4     1
          3     6    10    14    18    20    22    23    25    23    19    17    15    13    13    12    12    11    11    10
          9     9     8     7     6     6     6     6     7    13    13   -25   -20   -14   -12    -8    -7    -6    -3    -2
         -1     0     0     0     1     2     1     1     1     1     1
  20   1000   987   951   893   819   733   640   546   454   369   294   228   175   132    98    73    56    41    28    17
         10     2    -3    -9   -16   -24   -31   -35   -46   -52   -60   -61   -67   -72   -74   -76   -76   -74   -72   -69
        -66   -63   -59   -55   -54   -49   -46   -42   -39   -35   -33   -34   -26   -19   -10    -6    -3     0     5     7
          8    12    18    23    26    28    30    32    29    25    21    19    17    16    16    16    15    14    14    13
         11    10     9     8     7     6     6     7    14    14   -39   -31   -22   -19   -13   -11   -10    -6    -3    -2
         -1     0     0     1     2     2     2     2     2     2
  21   1000   988   951   895   821   735   643   549   458   374   298   235   182   140   108    85    65    48    34    25
         15     8     2    -4   -13   -20   -23   -35   -40   -48   -48   -54   -58   -60   -62   -62   -60   -57   -55   -52
        -49   -46   -43   -43   -38   -35   -32   -30   -26   -26   -28   -20   -12    -2     0     2     4     9    10    11
         16    22    28    32    35    38    41    37    31    27    24    21    21    20    20    19    19    17    16    14
         12    11     9     8     7     6     6    15    16   -54   -43   -32   -27   -19   -16   -14    -8    -5    -3    -1
          0     0     1     3     2     3     3     2     2
  22   1000   988   952   896   822   737   645   552   461   378   305   242   190   149   119    92    70    52    40    29
         20    13     6    -3   -10   -12   -24   -28   -37   -36   -42   -45   -47   -48   -49   -47   -44   -42   -39   -37
        -34   -31   -32   -27   -25   -22   -21   -17   -18   -22   -14    -6     3     5     7     8    13    13    13    18
         26    33    37    41    44    48    44    36    31    27    25    24    24    24    23    22    21    19    17    15
         12    11     9     7     6     6    16    17   -68   -54   -39   -33   -24   -20   -17   -11    -7    -4    -2     0
          0     2     4     2     3     3     3     3
  23   1000   988   952   896   823   738   647   554   464   382   309   247   197   158   124    96    73    57    43    32
         24    17     6     0    -2   -15   -18   -26   -25   -30   -33   -35   -36   -37   -34   -32   -30   -28   -25   -23
        -20   -22   -18   -16   -14   -13   -10   -12   -17    -8    -1     9    10    11    12    17    16    15    20    29
         36    41    45    49    53    48    40    34    30    27    27    26    26    26    25    23    21    19    16    13
         11     9     7     5     5    17    17   -78   -62   -46   -38   -28   -23   -20   -13    -8    -5    -2     0     0
          2     4     3     4     4     3     3
  24   1000   988   953   897   824   739   648   556   467   385   313   252   203   161   126    97    76    58    45    35
         26    15     7     6    -6    -9   -18   -15   -20   -23   -24   -26   -26   -24   -21   -19   -18   -16   -13   -12
        -14   -10    -9    -7    -7    -4    -6   -13    -4     3    13    14    14    14    19    18    16    22    31    38
         44    48    52    57    52    43    37    32    29    28    28    28    27    26    25    23    20    17    14    12
         10     7     5     5    17    18   -85   -68   -50   -42   -30   -25   -22   -14    -9    -5    -3     0     0     2
          5     3     4     4     3     3
  25   1000   988   952   896   824   739   648   555   466   385   314   254   203   159   123    96    74    57    44    33
         21    13    11    -1    -4   -12    -9   -14   -17   -18   -19   -20   -17   -14   -13   -11   -10    -8    -6    -9
         -5    -4    -3    -3     0    -3   -10    -2     5    15    15    15    15    19    18    16    21    30    38    43
         48    52    56    51    42    36    32    28    28    28    28    27    26    24    22    20    17    14    12     9
          7     5     4    17    17   -85   -68   -50   -42   -30   -25   -22   -14    -9    -5    -3     0     0     2     5
          3     4     4     3     3
  26   1000   988   953   897   825   741   650   559   472   392   322   262   209   164   130   102    79    63    50    34
         25    23     9     6    -2     1    -3    -6    -6    -8    -8    -6    -3    -2     0     0     2     3     0     3
          3     4     3     6     2    -6     2    10    21    20    20    19    23    21    19    25    34    43    49    54
         59    64    58    48    41    36    32    32    32    32    31    30    28    26    23    19    16    13    10     7
          5     4    18    18   -99   -79   -58   -49   -35   -29   -26   -16   -10    -7    -4     0     0     2     5     3
          5     5     4     4
  27   1000   988   953   897   825   739   649   559   473   394   325   263   209   166   130   102    80    63    45    33
         30    15    12     3     7     2     0     0    -2    -2     0     2     3     5     6     7     8     4     7     8
          8     7    10     5    -3     5    12    23    22    21    20    24    22    19    25    35    44    50    56    61
         66    60    50    42    37    33    33    33    33    32    31    29    27    24    20    16    14    11     7     5
          3    18    18  -103   -83   -61   -51   -37   -31   -27   -17   -11    -7    -4     0     0     2     5     4     5
          5     4     4
  28   1000   988   953   899   826   743   655   566   482   405   335   271   219   174   139   111    88    65    51    46
         28    24    14    19    13    10    10     8     8    11    14    15    16    17    18    19    13    17    17    17
         15    17    11     0    10    18    31    29    27    25    30    26    23    30    41    52    59    66    72    78
         71    58    50    44    39    39    39    39    38    36    34    31    28    24    19    16    12     8     5     3
         20    21  -123   -99   -73   -61   -44   -37   -32   -20   -13    -8    -5     0    -1     3     6     4     6     6
          5     5
  29   1000   988   953   895   822   740   652   562   480   403   331   270   215   171   136   107    79    60    53    33
         27    16    20    14    11    11     9     9    11    14    15    16    17    18    19    14    17    16    16    14
         17    11     0    10    18    30    28    26    25    29    26    22    29    40    50    58    64    70    76    69
         57    48    43    38    38    38    38    37    35    33    31    27    23    19    15    12     8     5     3    20
         20  -120   -96   -71   -60   -43   -36   -31   -20   -13    -8    -5     0    -1     3     6     4     6     5     5
          5
  30   1000   988   950   894   823   741   653   569   487   408   337   273   219   175   139   104    80    69    45    37
         24    27    21    17    16    14    14    17    20    21    22    22    23    23    18    21    20    20    18    20
         14     1    12    21    33    32    29    27    32    28    24    32    44    55    63    70    76    83    75    62
         53    47    42    41    41    41    40    39    37    33    30    25    20    17    13     9     5     3    21    22
       -132  -106   -78   -66   -47   -40   -34   -22   -14    -9    -5     0    -1     3     7     4     6     6     5     5
  31   1000   986   949   894   823   740   658   575   491   413   340   277   223   178   135   104    88    58    48    32
         34    26    21    20    18    17    20    23    24    25    25    26    27    20    24    23    23    20    23    15
          2    13    23    36    34    32    30    35    30    26    34    48    59    68    75    82    90    81    67    57
         50    45    45    44    45    44    42    39    36    32    27    22    18    14     9     6     3    23    24  -143
       -115   -84   -71   -51   -43   -37   -24   -15   -10    -6     0    -1     3     7     5     7     6     6     5
  32   1000   988   955   902   834   760   679   594   511   432   359   297   242   189   149   128    90    75    54    57
         46    40    39    36    34    38    42    43    44    44    45    45    36    40    38    38    34    36    26     8
         22    34    52    49    45    41    47    41    35    45    63    79    90   100   110   119   108    89    76    67
         60    59    59    60    58    56    53    48    43    36    29    24    18    12     7     4    30    31  -192  -154
       -114   -96   -69   -58   -50   -32   -21   -14    -8     0    -2     4    10     6     9     9     7     7
  33   1000   989   956   904   841   767   685   601   516   437   366   302   239   190   162   115    96    69    70    56
         48    46    42    40    44    48    48    49    49    50    50    40    45    43    42    37    41    29     8    24
         38    58    54    50    46    52    45    39    50    70    88   100   112   122   133   120   100    85    74    67
         66    66    66    65    62    59    54    48    40    33    27    20    14     8     4    33    34  -214  -172  -127
       -107   -77   -65   -56   -36   -23   -15    -9     0    -2     4    11     7    10    10     8     8
  34   1000   989   955   908   845   770   688   603   519   440   368   295   237   200   144   118    85    83    65    54
         50    44    42    46    50    50    51    51    52    52    41    46    44    43    38    42    29     7    25    39
         61    57    52    48    56    48    42    54    76    94   108   120   131   143   130   107    91    80    72    71
         71    71    70    67    63    58    51    43    35    29    22    15     8     5    36    37  -230  -184  -136  -115
        -83   -69   -60   -39   -25   -16   -10    -1    -2     5    12     8    10    10     9     9
  35   1000   988   959   911   847   773   690   605   523   443   362   294   249   183   148   108   101    78    64    57
         50    45    49    53    54    54    54    55    55    43    48    47    45    40    44    30     6    25    42    65
         61    57    52    61    53    46    59    83   104   119   132   144   157   142   118   100    88    79    78    78
         78    77    74    69    63    56    47    39    32    24    16     9     5    40    40  -253  -203  -150  -126   -91
        -76   -66   -43   -27   -18   -11    -1    -3     5    13     8    11    11    10    10
  36   1000   990   960   911   849   773   692   609   526   437   361   308   231   189   139   127    98    79    69    59
         53    57    61    61    61    61    62    62    48    54    52    50    44    49    33     6    28    46    73    69
         63    59    68    60    52    67    94   117   134   149   163   178   161   133   113   100    89    88    88    89
         87    83    78    72    64    54    44    36    27    18    11     6    45    46  -285  -229  -169  -143  -103   -86
        -75   -48   -31   -21   -12    -1    -3     6    15    10    13    13    11    11
  37   1000   990   958   910   846   771   689   604   511   427   363   277   224   165   144   107    82    67    54    45
         47    50    49    49    49    50    50    37    43    41    40    35    39    25     0    21    39    67    63    59
         55    65    57    50    66    93   116   133   148   162   176   159   132   112    99    88    87    87    88    86
         82    77    71    63    53    43    36    27    19    11     7    45    46  -280  -225  -166  -140  -101   -85   -74
        -48   -30   -20   -12    -1    -3     6    14     9    13    13    11    11
  38   1000   989   959   909   844   768   684   589   500   426   332   267   197   164   118    86    64    45    33    32
         33    31    31    30    31    32    20    26    24    24    19    25    11   -11     9    28    55    53    50    48
         59    53    47    62    88   111   127   141   154   168   152   126   107    94    85    84    83    83    81    78
         73    67    60    50    41    34    26    18    12     8    44    45  -263  -211  -156  -132   -95   -79   -69   -45
        -29   -19   -11    -1    -3     6    14     9    12    12    10    10
  39   1000   989   958   908   842   764   672   580   497   396   320   239   193   136    94    64    39    21    16    14
         11     9     9    10    10     0     5     5     5     1     7    -3   -25    -3    15    42    41    40    40    51
         47    43    58    83   104   120   133   146   158   143   119   102    89    80    79    79    79    77    73    69
         63    56    48    39    33    25    18    12     9    44    45  -244  -196  -144  -122   -88   -74   -64   -41   -26
        -17   -10     0    -2     5    13     8    11    11    10     9
  40   1000   989   957   907   840   755   665   579   474   388   297   238   170   116    77    43    19     9     3    -1
         -4    -5    -5    -5   -15    -9    -9    -8   -11    -5   -16   -36   -13     6    34    34    35    35    48    45
         42    58    83   105   121   134   146   159   144   120   102    90    81    79    79    79    77    74    69    63
         56    48    39    33    26    19    13    10    45    46  -242  -194  -143  -121   -87   -73   -64   -41   -26   -17
        -10     0    -2     5    13     8    11    11    10     9
  41   1000   989   957   905   833   749   664   557   463   363   291   211   145    93    50    17     0   -10   -19   -24
        -27   -27   -27   -37   -30   -30   -28   -30   -23   -33   -51   -28    -7    20    23    25    28    42    40    39
         55    80   102   117   130   142   153   140   116    99    88    78    77    76    76    74    71    67    61    54
         46    38    32    26    19    14    12    46    47  -229  -184  -135  -114   -82   -69   -60   -39   -24   -16    -9
          0    -2     5    12     8    11    11     9     9
  42   1000   989   956   901   829   748   644   547   441   357   265   186   121    66    23    -1   -19   -33   -41   -46
        -48   -48   -58   -51   -51   -49   -50   -42   -50   -67   -43   -21     8    12    16    21    36    36    36    53
         79   100   115   128   139   151   137   115    98    87    78    76    75    75    73    69    65    60    53    45
         38    32    26    20    15    14    47    48  -220  -176  -130  -110   -79   -66   -58   -37   -23   -15    -9     0
         -2     5    12     8    10    10     9     9
  43   1000   989   954   898   828   732   636   527   434   332   240   162    94    40     3   -21   -42   -55   -63   -67
        -69   -79   -72   -71   -69   -69   -61   -68   -83   -58   -34    -3     2     8    14    31    33    35    53    78
        100   115   128   140   151   137   115    99    87    78    76    75    75    72    69    65    59    53    45    38
         32    26    21    17    16    49    50  -215  -172  -127  -107   -77   -64   -56   -36   -23   -15    -9     0    -2
          5    12     8    10    10     9     8
  44   1000   988   952   897   816   726   618   520   410   307   215   133    65    17   -19   -47   -67   -80   -87   -90
       -102   -96   -95   -92   -91   -82   -88  -101   -75   -50   -18    -9    -1     6    25    29    32    51    77    99
        114   127   138   149   136   114    98    87    77    76    74    74    71    68    64    59    52    45    38    33
         27    22    18    18    51    52  -207  -166  -122  -103   -74   -62   -54   -35   -22   -14    -8     0    -2     5
         11     7    10    10     8     8
  45   1000   988   952   890   811   711   609   495   382   277   180    97    33   -15   -55   -83  -102  -114  -120  -133
       -128  -127  -124  -122  -112  -115  -124   -98   -73   -40   -29   -18    -6    14    21    26    45    70    91   105
        117   127   136   125   105    91    80    72    70    68    67    65    62    58    53    48    41    35    31    26
         22    19    20    50    51  -179  -144  -105   -89   -64   -54   -47   -30   -19   -12    -7     0    -1     4    10
          7     9     9     8     7
  46   1000   987   948   886   800   704   590   473   358   248   150    71     7   -44   -83  -111  -129  -140  -155  -152
       -152  -149  -147  -136  -138  -145  -118   -91   -57   -43   -30   -16     6    15    23    43    68    89   103   115
        124   133   122   103    89    79    71    68    67    65    63    60    56    52    46    40    34    30    26    23
         21    23    52    53  -168  -134   -98   -83   -60   -50   -44   -28   -17   -11    -6     0    -1     4    10     6
          8     8     7     7
  47   1000   985   946   879   796   691   575   456   337   228   134    56    -9   -60   -98  -124  -142  -163  -163  -165
       -163  -162  -151  -153  -161  -131  -101   -64   -49   -34   -18     6    16    25    47    74    97   112   125   135
        145   133   113    97    86    77    74    72    71    69    65    61    56    51    44    38    33    29    25    23
         25    57    58  -182  -146  -107   -91   -65   -54   -48   -30   -19   -12    -7     0    -1     5    11     7     9
          9     8     8
  48   1000   986   943   876   783   673   552   427   305   195    99    17   -48  -100  -137  -163  -189  -194  -199  -199
       -198  -187  -186  -189  -160  -130   -93   -75   -56   -36    -9     4    16    38    63    84    98   109   117   125
        115    98    85    75    67    65    63    61    59    55    52    48    43    38    33    30    27    25    24    28
         56    56  -141  -113   -82   -70   -50   -42   -37   -23   -14    -9    -5     0     0     4     9     6     7     7
          6     6
  49   1000   985   942   870   774   661   536   408   288   179    81     0   -66  -116  -153  -188  -199  -209  -212  -213
       -203  -203  -206  -175  -144  -105   -84   -63   -42   -13     2    15    39    66    87   102   113   122   130   120
        103    89    79    71    68    65    64    61    58    54    50    45    40    35    31    28    26    26    30    60
         60  -144  -115   -84   -72   -51   -43   -38   -23   -14    -9    -5     0     0     4     9     6     8     8     7
          6
  50   1000   984   938   863   763   645   517   389   267   154    56   -25   -90  -141  -185  -206  -223  -230  -234  -226
       -226  -227  -197  -165  -125  -103   -79   -54   -24    -5    10    34    60    81    95   106   114   121   112    96
         84    75    67    64    61    59    56    53    50    46    42    37    33    30    28    27    28    33    60    61
       -123   -98   -71   -61   -43   -36   -32   -20   -12    -7    -4     1     0     4     8     5     7     7     6     6
  51   1000   984   936   859   757   638   512   385   263   152    55   -25   -89  -148  -180  -205  -220  -230  -225  -228
       -234  -202  -169  -126  -103   -79   -54   -21    -2    13    40    69    93   109   121   131   139   128   110    96
         85    76    73    70    68    65    61    58    53    48    42    37    34    31    29    30    35    66    67  -149
       -119   -86   -74   -52   -44   -39   -24   -15    -9    -5     0     0     4     9     6     8     8     7     7
  52   1000   983   934   854   750   630   502   374   251   139    43   -37  -110  -155  -192  -216  -232  -233  -239  -246
       -216  -183  -140  -116   -90   -63   -28    -8     9    37    66    89   106   118   127   135   125   107    94    83
         74    71    68    66    63    59    56    51    47    41    37    34    31    30    31    37    68    68  -137  -109
        -79   -68   -48   -40   -36   -22   -13    -8    -4     1     0     4     9     6     8     8     6     6
  53   1000   983   932   851   746   626   497   368   246   135    39   -49  -109  -159  -195  -221  -228  -240  -250  -223
       -191  -149  -124   -98   -70   -34   -12     7    35    65    89   105   117   127   135   124   108    94    83    75
         71    68    66    63    59    55    51    47    41    37    34    32    31    32    38    70    70  -134  -106   -77
        -66   -47   -39   -35   -21   -13    -8    -4     1     0     4     9     6     8     7     6     6
  54   1000   982   931   850   745   624   496   368   247   137    34   -42  -107  -156  -193  -211  -230  -246  -223  -194
       -153  -129  -103   -74   -38   -15     4    33    64    89   106   119   129   137   127   110    96    85    76    73
         70    67    64    61    57    52    48    42    38    35    33    32    33    40    72    72  -136  -108   -78   -67
        -47   -40   -35   -22   -13    -8    -4     1     0     4     9     6     8     8     6     6
  55   1000   982   930   849   745   625   498   371   251   135    42   -38  -102  -152  -182  -211  -235  -218  -194  -156
       -134  -108   -80   -43   -20     0    30    61    86   104   117   127   135   126   109    95    85    76    72    69
         67    64    60    56    52    47    42    38    35    33    32    34    41    73    74  -133  -106   -76   -66   -46
        -39   -35   -21   -13    -8    -4     1     0     4     9     6     8     7     6     6
  56   1000   982   930   850   746   628   502   377   252   146    50   -29   -94  -138  -179  -213  -204  -187  -154  -135
       -112   -85   -49   -25    -4    25    58    83   101   115   125   134   124   108    95    84    75    72    69    67
         64    60    56    52    47    42    38    35    34    33    35    42    74    75  -131  -104   -75   -65   -46   -38
        -34   -21   -12    -8    -4     1     0     4     9     6     8     7     6     6
  57   1000   982   932   852   751   634   511   382   267   158    64   -16   -75  -130  -177  -179  -169  -143  -130  -110
        -86   -51   -29    -8    22    56    83   102   116   128   137   128   110    97    86    77    74    71    69    66
         63    59    54    49    44    39    37    35    34    36    42    76    77  -140  -112   -81   -69   -49   -41   -37
        -22   -13    -8    -4     1     0     5     9     6     8     8     7     6
  58   1000   983   933   855   755   641   516   396   279   172    77     3   -67  -129  -143  -145  -127  -121  -107   -87
        -54   -34   -14    17    51    80   100   116   128   139   129   112    98    87    79    75    73    71    68    64
         60    56    51    45    41    38    35    34    36    43    77    78  -147  -117   -85   -73   -51   -43   -38   -24
        -14    -9    -4     1     0     5    10     6     8     8     7     7
  59   1000   983   934   858   760   644   526   405   290   182    93     8   -68   -98  -113  -107  -110  -103   -89   -60
        -41   -22     8    43    72    93   110   123   135   126   109    96    86    77    74    72    70    67    64    60
         56    51    45    41    38    35    34    36    43    78    79  -147  -117   -85   -73   -51   -43   -38   -24   -14
         -9    -4     1     0     5    10     6     8     8     7     7
  60   1000   983   935   861   762   653   534   415   299   197    97     5   -40   -71   -79   -94   -96   -89   -65   -49
        -32    -2    33    62    85   102   117   129   121   105    92    83    75    73    71    69    67    63    60    55
         51    45    41    38    36    35    36    44    78    79  -147  -117   -84   -72   -51   -43   -38   -23   -14    -9
         -4     1     0     5    10     6     8     8     7     7
  61   1000   984   937   861   768   658   541   422   311   199    92    29   -18   -42   -71   -85   -86   -69   -58   -44
        -15    20    50    73    92   108   121   114    99    87    79    72    70    68    67    65    62    59    55    50
         45    40    38    36    35    37    44    79    80  -144  -115   -83   -71   -50   -42   -38   -23   -14    -9    -4
          1     0     5    10     6     8     8     7     7
  62   1000   984   937   865   771   664   546   431   311   192   112    47     5   -38   -66   -79   -71   -67   -56   -29
          5    36    60    80    97   112   106    92    82    74    68    67    66    65    63    61    58    54    49    44
         40    38    36    35    37    45    79    80  -142  -114   -82   -70   -50   -42   -37   -23   -14    -8    -4     1
          0     5    10     6     8     8     7     7
  63   1000   984   939   867   775   666   552   429   301   207   124    64     3   -40   -67   -70   -73   -68   -44   -11
         19    44    65    84   100    96    84    74    68    63    62    62    62    61    59    56    52    48    44    39
         37    36    35    38    46    80    81  -139  -111   -80   -69   -48   -41   -36   -22   -13    -8    -4     1     0
          5    10     6     8     8     7     7
  64   1000   984   939   868   775   669   548   418   310   211   130    51    -9   -51   -69   -82   -83   -65   -35    -7
         17    39    58    75    74    65    58    54    51    52    52    53    52    51    49    46    43    39    36    35
         34    35    38    47    79    80  -115   -92   -66   -57   -40   -34   -30   -18   -10    -6    -3     1     0     4
          8     6     7     7     6     6
  65   1000   985   940   869   777   666   537   424   314   217   121    42   -18   -51   -77   -88   -76   -50   -23     1
         24    45    64    64    56    51    48    46    48    50    51    51    50    49    46    43    40    37    35    35
         35    39    48    81    82  -120   -95   -68   -59   -41   -35   -31   -19   -11    -7    -3     1     0     4     9
          6     7     7     6     6
  66   1000   985   940   869   773   654   541   423   313   201   104    25   -26   -67   -90   -88   -68   -44   -20     2
         24    45    46    41    38    37    36    40    43    45    46    46    45    43    41    38    35    35    34    35
         39    49    82    83  -113   -90   -64   -55   -38   -33   -29   -17   -10    -6    -3     1     0     4     9     6
          7     7     6     6
  67   1000   985   940   866   763   656   537   418   295   180    83    12   -46   -84   -93   -81   -63   -42   -20     2
         24    27    23    23    24    25    30    35    39    41    41    41    40    39    36    34    34    34    35    40
         50    83    84  -106   -84   -60   -52   -36   -31   -28   -16    -9    -5    -2     2     0     4     8     5     7
          7     6     5
  68   1000   985   938   858   764   651   529   398   270   155    64   -12   -67   -90   -91   -81   -65   -45   -24    -1
          3     1     3     7    11    18    24    29    32    34    35    35    34    33    31    32    32    35    40    51
         83    84   -93   -74   -52   -45   -31   -26   -24   -14    -8    -4    -1     2     0     4     8     5     6     6
          5     5
  69   1000   983   931   858   759   643   512   376   247   138    41   -31   -72   -86   -85   -77   -61   -41   -19   -14
        -14   -11    -5     0     8    16    22    27    30    32    33    33    31    30    31    32    35    40    51    84
         86   -95   -75   -53   -46   -32   -27   -24   -14    -8    -4    -2     2     0     4     8     5     7     6     5
          5
  70   1000   981   934   855   749   624   487   348   223   108    15   -45   -78   -93   -95   -87   -73   -53   -47   -45
        -39   -30   -22   -11    -2     6    12    17    20    23    24    24    25    27    29    33    39    51    81    83
        -68   -53   -36   -32   -21   -18   -17    -9    -4    -2     0     2     0     4     7     4     5     5     4     4
  71   1000   982   928   840   731   601   460   321   192    81    -1   -58   -93  -111  -115  -109   -96   -89   -84   -74
        -62   -51   -38   -26   -16    -8    -1     3     7    11    14    16    20    24    29    37    50    74    77   -23
        -17   -10   -10    -5    -5    -5    -1     0     0     1     2     1     3     4     3     3     3     3     3
  72   1000   982   925   839   724   590   449   309   181    80     5   -45   -78   -93   -95   -87   -87   -87   -80   -69
        -58   -43   -30   -18    -9    -1     4     9    12    15    17    20    23    28    36    48    75    78   -51   -40
        -27   -24   -15   -13   -12    -6    -3    -1     0     2     1     3     6     4     5     4     4     4
  73   1000   980   925   835   716   581   438   299   182    90    21   -28   -58   -72   -72   -80   -87   -84   -76   -65
        -50   -36   -23   -12    -3     3     9    12    14    16    19    22    26    32    44    73    77   -75   -59   -41
        -36   -24   -20   -19   -10    -5    -3     0     2     0     4     7     4     6     5     5     4
  74   1000   981   922   828   711   574   432   306   201   115    48     2   -24   -36   -55   -72   -77   -74   -66   -51
        -37   -22   -11    -1     5    11    14    16    17    19    21    23    28    38    71    74  -113   -89   -63   -54
        -38   -32   -28   -17   -10    -6    -2     2     0     4     8     5     7     7     6     6
  75   1000   980   919   826   705   569   438   318   214   128    61    15   -12   -43   -68   -80   -82   -77   -64   -50
        -36   -23   -13    -4     1     6     8    10    12    15    17    22    30    60    64  -105   -83   -59   -50   -35
        -29   -26   -15    -9    -5    -2     1     0     4     8     5     6     6     5     5
  76   1000   979   919   824   704   577   451   333   229   143    77    30   -14   -50   -71   -80   -81   -72   -60   -47
        -35   -24   -15    -8    -2     0     3     5     7    10    13    20    47    51   -97   -76   -54   -46   -32   -27
        -24   -14    -8    -5    -2     1     0     3     7     4     6     6     5     5
  77   1000   979   919   825   712   589   465   349   246   161    95    36   -13   -47   -66   -74   -72   -64   -54   -43
        -33   -24   -17   -11    -7    -4    -1     0     1     4     9    31    36   -91   -71   -51   -43   -30   -25   -22
        -13    -8    -4    -2     1     0     3     6     4     5     5     4     4
  78   1000   979   919   832   724   606   486   375   276   193   118    52     4   -28   -48   -54   -53   -48   -41   -33
        -25   -19   -14   -11    -9    -7    -6    -6    -6    -4    16    21  -109   -86   -62   -52   -37   -30   -27   -16
        -10    -6    -3     0     0     3     6     4     5     5     4     4
  79   1000   980   923   837   731   615   499   389   292   204   126    63    16   -15   -33   -41   -43   -40   -36   -31
        -26   -21   -19   -17   -15   -15   -16   -17   -19    -4     1  -101   -79   -58   -48   -34   -28   -24   -15    -9
         -6    -3     0     0     2     5     3     4     4     4     4
  80   1000   980   924   838   735   623   510   402   306   217   141    79    32     1   -17   -28   -32   -33   -31   -29
        -26   -25   -24   -23   -24   -26   -29   -34   -26   -20   -96   -75   -55   -45   -33   -26   -23   -14    -9    -6
         -3     0     0     1     4     3     4     4     3     3
  81   1000   980   926   846   749   642   534   433   335   245   169   107    61    29     8    -5   -13   -17   -20   -21
        -22   -24   -25   -29   -33   -40   -49   -42   -37  -126  -100   -74   -61   -44   -36   -30   -20   -13    -9    -5
         -1    -1     2     5     3     4     4     4     4
  82   1000   982   932   859   768   668   568   465   365   275   199   139    94    60    36    19     7    -1    -7   -13
        -19   -24   -31   -39   -50   -64   -56   -50  -175  -139  -104   -85   -62   -51   -43   -29   -19   -13    -8    -2
         -2     2     6     4     6     6     5     5
  83   1000   984   938   869   785   693   590   486   388   299   227   168   122    86    58    38    22     9    -2   -12
        -21   -31   -43   -59   -77   -69   -64  -219  -175  -131  -107   -79   -65   -55   -37   -24   -17   -10    -3    -3
          2     8     5     7     7     6     6
  84   1000   985   942   878   800   705   603   501   404   322   251   192   144   105    74    49    29    11    -3   -16
        -30   -46   -66   -89   -83   -78  -253  -203  -152  -125   -92   -75   -64   -43   -29   -20   -12    -4    -4     2
          9     6     8     8     7     7
  85   1000   986   946   886   806   711   611   511   422   341   271   210   160   118    84    55    30     9    -8   -27
        -47   -71   -98   -94   -90  -284  -228  -171  -141  -104   -85   -72   -49   -33   -23   -14    -5    -5     2    10
          6     9     9     8     8
  86   1000   987   950   887   805   713   616   524   436   357   286   224   172   127    89    56    27     3   -19   -44
        -73  -105  -103  -101  -314  -253  -190  -157  -116   -95   -81   -54   -37   -25   -16    -5    -6     2    10     7
         10    10     9     9
  87   1000   987   945   881   802   712   623   534   449   369   298   234   179   131    89    53    22    -7   -37   -70
       -108  -109  -110  -344  -277  -209  -172  -128  -105   -89   -60   -41   -28   -18    -6    -7     3    11     7    11
         11    10     9
  88   1000   985   945   883   806   721   632   543   456   374   300   234   176   124    80    42     6   -28   -67  -111
       -122  -127  -329  -266  -202  -166  -124  -101   -85   -58   -40   -28   -18    -7    -7     2    10     6    10    10
          9     8
  89   1000   986   948   888   814   730   640   548   459   376   299   230   169   116    70    27   -14   -58  -110  -134
       -146  -298  -243  -186  -152  -114   -93   -78   -54   -38   -27   -18    -8    -7     0     7     5     8     8     7
          7
  90   1000   987   949   892   819   735   644   552   462   377   299   228   165   110    60    10   -41  -100  -139  -160
       -278  -229  -177  -145  -110   -90   -75   -53   -37   -26   -18    -9    -7     0     5     3     6     6     6     6
  91   1000   987   951   895   822   738   648   556   465   380   300   228   164   104    46   -13   -82  -137  -170  -267
       -223  -175  -144  -110   -90   -74   -53   -38   -28   -19   -10    -8    -1     4     2     5     5     5     5
  92   1000   988   952   896   824   741   652   560   469   383   303   229   160    94    24   -55  -127  -176  -262  -223
       -179  -147  -114   -93   -77   -56   -40   -29   -21   -11    -9    -2     2     1     4     5     4     4
  93   1000   988   953   898   827   745   656   565   475   388   307   229   153    73   -18  -108  -178  -271  -236  -192
       -160  -125  -102   -85   -62   -46   -34   -24   -14   -11    -4     2     1     4     4     4     4
  94   1000   988   954   900   830   749   662   571   481   394   309   224   134    28   -81  -178  -283  -253  -210  -177
       -140  -115   -95   -71   -53   -39   -28   -17   -13    -5     0     0     3     4     4     4
  95   1000   988   955   902   833   754   667   577   487   397   304   205    85   -48  -175  -297  -274  -233  -198  -160
       -132  -109   -82   -62   -46   -33   -21   -16    -7     0     0     2     4     4     4
  96   1000   989   956   904   837   758   673   583   491   393   285   151    -7  -171  -309  -296  -258  -222  -182  -151
       -126   -96   -73   -55   -40   -26   -20   -10    -2    -1     1     3     3     4
  97   1000   989   957   906   840   763   678   587   487   372   226    38  -165  -321  -320  -287  -250  -208  -175  -145
       -113   -87   -66   -49   -33   -25   -14    -5    -3     0     2     2     3
  98   1000   989   958   908   844   767   681   582   464   307    91  -156  -331  -344  -318  -282  -239  -202  -169  -133
       -104   -80   -59   -41   -31   -18    -8    -5    -1     1     2     3
  99   1000   989   959   910   846   769   675   558   393   150  -144  -338  -369  -352  -317  -273  -233  -196  -157  -123
        -96   -72   -51   -38   -24   -13    -8    -3     0     1     2
 100   1000   990   959   912   846   762   649   480   213  -127  -341  -391  -385  -353  -310  -267  -226  -184  -146  -114
        -87   -63   -47   -31   -18   -12    -5    -2     0     1
 101   1000   990   960   911   839   735   568   281  -103  -337  -410  -417  -389  -349  -304  -259  -213  -172  -136  -104
        -77   -57   -39   -24   -16    -9    -4    -1     0
 102   1000   990   959   904   813   653   354   -69  -326  -423  -446  -424  -387  -341  -294  -245  -200  -159  -124   -92
        -69   -48   -31   -21   -12    -7    -3    -1
 103   1000   989   954   882   736   434   -22  -308  -428  -468  -455  -423  -379  -330  -279  -230  -185  -145  -110   -82
        -58   -39   -27   -16   -10    -5    -2
 104   1000   987   938   815   522    44  -272  -417  -477  -476  -452  -410  -362  -310  -259  -211  -167  -128   -96   -69
        -48   -33   -21   -13    -8    -4
 105   1000   981   891   625   142  -210  -380  -461  -475  -463  -428  -383  -334  -283  -233  -187  -145  -110   -80   -57
        -39   -26   -17   -10    -6
 106   1000   961   751   291  -103  -293  -397  -432  -436  -414  -379  -337  -290  -243  -197  -156  -119   -89   -64   -45
        -30   -20   -12    -7
 107   1000   899   524    83  -113  -236  -297  -324  -324  -308  -283  -250  -214  -177  -142  -111   -84   -62   -44   -30
        -20   -13    -8
 108   1000   839   324   178    71    -7   -53   -83   -99  -101   -97   -89   -78   -64   -53   -40   -28   -21   -13    -8
         -5    -2
 109   1000   610   573   519   445   389   331   278   236   196   159   126    99    74    56    43    30    22    15    10
          7
 110   1000   960   873   797   701   627   559   468   389   321   258   195   157   106    64    48    25    11     4    -2
 111   1000   973   928   859   795   727   637   551   469   390   311   252   186   129    97    63    39    24    12
 112   1000   987   949   901   843   763   679   593   506   416   343   264   196   149   104    71    48    29
 113   1000   987   956   912   845   768   685   597   503   421   334   256   198   144   102    71    47
 114   1000   990   963   914   850   774   688   595   506   414   328   258   194   142   102    71
 115   1000   991   960   911   846   768   678   589   492   400   321   248   187   138    98
 116   1000   989   957   907   840   758   671   575   479   393   311   240   181   133
 117   1000   989   958   907   837   757   664   567   475   386   306   237   178
 118   1000   989   957   904   835   750   656   563   468   381   302   233
 119   1000   989   955   902   830   744   652   557   463   376   298
 120   1000   988   955   899   826   741   648   553   460   373
 121   1000   988   954   897   825   739   646   550   458
 122   1000   988   952   896   823   737   643   548
 123   1000   988   952   896   822   736   643
 124   1000   988   952   895   822   735
 125   1000   988   952   895   821
 126   1000   988   952   895
 127   1000   988   952
 128   1000   988
 129   1000

 Finished!
