NIF_RUN_1
  100    9    1    0    1
   0.00500   9.00000   0.03000   0.03000
   0.0000000   0   0 1.00000000E+00   1.0000000
AL27P    2.780E-30 0.000       0.00       0.00        (    )
AL27A    3.780E-30 0.000       0.00       0.00        (    )
NI582    5.950E-31 0.000       0.00       0.00        (    )
NI58P    2.360E-29 0.000       0.00       0.00        (    )
ZR902    1.600E-29 0.000       0.00       0.00        (    )
IN115N   2.260E-29 0.000       0.00       0.00        (    )
IN115G   3.220E-29 0.000       0.00       0.00        (    )
AU197G   2.350E-29 0.000       0.00       0.00        (    )
AU1972   6.320E-29 0.000       0.00       0.00        (    )
Flux Uncertainty
   4
 1.0000E-04 1.0000E-03 1.0000E-01 2.0100E+01
 4.0000E-01 1.0000E-01 1.0000E-02 1.0000E-03
Input Flux Spectrum Annotation goes on this line
 100   0 1.000E+00 2.000E+01 5.000E-08
 0.0000E+00 0.0000E+00 0.0000E+00 0.0000E+00 0.0000E+00 0.0000E+00 0.0000E+00
 0.0000E+00 0.0000E+00 0.0000E+00 0.0000E+00 0.0000E+00 0.0000E+00 0.0000E+00
 0.0000E+00 0.0000E+00 3.6062E-13 2.4404E-11 1.1017E-10 1.0544E-10 2.1138E-10
 1.1660E-09 2.9255E-09 3.0477E-09 2.4833E-09 3.0981E-09 3.8294E-09 5.9996E-09
 5.1962E-09 6.5292E-09 9.0332E-09 7.4769E-09 1.1036E-08 1.1017E-08 1.2762E-08
 2.2608E-08 2.3396E-08 4.0442E-08 3.9157E-08 7.0350E-08 9.6440E-08 1.8752E-07
 1.9667E-07 2.5715E-07 4.8534E-07 7.8288E-07 5.3414E-07 1.1408E-06 1.4376E-06
 2.9080E-06 2.2392E-06 3.6221E-06 2.9002E-06 3.7433E-06 3.4090E-06 4.0750E-06
 4.4267E-06 3.3679E-06 4.7997E-06 4.6038E-06 5.1564E-06 5.2776E-06 5.0379E-06
 4.9268E-06 5.6319E-06 5.6475E-06 5.5281E-06 4.8070E-06 6.2997E-06 5.8185E-06
 1.2204E-05 9.7508E-06 8.2987E-06 6.8742E-06 5.8051E-06 6.8400E-06 5.4406E-06
 3.9966E-06 3.9238E-06 2.9397E-06 2.2509E-06 1.8015E-06 1.7517E-06 1.3677E-06
 1.1634E-06 1.4070E-06 1.1384E-06 1.0789E-06 9.6149E-07 1.2138E-06 1.2734E-06
 1.1581E-06 1.4209E-06 1.5006E-05 1.1478E-05 4.2669E-09 7.6125E-10 3.3226E-10
 1.4006E-10 9.0248E-11
    4    4    4    5    5    5    5    5    4    4

  Warning:  The mini-spectrum for summary output does not include  55 energy
              groups at the high energy end.  Adjust your mini-spectrum
              groupings if you want to include all groups.




                         ==============================
                               STAYSL PNNL OUTPUT
                         ==============================

 STAYSL PNNL, version 1.0.2, 2013-Jan-07  


 SCENARIO TITLE: NIF_RUN_1
 -------------------------------------------------------------------------------
  NGROUP =   100    NRXN =     9    ACTIVITY NORM = 1.00000E+00

  COVARIANCE PARAMETERS (FCHN, FCVX, ACVX, FS)
    FLUXES:      WIDTH =  9.0000E+00   LONG RANGE COVAR. =  3.0000E-02
            ACTIVITIES =  5.0000E-03   X-SECT CROSS COR. =  3.0000E-02

    DETERM =  -2.8598 × 10^   1.00      ERROR =   5.9597E-16

  INPUT NORMALIZATION DATA
    AK1   =     0.00000     VAK        =     0.00090
    NORML =           0     RENORM     =     1.00324
    CHI²  =     5.28074     NORM. CHI² =     0.66009

  DOSIMETRY ACTIVITIES
     ———— INPUTS —————  -UNADJUSTED FLUX-  — ADJUSTED FLUX —    CHI²  90% ACTIVITIES RANGE
 RXN  MEASURED     ±%   ACTIVITY    %DIFF  ACTIVITY    %DIFF  CONTRIB --LOW E-- --HIGH E--   REACTION          CVR
  1  2.780E-06    0.01  3.082E-06   10.87  3.040E-06    9.34   -9.221  5.50E+00  1.40E+01  AL27(N,P)MG27           
  2  3.780E-06    0.01  3.868E-06    2.33  3.815E-06    0.91    0.121  9.00E+00  1.40E+01  AL27(N,A)NA24           
  3  5.950E-07    0.01  5.824E-07   -2.12  5.743E-07   -3.48   -3.369  1.30E+01  1.40E+01  NI58(N,2N)NI57          
  4  2.360E-05    0.01  2.322E-05   -1.60  2.291E-05   -2.94   -0.929  2.30E+00  1.40E+01  NI58(N,P)CO58           
  5  1.600E-05    0.01  1.504E-05   -6.00  1.483E-05   -7.30   -6.893  1.30E+01  1.40E+01  ZR90(N,2N)ZR89          
  6  2.260E-05    0.01  2.269E-05    0.39  2.239E-05   -0.91    0.126  9.20E-01  1.30E+01  IN115(N,N')IN115M       
  7  3.220E-05    0.01  2.958E-05   -8.13  2.933E-05   -8.90   25.113  2.55E-02  2.00E+00  IN115(N,G)IN116M        
  8  2.350E-05    0.01  2.371E-05    0.90  2.358E-05    0.34    0.106  3.40E-03  1.80E+00  AU197(N,G)AU198         
  9  6.320E-05    0.01  6.385E-05    1.03  6.297E-05   -0.37    0.227  1.10E+01  1.40E+01  AU197(N,2N)AU196        

             % STD. DEV.  =          5.42               5.51

  DIFFERENTIAL FLUXES (input is normalized by a factor of 1.0032E+00)
                  —————— DIFFERENTIAL FLUX —————   ———— STD. DEV. % ————   INTEGRAL
 GRP    ENERGY        NEW         OLD      RATIO    NEW     OLD    RATIO   FLUX > E     ± %
  17  6.3000E-06  1.2307E-07  1.2475E-07   0.987    2.07    3.00   0.690  2.0853E-04    2.09
  18  9.2000E-06  5.6169E-06  5.6937E-06   0.987    2.07    3.00   0.690  2.0853E-04    2.09
  19  1.3500E-05  1.4539E-05  1.4738E-05   0.987    2.07    3.00   0.690  2.0853E-04    2.09
  20  2.1000E-05  1.1595E-05  1.1754E-05   0.987    2.07    3.00   0.690  2.0853E-04    2.09
  21  3.0000E-05  1.3947E-05  1.4138E-05   0.987    2.07    3.00   0.690  2.0853E-04    2.09
  22  4.5000E-05  4.8082E-05  4.8739E-05   0.987    2.07    3.00   0.690  2.0853E-04    2.09
  23  6.9000E-05  9.8693E-05  9.4675E-05   1.042   20.23   20.21   1.001  2.0853E-04    2.09
  24  1.0000E-04  9.5941E-05  8.7360E-05   1.098   37.06   36.80   1.007  2.0852E-04    2.09
  25  1.3500E-04  7.7463E-05  7.1181E-05   1.088   31.61   31.35   1.008  2.0852E-04    2.09
  26  1.7000E-04  6.7079E-05  6.2162E-05   1.079   27.36   27.13   1.009  2.0852E-04    2.09
  27  2.2000E-04  6.8463E-05  6.4029E-05   1.069   23.59   23.38   1.009  2.0851E-04    2.09
  28  2.8000E-04  7.9734E-05  7.5238E-05   1.060   20.39   20.22   1.008  2.0851E-04    2.09
  29  3.6000E-04  6.0879E-05  5.7923E-05   1.051   17.71   17.59   1.007  2.0850E-04    2.09
  30  4.5000E-04  5.4665E-05  5.2403E-05   1.043   15.42   15.35   1.005  2.0850E-04    2.09
  31  5.7500E-04  5.0716E-05  4.8986E-05   1.035   13.22   13.21   1.000  2.0849E-04    2.09
  32  7.6000E-04  3.8580E-05  3.7506E-05   1.029   11.36   11.42   0.995  2.0848E-04    2.09
  33  9.6000E-04  3.5974E-05  3.5147E-05   1.024    9.89   10.01   0.988  2.0847E-04    2.09
  34  1.2750E-03  3.4677E-05  3.4008E-05   1.020    8.72    8.90   0.980  2.0846E-04    2.09
  35  1.6000E-03  3.2555E-05  3.2008E-05   1.017    7.84    8.06   0.972  2.0845E-04    2.09
  36  2.0000E-03  3.2872E-05  3.2401E-05   1.015    6.95    7.23   0.962  2.0844E-04    2.09
  37  2.7000E-03  3.3947E-05  3.3531E-05   1.012    6.16    6.49   0.949  2.0842E-04    2.09
  38  3.4000E-03  3.7282E-05  3.6884E-05   1.011    5.51    5.89   0.935  2.0839E-04    2.09
  39  4.5000E-03  3.9659E-05  3.9283E-05   1.010    4.97    5.40   0.920  2.0835E-04    2.09
  40  5.5000E-03  4.1874E-05  4.1516E-05   1.009    4.52    4.99   0.905  2.0831E-04    2.09
  41  7.2000E-03  4.8736E-05  4.8376E-05   1.007    4.09    4.62   0.886  2.0824E-04    2.09
  42  9.2000E-03  6.7614E-05  6.7188E-05   1.006    3.73    4.31   0.867  2.0814E-04    2.09
  43  1.2000E-02  6.6117E-05  6.5769E-05   1.005    3.44    4.06   0.848  2.0795E-04    2.09
  44  1.5000E-02  6.4775E-05  6.4495E-05   1.004    3.21    3.87   0.830  2.0776E-04    2.09
  45  1.9000E-02  7.5137E-05  7.4909E-05   1.003    2.99    3.68   0.811  2.0750E-04    2.09
  46  2.5500E-02  1.2104E-04  1.2083E-04   1.002    2.80    3.54   0.792  2.0701E-04    2.09
  47  3.2000E-02  6.7023E-05  6.6983E-05   1.001    2.67    3.44   0.778  2.0622E-04    2.09
  48  4.0000E-02  9.1497E-05  9.1560E-05   0.999    2.55    3.35   0.763  2.0569E-04    2.09
  49  5.2500E-02  1.0662E-04  1.0683E-04   0.998    2.46    3.27   0.751  2.0454E-04    2.09
  50  6.6000E-02  1.3217E-04  1.3261E-04   0.997    2.38    3.21   0.739  2.0310E-04    2.09
  51  8.8000E-02  1.0165E-04  1.0211E-04   0.995    2.31    3.17   0.730  2.0019E-04    2.09
  52  1.1000E-01  1.4457E-04  1.4535E-04   0.995    2.27    3.14   0.724  1.9796E-04    2.09
  53  1.3500E-01  1.1567E-04  1.1638E-04   0.994    2.24    3.12   0.720  1.9434E-04    2.08
  54  1.6000E-01  1.2432E-04  1.2518E-04   0.993    2.22    3.10   0.716  1.9145E-04    2.08
  55  1.9000E-01  1.1315E-04  1.1400E-04   0.993    2.20    3.09   0.713  1.8772E-04    2.08
  56  2.2000E-01  1.1587E-04  1.1681E-04   0.992    2.19    3.08   0.710  1.8433E-04    2.08
  57  2.5500E-01  1.2580E-04  1.2689E-04   0.991    2.17    3.07   0.708  1.8027E-04    2.08
  58  2.9000E-01  1.1162E-04  1.1263E-04   0.991    2.16    3.06   0.707  1.7587E-04    2.08
  59  3.2000E-01  1.1926E-04  1.2038E-04   0.991    2.16    3.06   0.705  1.7252E-04    2.08
  60  3.6000E-01  1.1435E-04  1.1547E-04   0.990    2.15    3.05   0.704  1.6775E-04    2.08
  61  4.0000E-01  1.0243E-04  1.0346E-04   0.990    2.14    3.05   0.703  1.6318E-04    2.08
  62  4.5000E-01  1.0481E-04  1.0589E-04   0.990    2.14    3.04   0.702  1.5806E-04    2.08
  63  5.0000E-01  1.0002E-04  1.0108E-04   0.990    2.13    3.04   0.701  1.5281E-04    2.08
  64  5.5000E-01  9.7800E-05  9.8856E-05   0.989    2.13    3.04   0.700  1.4781E-04    2.08
  65  6.0000E-01  9.3146E-05  9.4169E-05   0.989    2.12    3.03   0.699  1.4292E-04    2.08
  66  6.6000E-01  9.3386E-05  9.4429E-05   0.989    2.12    3.03   0.699  1.3733E-04    2.08
  67  7.2000E-01  9.1396E-05  9.2433E-05   0.989    2.11    3.03   0.698  1.3173E-04    2.08
  68  7.8000E-01  7.9462E-05  8.0377E-05   0.989    2.11    3.03   0.697  1.2625E-04    2.08
  69  8.4000E-01  7.8089E-05  7.9001E-05   0.988    2.11    3.03   0.697  1.2148E-04    2.08
  70  9.2000E-01  7.2111E-05  7.2966E-05   0.988    2.11    3.02   0.696  1.1523E-04    2.08
  71  1.0000E+00  6.0486E-05  6.1216E-05   0.988    2.10    3.02   0.696  1.0946E-04    2.08
  72  1.2000E+00  4.8318E-05  4.8912E-05   0.988    2.10    3.02   0.695  9.7367E-05    2.08
  73  1.4000E+00  4.1114E-05  4.1628E-05   0.988    2.09    3.02   0.694  8.7703E-05    2.07
  74  1.6000E+00  3.4050E-05  3.4482E-05   0.987    2.09    3.01   0.694  7.9481E-05    2.07
  75  1.8000E+00  2.8750E-05  2.9119E-05   0.987    2.09    3.01   0.693  7.2670E-05    2.07
  76  2.0000E+00  2.2580E-05  2.2874E-05   0.987    2.09    3.01   0.693  6.6920E-05    2.07
  77  2.3000E+00  1.7958E-05  1.8194E-05   0.987    2.08    3.01   0.692  6.0146E-05    2.07
  78  2.6000E+00  1.3190E-05  1.3365E-05   0.987    2.08    3.01   0.692  5.4759E-05    2.07
  79  2.9000E+00  9.7114E-06  9.8413E-06   0.987    2.08    3.01   0.692  5.0802E-05    2.07
  80  3.3000E+00  7.2750E-06  7.3730E-06   0.987    2.08    3.01   0.692  4.6917E-05    2.07
  81  3.7000E+00  5.5700E-06  5.6455E-06   0.987    2.08    3.01   0.691  4.4007E-05    2.07
  82  4.1000E+00  4.4575E-06  4.5183E-06   0.987    2.08    3.01   0.691  4.1779E-05    2.07
  83  4.5000E+00  3.4673E-06  3.5148E-06   0.986    2.08    3.01   0.691  3.9996E-05    2.07
  84  5.0000E+00  2.7070E-06  2.7442E-06   0.986    2.08    3.01   0.691  3.8263E-05    2.07
  85  5.5000E+00  2.3026E-06  2.3344E-06   0.986    2.08    3.00   0.691  3.6909E-05    2.07
  86  6.0000E+00  1.9890E-06  2.0165E-06   0.986    2.07    3.00   0.690  3.5758E-05    2.07
  87  6.7000E+00  1.6093E-06  1.6316E-06   0.986    2.07    3.00   0.690  3.4366E-05    2.07
  88  7.4000E+00  1.3344E-06  1.3529E-06   0.986    2.07    3.00   0.690  3.3239E-05    2.07
  89  8.2000E+00  1.1891E-06  1.2057E-06   0.986    2.07    3.00   0.690  3.2172E-05    2.07
  90  9.0000E+00  1.2009E-06  1.2177E-06   0.986    2.07    3.00   0.690  3.1220E-05    2.07
  91  1.0000E+01  1.2599E-06  1.2775E-06   0.986    2.07    3.00   0.690  3.0019E-05    2.07
  92  1.1000E+01  1.1458E-06  1.1618E-06   0.986    2.07    3.00   0.690  2.8760E-05    2.07
  93  1.2000E+01  1.4058E-06  1.4255E-06   0.986    2.07    3.00   0.690  2.7614E-05    2.07
  94  1.3000E+01  1.4847E-05  1.5055E-05   0.986    2.07    3.00   0.690  2.6208E-05    2.07
  95  1.4000E+01  1.1356E-05  1.1515E-05   0.986    2.07    3.00   0.690  1.1361E-05    2.07
  96  1.5000E+01  4.2217E-09  4.2807E-09   0.986    2.07    3.00   0.690  5.5315E-09    2.07
  97  1.6000E+01  7.5319E-10  7.6371E-10   0.986    2.07    3.00   0.690  1.3098E-09    2.07
  98  1.7000E+01  3.2875E-10  3.3333E-10   0.986    2.07    3.00   0.690  5.5663E-10    2.07
  99  1.8000E+01  1.3858E-10  1.4051E-10   0.986    2.07    3.00   0.690  2.2788E-10    2.07
 100  1.9000E+01  8.9300E-11  9.0540E-11   0.986    2.07    3.00   0.690  8.9300E-11    2.07
      2.0000E+01

  INTEGRALS OF SPECTRA
    OLD SPECTRUM   2.1086E-04   ±    3.011 %
    NEW SPECTRUM   2.0853E-04   ±    2.087 %

  SUMMARY OF BROAD-GROUP FLUXES, FLUENCES, AND UNCERTAINTIES

    IRRAD TIME [S] = 1.00000000E+00   ACT NORM =  1.00000000E+00

       ENERGY       FLUX       FLUENCE      STDEV %
      thermal    0.0000E+00  0.0000E+00  ±    NaN     (1E-4 eV – 0.55 eV)
     epithermal  1.0571E-05  1.0571E-05  ±   2.47     (0.55 eV – 110 keV)
        fast     1.9796E-04  1.9796E-04  ±   2.09     (110 keV –  20 MeV)
        fast     1.0946E-04  1.0946E-04  ±   2.08     (  1 MeV –  20 MeV)

    MINI-SPECTRUM

       ENERGY       FLUX       FLUENCE      STDEV %
     1.0000E-10  1.0000E+00  1.0000E+00  ± 100.00
     5.0000E-08  1.0000E+00  1.0000E+00  ± 100.00
     2.5500E-07  1.0000E+00  1.0000E+00  ± 100.00
     1.2750E-06  3.5691E-13  3.5691E-13  ±   2.07
     9.2000E-06  1.6007E-09  1.6007E-09  ±   2.07
     6.9000E-05  1.6590E-08  1.6590E-08  ±  27.17
     2.8000E-04  3.5789E-08  3.5789E-08  ±  14.86
     9.6000E-04  8.2397E-08  8.2397E-08  ±   7.34
     3.4000E-03  2.4933E-07  2.4933E-07  ±   4.52
     9.2000E-03  1.1352E-06  1.1352E-06  ±   3.20
     2.5500E-02

       TOTAL     2.0853E-04  2.0853E-04  ±   2.09

    RELATIVE COVARIANCES (10×10)
     1000     0     0     0     0     0     0     0     0     0
     1000     0     0     0     0     0     0     0     0
     1000     0     0     0     0     0     0     0
     1000  1000    71   133   279   459   651
     1000    71   133   279   459   651
     1000   777   338   122    72
     1000   738   364   183
     1000   805   504
     1000   860
     1000

  SPECTRAL-AVERAGED REACTION RATES (for all cross section library reactions)

        REACTIONS        SIG-PHI      <SIG>          REACTIONS        SIG-PHI      <SIG>          REACTIONS        SIG-PHI      <SIG>  
   ------------------  ----------  ----------   ------------------  ----------  ----------   ------------------  ----------  ----------
   LI6(N,A)T           9.2977E-29  4.4587E-25   FE54(N,A)CR51       2.7047E-30  1.2970E-26   IN115(N,N')IN115M   2.2393E-29  1.0739E-25
   B10(N,A)LI7         1.2772E-28  6.1249E-25   FE56(N,P)MN56       3.5751E-30  1.7144E-26   IN115(N,2N)IN114M   3.5293E-29  1.6925E-25
   F19(N,2N)F18        8.9423E-31  4.2883E-27   FE58(N,G)FE59       5.6040E-31  2.6874E-27   IN115(N,G)IN116M    2.9333E-29  1.4066E-25
   NA23(N,2N)NA22      4.6905E-31  2.2493E-27   CO59(N,2N)CO58      1.8414E-29  8.8306E-26   I127(N,2N)I126      4.6406E-29  2.2254E-25
   NA23(N,G)NA24       8.1326E-32  3.9000E-28   CO59(N,G)CO60       2.0668E-30  9.9112E-27   LA139(N,G)LA140     1.6521E-30  7.9226E-27
   MG24(N,P)NA24       6.2190E-30  2.9823E-26   CO59(N,A)MN56       9.3205E-31  4.4696E-27   PR141(N,2N)PR140    4.5645E-29  2.1889E-25
   AL27(N,P)MG27       3.0397E-30  1.4577E-26   NI58(N,2N)NI57      5.7431E-31  2.7541E-27   TM169(N,2N)TM168    5.9926E-29  2.8738E-25
   AL27(N,A)NA24       3.8145E-30  1.8293E-26   NI58(N,P)CO58       2.2905E-29  1.0984E-25   TA181(N,G)TA182     2.6351E-29  1.2636E-25
   P31(N,P)SI31        5.7280E-30  2.7469E-26   NI60(N,P)CO60       4.6423E-30  2.2262E-26   W186(N,G)W187       8.6110E-30  4.1294E-26
   S32(N,P)P32         1.4510E-29  6.9581E-26   CU63(N,2N)CU62      1.1441E-29  5.4866E-26   AU197(N,2N)AU196    6.2966E-29  3.0195E-25
   TI46(N,2N)TI45      4.0333E-31  1.9342E-27   CU63(N,G)CU64       2.9311E-30  1.4056E-26   AU197(N,G)AU198     2.3579E-29  1.1307E-25
   TI46(N,P)SC46       9.7043E-30  4.6537E-26   CU63(N,A)CO60       1.4591E-30  6.9971E-27   HG199(N,N')HG199M   3.0278E-29  1.4520E-25
   TI47(N,P)SC47       5.3823E-30  2.5811E-26   CU65(N,2N)CU64      2.4140E-29  1.1576E-25   PB204(N,N')PB204M   4.9733E-30  2.3849E-26
   TI47(N,X)SC46       9.5700E-31  4.5893E-27   ZN64(N,P)CU64       9.6365E-30  4.6212E-26   TH232(N,FISSION)    1.8509E-29  8.8758E-26
   TI48(N,P)SC48       1.8661E-30  8.9489E-27   AS75(N,2N)AS74      2.5250E-29  1.2109E-25   TH232(N,G)TH233     2.3826E-29  1.1426E-25
   TI48(N,X)SC47       1.6569E-31  7.9458E-28   Y89(N,2N)Y88        2.1029E-29  1.0084E-25   U235(N,FISSION)     2.8563E-28  1.3697E-24
   TI49(N,X)SC48       9.1836E-32  4.4040E-28   ZR90(N,2N)ZR89      1.4832E-29  7.1125E-26   U238(N,FISSION)     6.5287E-29  3.1308E-25
   V51(N,A)SC48        4.2345E-31  2.0306E-27   NB93(N,G)NB94       8.6622E-30  4.1540E-26   U238(N,G)U239       1.8657E-29  8.9470E-26
   CR52(N,2N)CR51      6.3848E-30  3.0618E-26   NB93(N,N')NB93M     1.7125E-29  8.2122E-26   NP237(N,FISSION)    2.4745E-28  1.1867E-24
   MN55(N,G)MN56       1.0207E-30  4.8950E-27   NB93(N,2N)NB92M     1.3196E-29  6.3282E-26   PU239(N,FISSION)    3.7773E-28  1.8114E-24
   FE54(N,2N)FE53      6.6829E-32  3.2048E-28   RH103(N,N')RH103M   1.0130E-28  4.8581E-25   AM241(N,FISSION)    2.4740E-28  1.1864E-24
   FE54(N,P)MN54       1.8917E-29  9.0716E-26   AG109(N,G)AG110M    2.8072E-30  1.3462E-26   SC45(N,G)SC46       1.7523E-30  8.4033E-27

  INPUT FLUX REL. CORRELATION MATRIX (by row from diagonal)
   1   1000  1000  1000  1000  1000  1000  1000  1000  1000  1000  1000  1000  1000  1000  1000  1000  1000  1000  1000  1000
       1000  1000   148    82    96   111   128   148   171   195   227   263   300   337   372   415   462   510   556   601
        650   697   739   776   815   848   873   897   917   934   948   956   962   967   971   975   977   980   981   983
        985   986   987   988   989   990   990   991   992   992   993   994   995   995   996   996   997   997   997   997
        998   998   998   998   998   998   999   999   999   999   999   999   999   999   999   999   999   999   999   999

  OUTPUT FLUX REL. CORRELATION MATRIX (by row from diagonal)
   1   1000  1000  1000  1000  1000  1000  1000  1000  1000  1000  1000  1000  1000  1000  1000  1000  1000  1000  1000  1000
       1000  1000    98    51    60    70    82    95   111   128   150   176   204   233   260   295   334   375   417   460
        508   558   606   650   699   744   780   816   848   876   900   915   927   936   943   950   955   959   962   966
        969   971   974   976   977   979   980   982   983   984   986   988   989   990   991   992   993   993   994   995
        995   996   996   996   997   997   997   997   998   998   998   998   998   998   998   999   999   999   999   999
   2   1000  1000  1000  1000  1000  1000  1000  1000  1000  1000  1000  1000  1000  1000  1000  1000  1000  1000  1000  1000
       1000    98    51    60    70    82    95   111   128   150   176   204   233   260   295   334   375   417   460   508
        558   606   650   699   744   780   816   848   876   900   915   927   936   943   950   955   959   962   966   969
        971   974   976   977   979   980   982   983   984   986   988   989   990   991   992   993   993   994   995   995
        996   996   996   997   997   997   997   998   998   998   998   998   998   998   999   999   999   999   999
   3   1000  1000  1000  1000  1000  1000  1000  1000  1000  1000  1000  1000  1000  1000  1000  1000  1000  1000  1000  1000
         98    51    60    70    82    95   111   128   150   176   204   233   260   295   334   375   417   460   508   558
        606   650   699   744   780   816   848   876   900   915   927   936   943   950   955   959   962   966   969   971
        974   976   977   979   980   982   983   984   986   988   989   990   991   992   993   993   994   995   995   996
        996   996   997   997   997   997   998   998   998   998   998   998   998   999   999   999   999   999
   4   1000  1000  1000  1000  1000  1000  1000  1000  1000  1000  1000  1000  1000  1000  1000  1000  1000  1000  1000    98
         51    60    70    82    95   111   128   150   176   204   233   260   295   334   375   417   460   508   558   606
        650   699   744   780   816   848   876   900   915   927   936   943   950   955   959   962   966   969   971   974
        976   977   979   980   982   983   984   986   988   989   990   991   992   993   993   994   995   995   996   996
        996   997   997   997   997   998   998   998   998   998   998   998   999   999   999   999   999
   5   1000  1000  1000  1000  1000  1000  1000  1000  1000  1000  1000  1000  1000  1000  1000  1000  1000  1000    98    51
         60    70    82    95   111   128   150   176   204   233   260   295   334   375   417   460   508   558   606   650
        699   744   780   816   848   876   900   915   927   936   943   950   955   959   962   966   969   971   974   976
        977   979   980   982   983   984   986   988   989   990   991   992   993   993   994   995   995   996   996   996
        997   997   997   997   998   998   998   998   998   998   998   999   999   999   999   999
   6   1000  1000  1000  1000  1000  1000  1000  1000  1000  1000  1000  1000  1000  1000  1000  1000  1000    98    51    60
         70    82    95   111   128   150   176   204   233   260   295   334   375   417   460   508   558   606   650   699
        744   780   816   848   876   900   915   927   936   943   950   955   959   962   966   969   971   974   976   977
        979   980   982   983   984   986   988   989   990   991   992   993   993   994   995   995   996   996   996   997
        997   997   997   998   998   998   998   998   998   998   999   999   999   999   999
   7   1000  1000  1000  1000  1000  1000  1000  1000  1000  1000  1000  1000  1000  1000  1000  1000    98    51    60    70
         82    95   111   128   150   176   204   233   260   295   334   375   417   460   508   558   606   650   699   744
        780   816   848   876   900   915   927   936   943   950   955   959   962   966   969   971   974   976   977   979
        980   982   983   984   986   988   989   990   991   992   993   993   994   995   995   996   996   996   997   997
        997   997   998   998   998   998   998   998   998   999   999   999   999   999
   8   1000  1000  1000  1000  1000  1000  1000  1000  1000  1000  1000  1000  1000  1000  1000    98    51    60    70    82
         95   111   128   150   176   204   233   260   295   334   375   417   460   508   558   606   650   699   744   780
        816   848   876   900   915   927   936   943   950   955   959   962   966   969   971   974   976   977   979   980
        982   983   984   986   988   989   990   991   992   993   993   994   995   995   996   996   996   997   997   997
        997   998   998   998   998   998   998   998   999   999   999   999   999
   9   1000  1000  1000  1000  1000  1000  1000  1000  1000  1000  1000  1000  1000  1000    98    51    60    70    82    95
        111   128   150   176   204   233   260   295   334   375   417   460   508   558   606   650   699   744   780   816
        848   876   900   915   927   936   943   950   955   959   962   966   969   971   974   976   977   979   980   982
        983   984   986   988   989   990   991   992   993   993   994   995   995   996   996   996   997   997   997   997
        998   998   998   998   998   998   998   999   999   999   999   999
  10   1000  1000  1000  1000  1000  1000  1000  1000  1000  1000  1000  1000  1000    98    51    60    70    82    95   111
        128   150   176   204   233   260   295   334   375   417   460   508   558   606   650   699   744   780   816   848
        876   900   915   927   936   943   950   955   959   962   966   969   971   974   976   977   979   980   982   983
        984   986   988   989   990   991   992   993   993   994   995   995   996   996   996   997   997   997   997   998
        998   998   998   998   998   998   999   999   999   999   999
  11   1000  1000  1000  1000  1000  1000  1000  1000  1000  1000  1000  1000    98    51    60    70    82    95   111   128
        150   176   204   233   260   295   334   375   417   460   508   558   606   650   699   744   780   816   848   876
        900   915   927   936   943   950   955   959   962   966   969   971   974   976   977   979   980   982   983   984
        986   988   989   990   991   992   993   993   994   995   995   996   996   996   997   997   997   997   998   998
        998   998   998   998   998   999   999   999   999   999
  12   1000  1000  1000  1000  1000  1000  1000  1000  1000  1000  1000    98    51    60    70    82    95   111   128   150
        176   204   233   260   295   334   375   417   460   508   558   606   650   699   744   780   816   848   876   900
        915   927   936   943   950   955   959   962   966   969   971   974   976   977   979   980   982   983   984   986
        988   989   990   991   992   993   993   994   995   995   996   996   996   997   997   997   997   998   998   998
        998   998   998   998   999   999   999   999   999
  13   1000  1000  1000  1000  1000  1000  1000  1000  1000  1000    98    51    60    70    82    95   111   128   150   176
        204   233   260   295   334   375   417   460   508   558   606   650   699   744   780   816   848   876   900   915
        927   936   943   950   955   959   962   966   969   971   974   976   977   979   980   982   983   984   986   988
        989   990   991   992   993   993   994   995   995   996   996   996   997   997   997   997   998   998   998   998
        998   998   998   999   999   999   999   999
  14   1000  1000  1000  1000  1000  1000  1000  1000  1000    98    51    60    70    82    95   111   128   150   176   204
        233   260   295   334   375   417   460   508   558   606   650   699   744   780   816   848   876   900   915   927
        936   943   950   955   959   962   966   969   971   974   976   977   979   980   982   983   984   986   988   989
        990   991   992   993   993   994   995   995   996   996   996   997   997   997   997   998   998   998   998   998
        998   998   999   999   999   999   999
  15   1000  1000  1000  1000  1000  1000  1000  1000    98    51    60    70    82    95   111   128   150   176   204   233
        260   295   334   375   417   460   508   558   606   650   699   744   780   816   848   876   900   915   927   936
        943   950   955   959   962   966   969   971   974   976   977   979   980   982   983   984   986   988   989   990
        991   992   993   993   994   995   995   996   996   996   997   997   997   997   998   998   998   998   998   998
        998   999   999   999   999   999
  16   1000  1000  1000  1000  1000  1000  1000    98    51    60    70    82    95   111   128   150   176   204   233   260
        295   334   375   417   460   508   558   606   650   699   744   780   816   848   876   900   915   927   936   943
        950   955   959   962   966   969   971   974   976   977   979   980   982   983   984   986   988   989   990   991
        992   993   993   994   995   995   996   996   996   997   997   997   997   998   998   998   998   998   998   998
        999   999   999   999   999
  17   1000  1000  1000  1000  1000  1000    98    51    60    70    82    95   111   128   150   176   204   233   260   295
        334   375   417   460   508   558   606   650   699   744   780   816   848   876   900   915   927   936   943   950
        955   959   962   966   969   971   974   976   977   979   980   982   983   984   986   988   989   990   991   992
        993   993   994   995   995   996   996   996   997   997   997   997   998   998   998   998   998   998   998   999
        999   999   999   999
  18   1000  1000  1000  1000  1000    98    51    60    70    82    95   111   128   150   176   204   233   260   295   334
        375   417   460   508   558   606   650   699   744   780   816   848   876   900   915   927   936   943   950   955
        959   962   966   969   971   974   976   977   979   980   982   983   984   986   988   989   990   991   992   993
        993   994   995   995   996   996   996   997   997   997   997   998   998   998   998   998   998   998   999   999
        999   999   999
  19   1000  1000  1000  1000    98    51    60    70    82    95   111   128   150   176   204   233   260   295   334   375
        417   460   508   558   606   650   699   744   780   816   848   876   900   915   927   936   943   950   955   959
        962   966   969   971   974   976   977   979   980   982   983   984   986   988   989   990   991   992   993   993
        994   995   995   996   996   996   997   997   997   997   998   998   998   998   998   998   998   999   999   999
        999   999
  20   1000  1000  1000    98    51    60    70    82    95   111   128   150   176   204   233   260   295   334   375   417
        460   508   558   606   650   699   744   780   816   848   876   900   915   927   936   943   950   955   959   962
        966   969   971   974   976   977   979   980   982   983   984   986   988   989   990   991   992   993   993   994
        995   995   996   996   996   997   997   997   997   998   998   998   998   998   998   998   999   999   999   999
        999
  21   1000  1000    98    51    60    70    82    95   111   128   150   176   204   233   260   295   334   375   417   460
        508   558   606   650   699   744   780   816   848   876   900   915   927   936   943   950   955   959   962   966
        969   971   974   976   977   979   980   982   983   984   986   988   989   990   991   992   993   993   994   995
        995   996   996   996   997   997   997   997   998   998   998   998   998   998   998   999   999   999   999   999
  22   1000    98    51    60    70    82    95   111   128   150   176   204   233   260   295   334   375   417   460   508
        558   606   650   699   744   780   816   848   876   900   915   927   936   943   950   955   959   962   966   969
        971   974   976   977   979   980   982   983   984   986   988   989   990   991   992   993   993   994   995   995
        996   996   996   997   997   997   997   998   998   998   998   998   998   998   999   999   999   999   999
  23   1000   987   952   897   825   741   651   560   472   390   317   254   202   161   130   107    92    82    77    75
         75    76    79    82    85    87    90    92    93    95    95    96    96    97    97    97    97    97    97    97
         97    97    97    97    97    97    97    97    97    97    97    97    97    98    98    98    98    98    98    98
         98    98    98    98    98    98    98    98    98    98    98    98    98    98    98    98    98    98
  24   1000   988   953   897   824   740   649   557   467   384   309   245   192   149   116    92    74    63    55    51
         49    48    49    49    50    51    51    52    52    52    52    52    52    52    52    52    52    52    51    51
         51    51    51    51    51    51    51    51    51    51    51    51    51    51    51    51    51    51    51    51
         51    51    51    51    51    51    51    51    51    51    51    51    51    51    51    51    51
  25   1000   988   953   897   825   741   651   558   469   385   311   247   195   153   120    97    80    70    63    59
         58    58    58    58    59    60    61    61    61    61    61    61    61    61    61    61    61    60    60    60
         60    60    60    60    60    60    60    60    60    60    60    60    60    60    60    60    60    60    60    60
         60    60    60    60    60    60    60    60    60    60    60    60    60    60    60    60
  26   1000   988   953   898   826   742   651   559   470   387   313   250   198   157   126   103    87    77    71    68
         67    67    68    68    69    70    70    71    71    71    71    71    71    70    70    70    70    70    70    70
         70    69    69    69    69    69    69    69    69    69    69    70    70    70    70    70    70    70    70    70
         70    70    70    70    70    70    70    70    70    70    70    70    70    70    70
  27   1000   988   953   898   826   742   652   560   471   389   316   253   202   162   132   111    96    87    82    80
         79    79    79    80    81    82    82    82    82    82    82    82    82    82    82    81    81    81    81    81
         81    81    81    81    81    81    81    81    81    81    81    81    81    81    81    81    81    81    81    81
         81    81    81    81    81    81    81    82    82    82    82    82    82    82
  28   1000   988   953   898   826   743   652   561   472   391   319   257   208   169   141   120   107    99    94    92
         92    92    93    94    94    95    95    95    95    95    95    95    95    95    95    95    94    94    94    94
         94    94    94    94    94    94    94    94    94    94    95    95    95    95    95    95    95    95    95    95
         95    95    95    95    95    95    95    95    95    95    95    95    95
  29   1000   988   953   898   826   743   653   562   474   393   322   263   215   178   151   132   120   113   109   107
        107   107   108   109   109   109   110   110   110   110   110   110   110   109   109   109   109   109   109   109
        109   109   109   109   109   109   109   110   110   110   110   110   110   110   110   110   110   110   110   110
        110   110   110   110   110   110   110   110   110   110   110   110
  30   1000   988   953   898   826   743   654   563   476   397   328   270   223   188   163   146   135   128   125   124
        124   124   125   125   126   126   126   126   126   126   126   126   126   126   126   126   126   126   126   126
        126   126   126   126   127   127   127   127   127   127   127   127   127   127   127   127   127   127   127   127
        127   127   127   127   127   127   128   128   128   128   128
  31   1000   988   953   898   827   744   655   566   481   403   336   280   236   203   180   164   154   149   146   146
        146   146   146   147   147   148   148   148   148   148   148   148   148   148   148   148   148   148   148   148
        148   149   149   149   149   149   149   149   149   149   150   150   150   150   150   150   150   150   150   150
        150   150   150   150   150   150   150   150   150   150
  32   1000   988   953   899   828   746   658   570   487   412   347   294   252   221   200   186   177   173   171   171
        171   171   171   172   172   172   173   173   173   173   173   173   173   174   174   174   174   174   174   174
        174   174   175   175   175   175   175   175   175   175   175   176   176   176   176   176   176   176   176   176
        176   176   176   176   176   176   176   176   176
  33   1000   988   954   899   829   748   662   576   495   422   360   309   271   243   223   210   203   199   198   197
        197   197   198   198   199   199   199   200   200   200   200   200   200   201   201   201   201   201   201   202
        202   202   202   202   202   203   203   203   203   203   203   203   203   203   203   203   203   203   203   203
        204   204   204   204   204   204   204   204
  34   1000   988   954   900   830   751   666   582   504   434   375   327   291   265   248   237   230   227   226   225
        225   225   226   226   226   227   227   227   228   228   228   228   229   229   229   229   229   229   230   230
        230   231   231   231   231   231   231   231   232   232   232   232   232   232   232   232   232   232   232   232
        232   232   232   232   232   232   232
  35   1000   988   954   900   832   753   670   589   513   446   390   346   312   288   273   263   257   254   252   252
        252   252   252   253   253   253   254   254   255   255   255   255   256   256   256   256   257   257   257   258
        258   258   258   258   259   259   259   259   259   259   259   259   259   259   260   260   260   260   260   260
        260   260   260   260   260   260
  36   1000   988   954   902   835   758   677   599   527   464   411   370   340   318   305   296   291   287   286   285
        285   286   286   286   287   287   288   288   289   289   289   289   290   290   290   291   291   292   292   292
        292   293   293   293   293   293   294   294   294   294   294   294   294   294   294   294   294   294   294   294
        295   295   295   295   295
  37   1000   989   955   904   838   764   687   613   544   485   437   400   373   354   341   333   328   325   324   323
        324   324   324   325   325   326   326   327   327   328   328   328   329   329   329   330   331   331   331   332
        332   332   332   333   333   333   333   333   333   333   333   334   334   334   334   334   334   334   334   334
        334   334   334   334
  38   1000   989   957   906   843   771   699   628   564   510   466   432   408   391   379   372   367   365   364   363
        363   363   364   365   365   366   366   367   367   368   368   369   369   370   370   371   371   372   372   372
        373   373   373   373   374   374   374   374   374   374   374   374   374   374   375   375   375   375   375   375
        375   375   375
  39   1000   989   957   909   848   780   711   645   586   536   496   466   445   429   419   412   408   406   404   404
        404   405   405   406   407   407   408   408   409   409   410   410   411   412   412   413   413   413   414   414
        415   415   415   415   415   416   416   416   416   416   416   416   416   416   416   416   417   417   417   417
        417   417
  40   1000   989   958   912   854   789   724   664   610   565   529   502   482   469   459   453   449   447   446   446
        446   446   447   448   448   449   450   450   451   451   452   452   453   454   455   455   456   456   456   457
        457   457   457   458   458   458   458   458   458   458   459   459   459   459   459   459   459   459   459   459
        459
  41   1000   990   960   917   862   802   743   688   639   599   568   544   527   514   506   500   497   495   494   494
        494   495   495   496   497   497   498   498   499   500   500   501   502   503   503   504   504   505   505   506
        506   506   506   506   507   507   507   507   507   507   507   507   508   508   508   508   508   508   508   508
  42   1000   990   963   921   871   817   763   714   671   636   608   587   572   561   553   548   545   543   542   542
        543   543   544   545   546   546   547   547   548   549   550   551   552   552   553   553   554   554   555   555
        555   555   556   556   556   556   556   556   557   557   557   557   557   557   557   557   557   557   557
  43   1000   991   965   927   881   832   784   740   703   672   648   630   616   606   599   595   592   590   590   590
        590   591   592   592   593   594   595   595   596   597   598   599   600   600   601   601   602   602   603   603
        603   603   604   604   604   604   604   604   605   605   605   605   605   605   605   605   605   605
  44   1000   991   967   933   891   847   804   766   733   707   686   669   657   648   642   638   635   634   634   634
        634   635   636   636   637   638   639   640   641   642   643   643   644   645   645   646   646   647   647   647
        647   648   648   648   648   648   648   649   649   649   649   649   649   649   649   649   649
  45   1000   992   971   940   904   865   829   796   769   746   728   713   702   694   689   685   683   683   682   682
        683   684   684   685   686   687   688   689   690   691   692   692   693   694   694   695   695   695   696   696
        696   696   697   697   697   697   697   697   697   698   698   698   698   698   698   698
  46   1000   993   975   948   916   883   853   826   803   783   767   755   745   738   733   730   729   728   728   728
        729   729   730   731   731   733   734   735   736   737   738   738   739   740   740   740   741   741   741   742
        742   742   742   742   743   743   743   743   743   743   743   743   743   743   743
  47   1000   994   977   953   926   899   873   850   830   812   798   787   779   773   769   766   765   764   764   764
        765   765   766   767   768   770   771   772   773   773   774   775   775   776   776   777   777   777   778   778
        778   778   778   779   779   779   779   779   779   779   779   779   779   779
  48   1000   995   980   960   938   915   894   874   856   842   829   820   812   807   804   802   800   800   800   800
        801   801   802   804   805   806   807   808   809   810   810   811   811   812   812   812   813   813   813   814
        814   814   814   814   814   815   815   815   815   815   815   815   815
  49   1000   995   983   967   949   931   912   896   881   868   857   849   843   839   836   834   833   832   832   833
        833   834   835   837   838   839   840   841   842   842   843   843   844   844   844   845   845   845   846   846
        846   846   846   846   847   847   847   847   847   847   847   847
  50   1000   996   987   974   959   944   929   914   902   891   882   875   870   866   863   862   861   861   861   861
        862   863   865   866   867   868   869   870   870   871   871   872   872   873   873   873   873   874   874   874
        874   875   875   875   875   875   875   875   875   875   875
  51   1000   997   990   980   967   955   942   930   919   910   902   897   892   889   887   886   885   885   885   886
        887   888   889   890   891   892   893   894   894   895   895   896   896   896   897   897   897   897   898   898
        898   898   898   898   898   898   899   899   899   899
  52   1000   998   992   983   973   962   951   940   931   923   916   911   907   904   903   902   901   901   901   902
        904   905   906   907   908   908   909   910   910   911   911   911   912   912   912   913   913   913   913   913
        914   914   914   914   914   914   914   914   914
  53   1000   998   993   985   976   967   957   948   940   932   927   922   918   916   914   913   913   913   914   915
        916   917   918   919   920   920   921   922   922   922   923   923   923   924   924   924   924   925   925   925
        925   925   925   925   925   925   925   925
  54   1000   998   994   987   979   971   962   954   947   940   935   931   928   925   924   923   923   924   925   926
        926   927   928   929   929   930   931   931   931   932   932   932   933   933   933   933   934   934   934   934
        934   934   934   934   935   935   935
  55   1000   999   995   989   982   974   966   959   952   947   942   938   935   933   932   931   932   933   933   934
        935   936   936   937   938   938   939   939   939   940   940   940   941   941   941   941   941   942   942   942
        942   942   942   942   942   942
  56   1000   999   995   990   984   977   970   963   957   952   948   944   942   940   939   939   940   940   941   941
        942   943   943   944   944   945   945   946   946   946   947   947   947   947   947   948   948   948   948   948
        948   948   948   948   948
  57   1000   999   996   991   985   979   973   967   961   957   953   950   947   946   945   946   946   946   947   947
        948   949   949   950   950   951   951   951   952   952   952   952   953   953   953   953   953   953   953   954
        954   954   954   954
  58   1000   999   996   992   987   981   975   970   965   960   957   954   952   951   951   951   951   951   952   952
        953   953   954   954   955   955   955   956   956   956   956   957   957   957   957   957   957   957   957   958
        958   958   958
  59   1000   999   996   993   988   983   977   972   968   963   960   958   956   955   955   955   955   955   956   956
        957   957   958   958   958   959   959   959   960   960   960   960   960   961   961   961   961   961   961   961
        961   961
  60   1000   999   997   993   989   984   979   974   970   966   963   961   960   960   959   959   959   959   960   960
        961   961   961   962   962   962   963   963   963   963   964   964   964   964   964   964   964   964   964   964
        964
  61   1000   999   997   994   990   985   981   977   973   969   967   965   964   963   963   963   963   963   963   964
        964   964   965   965   965   966   966   966   966   967   967   967   967   967   967   967   967   967   967   967
  62   1000   999   997   994   991   987   982   979   975   972   970   968   967   967   966   966   966   966   967   967
        967   968   968   968   968   969   969   969   969   969   970   970   970   970   970   970   970   970   970
  63   1000   999   998   995   991   988   984   980   977   975   973   971   970   969   969   969   969   969   969   970
        970   970   970   971   971   971   971   972   972   972   972   972   972   972   972   972   973   973
  64   1000   999   998   995   992   989   985   982   979   977   975   973   972   972   971   971   971   972   972   972
        972   972   973   973   973   973   973   974   974   974   974   974   974   974   974   974   974
  65   1000   999   998   996   993   989   986   983   981   979   977   975   975   974   974   974   974   974   974   974
        974   974   975   975   975   975   975   976   976   976   976   976   976   976   976   976
  66   1000   999   998   996   993   990   987   985   982   980   979   977   977   976   976   976   976   976   976   976
        976   976   977   977   977   977   977   977   977   978   978   978   978   978   978
  67   1000  1000   998   996   994   991   988   986   984   982   980   979   978   978   977   977   977   977   977   978
        978   978   978   978   979   979   979   979   979   979   979   979   979   979
  68   1000  1000   998   996   994   992   989   987   985   983   982   981   980   979   979   979   979   979   979   979
        979   979   980   980   980   980   980   980   980   980   980   980   981
  69   1000  1000   998   997   994   992   990   988   986   984   983   982   981   981   980   980   980   980   980   980
        981   981   981   981   981   981   981   981   982   982   982   982
  70   1000  1000   998   997   995   993   991   989   987   985   984   983   983   982   982   982   982   982   982   982
        982   982   982   982   983   983   983   983   983   983   983
  71   1000  1000   999   997   995   993   992   990   988   987   986   985   984   984   984   984   983   984   984   984
        984   984   984   984   984   984   984   984   985   985
  72   1000  1000   999   998   996   994   993   991   990   989   988   987   986   986   986   986   986   986   986   986
        986   986   986   986   986   986   986   986   986
  73   1000  1000   999   998   996   995   994   992   991   990   989   988   988   987   987   987   987   987   987   987
        987   987   988   988   988   988   988   988
  74   1000  1000   999   998   997   995   994   993   992   991   990   989   989   989   988   988   988   988   988   989
        989   989   989   989   989   989   989
  75   1000  1000   999   998   997   996   995   994   992   992   991   990   990   990   989   989   989   989   989   990
        990   990   990   990   990   990
  76   1000  1000   999   998   997   996   995   994   993   992   992   991   991   991   990   990   990   990   990   990
        991   991   991   991   991
  77   1000  1000   999   999   998   997   996   995   994   993   993   992   992   992   991   991   991   991   991   991
        991   992   992   992
  78   1000  1000   999   999   998   997   996   995   994   994   993   993   993   992   992   992   992   992   992   992
        992   992   992
  79   1000  1000   999   999   998   997   996   996   995   994   994   994   993   993   993   993   993   993   993   993
        993   993
  80   1000  1000   999   999   998   998   997   996   995   995   994   994   994   994   994   994   993   993   993   994
        994
  81   1000  1000  1000   999   998   998   997   996   996   995   995   995   994   994   994   994   994   994   994   994
  82   1000  1000  1000   999   999   998   997   997   996   996   995   995   995   995   995   994   994   994   994
  83   1000  1000  1000   999   999   998   998   997   996   996   996   995   995   995   995   995   995   995
  84   1000  1000  1000   999   999   998   998   997   997   996   996   996   996   995   995   995   995
  85   1000  1000  1000   999   999   998   998   997   997   997   996   996   996   996   996   996
  86   1000  1000  1000   999   999   999   998   998   997   997   997   996   996   996   996
  87   1000  1000  1000   999   999   999   998   998   997   997   997   997   996   996
  88   1000  1000  1000   999   999   999   998   998   998   997   997   997   997
  89   1000  1000  1000  1000   999   999   999   998   998   998   997   997
  90   1000  1000  1000  1000   999   999   999   998   998   998   998
  91   1000  1000  1000  1000   999   999   999   998   998   998
  92   1000  1000  1000  1000   999   999   999   999   998
  93   1000  1000  1000  1000   999   999   999   999
  94   1000  1000  1000  1000   999   999   999
  95   1000  1000  1000  1000   999   999
  96   1000  1000  1000  1000  1000
  97   1000  1000  1000  1000
  98   1000  1000  1000
  99   1000  1000
 100   1000

 Finished!
