ETA Experiment with Modeled values from SAMPLER
  129   10    1    0    1
   0.00500   9.00000   0.03000   0.00100
   0.0000000   0   0 1.00000000E+00   1.0000000
ZR902    4.375E-14 0.047       0.00       0.00        (    )
NI582    1.516E-15 0.048       0.00       0.00        (    )
NI58P    5.509E-14 0.025       0.00       0.00        (    )
AU1972   1.518E-13 0.048       0.00       0.00        (    )
AU197G   5.262E-14 0.026       0.00 AUNG  3.94 IFX    (ISTP)
IN115N   5.466E-14 0.023       0.00       0.00        (    )
IN115G   7.268E-14 0.034       0.00 INNG 39.37 IFX    (ISTP)
AL27A    9.054E-15 0.046       0.00       0.00        (    )
W186G    2.068E-14 0.041       0.00 WWNG 39.37 IFX    (ISTP)
MN55G    2.157E-15 0.196       0.00 MNNG 39.37 IFX    (ISTP)
Flux Uncertainty
 129
 1.0355E+00 1.2497E+00 1.1552E+00 1.1213E+00 1.1223E+00 1.0913E+00 1.0960E+00
 1.0916E+00 1.1109E+00 1.0312E+00 1.0120E+00 9.8590E-01 9.5840E-01 9.2950E-01
 8.5750E-01 7.4780E-01 5.9820E-01 3.9370E-01 1.4030E-01 1.2530E-01 1.1180E-01
 1.0380E-01 9.8500E-02 9.5400E-02 9.8000E-02 8.8700E-02 8.7300E-02 7.5900E-02
 7.7800E-02 7.1400E-02 6.6000E-02 4.9400E-02 4.3900E-02 4.0400E-02 3.6300E-02
 3.1600E-02 3.1400E-02 3.2100E-02 3.3300E-02 3.3100E-02 3.4100E-02 3.3800E-02
 3.3300E-02 3.3200E-02 3.4900E-02 3.4700E-02 3.1700E-02 3.3700E-02 3.2700E-02
 3.3800E-02 2.9900E-02 3.0600E-02 3.0400E-02 2.9400E-02 2.9400E-02 2.9300E-02
 2.8500E-02 2.7800E-02 2.7900E-02 2.7800E-02 2.7400E-02 2.7300E-02 2.7300E-02
 2.8600E-02 2.7900E-02 2.8200E-02 2.7900E-02 2.8200E-02 2.8000E-02 2.9600E-02
 3.2600E-02 3.0700E-02 2.9500E-02 2.7800E-02 2.9100E-02 3.0700E-02 3.2500E-02
 3.3300E-02 3.7100E-02 4.1500E-02 4.1500E-02 3.8800E-02 3.6600E-02 3.5300E-02
 3.4000E-02 3.2200E-02 3.0200E-02 3.3000E-02 3.8900E-02 4.4600E-02 4.9700E-02
 5.4700E-02 5.7900E-02 5.9100E-02 5.9000E-02 5.9400E-02 5.9700E-02 6.0100E-02
 6.0500E-02 6.0900E-02 6.1500E-02 6.1400E-02 5.9400E-02 5.7600E-02 5.5800E-02
 5.4000E-02 5.2100E-02 4.5800E-02 4.5800E-02 4.9310E-01 4.1020E-01 2.7900E-01
 4.3070E-01 3.1250E-01 4.3760E-01 9.1250E-01 4.4710E-01 3.7940E-01 4.0750E-01
 4.3410E-01 3.6140E-01 6.0910E-01 4.2270E-01 3.2680E-01 4.9360E-01 4.4780E-01
 4.8940E-01 5.9110E-01 6.3750E-01
Input Flux Spectrum
 129   1 1.000E+00 2.000E+01 5.000E-08
 0.0000E+00 3.7799E+02 1.5297E+03 6.7055E+03 8.2530E+03 1.4200E+04 3.2013E+04
 5.3453E+04 7.5461E+04 9.6507E+04 1.3153E+05 1.3043E+05 1.1301E+05 5.0068E+05
 4.3025E+05 4.5032E+05 6.9017E+05 1.0944E+06 8.9964E+05 1.6276E+06 2.4295E+06
 2.9516E+06 3.1068E+06 2.5375E+06 2.0925E+06 3.0479E+06 3.4332E+06 2.0113E+06
 2.1742E+06 4.3566E+06 6.4538E+06 5.6297E+06 8.9335E+06 1.2572E+07 2.5267E+07
 2.9482E+07 3.7327E+07 7.9032E+07 8.8867E+07 1.8608E+08 2.2697E+08 4.1162E+08
 4.4300E+08 6.0209E+08 1.1770E+09 1.6801E+09 1.2839E+09 2.5872E+09 3.1696E+09
 6.2655E+09 5.0688E+09 7.6971E+09 6.4256E+09 8.3134E+09 7.6568E+09 9.0000E+09
 9.6892E+09 7.6140E+09 1.0806E+10 1.0391E+10 1.1571E+10 1.1865E+10 1.1401E+10
 1.1233E+10 1.3123E+10 1.3188E+10 1.2827E+10 1.1369E+10 1.4921E+10 1.3834E+10
 2.9046E+10 2.3184E+10 1.9731E+10 1.6377E+10 1.3781E+10 1.6358E+10 1.2767E+10
 9.5692E+09 9.3094E+09 6.8495E+09 5.1960E+09 4.1490E+09 3.9702E+09 3.0157E+09
 2.5226E+09 3.0294E+09 2.3752E+09 2.0344E+09 1.6590E+09 1.9695E+09 2.1223E+09
 1.0344E+09 4.3007E+08 1.0756E+08 1.1532E+08 1.2442E+08 1.3317E+08 1.6835E+08
 2.1145E+08 1.7981E+08 1.7055E+08 2.0408E+08 3.2317E+08 4.1155E+08 3.8187E+08
 6.0387E+08 2.6433E+09 1.5125E+10 4.7961E+10 6.7808E+03 5.6927E+03 4.6516E+03
 3.1941E+03 4.4596E+03 5.6284E+03 3.7141E+04 8.1939E+03 3.4587E+03 4.9560E+03
 2.6867E+03 1.8321E+03 1.1248E+04 3.5584E+03 2.5990E+03 5.0146E+03 2.5247E+03
 1.2666E+03 4.8357E+03 3.6110E+04
   10   13   28   11    8    5    8    7   10   29



                         ==============================
                               STAYSL PNNL OUTPUT
                         ==============================

 STAYSL PNNL, version 1.2.0, 2015-08-05


 SCENARIO TITLE: ETA Experiment with Modeled values from SAMPLER
 -------------------------------------------------------------------------------
  NGROUP =   129    NRXN =    10    ACTIVITY NORM = 1.00000E+00

  COVARIANCE PARAMETERS (FCHN, FCVX, ACVX, FS)
    FLUXES:      WIDTH =  9.0000E+00   LONG RANGE COVAR. =  3.0000E-02
            ACTIVITIES =  5.0000E-03   X-SECT CROSS COR. =  1.0000E-03

    DETERM =   2.0569 × 10^   0.00      ERROR =  -4.2202E-16

  INPUT NORMALIZATION DATA
    AK1   =     0.00000     VAK        =     0.00090
    NORML =           0     RENORM     = 1.03843E+00
    CHI²  =     6.58173     NORM. CHI² =     0.73130

  DOSIMETRY ACTIVITIES
     ———— INPUTS —————  -UNADJUSTED FLUX-  — ADJUSTED FLUX —    CHI²  90% ACTIVITIES RANGE
 RXN  MEASURED     ±%   ACTIVITY    %DIFF  ACTIVITY    %DIFF  CONTRIB --LOW E-- --HIGH E--   REACTION          CVR
  1  4.375E-14    4.70  4.211E-14   -3.76  4.183E-14   -4.39    0.729  1.38E+01  1.40E+01  ZR90(N,2N)ZR89          
  2  1.516E-15    4.80  1.523E-15    0.49  1.513E-15   -0.17   -0.003  1.38E+01  1.40E+01  NI58(N,2N)NI57          
  3  5.509E-14    2.50  5.334E-14   -3.18  5.361E-14   -2.69    1.129  2.30E+00  1.40E+01  NI58(N,P)CO58           
  4  1.518E-13    4.80  1.593E-13    4.95  1.584E-13    4.34    0.896  1.28E+01  1.40E+01  AU197(N,2N)AU196        
  5  5.262E-14    2.60  5.494E-14    4.41  5.433E-14    3.25    2.097  1.20E-02  1.80E+00  AU197(N,G)AU198         
  6  5.466E-14    2.30  5.357E-14   -1.99  5.411E-14   -1.00    0.273  9.20E-01  1.40E+01  IN115(N,N')IN115M       
  7  7.268E-14    3.40  7.254E-14   -0.20  7.203E-14   -0.89    0.011  2.55E-02  2.00E+00  IN115(N,G)IN116M        
  8  9.054E-15    4.60  9.514E-15    5.08  9.465E-15    4.54    1.095  1.00E+01  1.40E+01  AL27(N,A)NA24           
  9  2.068E-14    4.10  2.019E-14   -2.38  2.003E-14   -3.14    0.355  1.90E-02  2.30E+00  W186(N,G)W187           
 10  2.157E-15   19.60  2.161E-15    0.21  2.139E-15   -0.82    0.000  2.00E-03  2.30E+00  MN55(N,G)MN56           

             % STD. DEV.  =          3.40               3.15

  DIFFERENTIAL FLUXES (input is normalized by a factor of 1.0384E+00)
                  —————— DIFFERENTIAL FLUX —————   ———— STD. DEV. % ————   INTEGRAL
 GRP    ENERGY        NEW         OLD      RATIO    NEW     OLD    RATIO   FLUX > E     ± %
   2  1.0000E-09  4.2148E+10  4.3613E+10   0.966  124.89  124.95   1.000  5.0310E+11    1.38
   3  1.0000E-08  1.1724E+11  1.2219E+11   0.959  115.43  115.51   0.999  5.0310E+11    1.38
   4  2.3000E-08  2.4487E+11  2.5790E+11   0.949  112.02  112.12   0.999  5.0310E+11    1.38
   5  5.0000E-08  3.0859E+11  3.2962E+11   0.936  112.09  112.22   0.999  5.0310E+11    1.38
   6  7.6000E-08  3.4892E+11  3.7809E+11   0.923  108.95  109.12   0.998  5.0310E+11    1.38
   7  1.1500E-07  5.4731E+11  6.0442E+11   0.906  109.35  109.59   0.998  5.0310E+11    1.38
   8  1.7000E-07  5.7950E+11  6.5303E+11   0.887  108.84  109.15   0.997  5.0310E+11    1.38
   9  2.5500E-07  5.4271E+11  6.2689E+11   0.866  110.66  111.08   0.996  5.0310E+11    1.38
  10  3.8000E-07  5.0498E+11  5.8950E+11   0.857  102.62  103.12   0.995  5.0310E+11    1.38
  11  5.5000E-07  3.9647E+11  4.7098E+11   0.842  100.59  101.20   0.994  5.0310E+11    1.38
  12  8.4000E-07  2.5856E+11  3.1136E+11   0.830   97.89   98.59   0.993  5.0310E+11    1.38
  13  1.2750E-06  1.5445E+11  1.8776E+11   0.823   95.06   95.84   0.992  5.0310E+11    1.38
  14  1.9000E-06  4.7299E+11  5.7769E+11   0.819   92.12   92.96   0.991  5.0310E+11    1.38
  15  2.8000E-06  2.5499E+11  3.0813E+11   0.828   84.93   85.76   0.990  5.0310E+11    1.38
  16  4.2500E-06  1.9343E+11  2.2811E+11   0.848   74.05   74.81   0.990  5.0310E+11    1.38
  17  6.3000E-06  2.1731E+11  2.4714E+11   0.879   59.23   59.87   0.989  5.0310E+11    1.38
  18  9.2000E-06  2.4367E+11  2.6429E+11   0.922   38.99   39.47   0.988  5.0310E+11    1.38
  19  1.3500E-05  1.2099E+11  1.2456E+11   0.971   13.94   14.34   0.972  5.0309E+11    1.38
  20  2.1000E-05  1.8321E+11  1.8779E+11   0.976   12.48   12.88   0.969  5.0309E+11    1.38
  21  3.0000E-05  1.6474E+11  1.6819E+11   0.979   11.17   11.57   0.965  5.0309E+11    1.38
  22  4.5000E-05  1.2545E+11  1.2771E+11   0.982   10.40   10.80   0.963  5.0309E+11    1.38
  23  6.9000E-05  1.0246E+11  1.0407E+11   0.985    9.90   10.29   0.962  5.0309E+11    1.38
  24  1.0000E-04  7.4254E+10  7.5286E+10   0.986    9.61   10.00   0.961  5.0308E+11    1.38
  25  1.3500E-04  6.1294E+10  6.2083E+10   0.987    9.88   10.24   0.964  5.0308E+11    1.38
  26  1.7000E-04  6.2614E+10  6.3301E+10   0.989    8.97    9.36   0.959  5.0308E+11    1.38
  27  2.2000E-04  5.8829E+10  5.9419E+10   0.990    8.84    9.23   0.959  5.0307E+11    1.38
  28  2.8000E-04  2.5883E+10  2.6107E+10   0.991    7.74    8.16   0.948  5.0307E+11    1.38
  29  3.6000E-04  2.4876E+10  2.5086E+10   0.992    7.92    8.34   0.951  5.0307E+11    1.38
  30  4.5000E-04  3.5909E+10  3.6192E+10   0.992    7.30    7.74   0.943  5.0307E+11    1.38
  31  5.7500E-04  3.5955E+10  3.6226E+10   0.993    6.78    7.25   0.935  5.0306E+11    1.38
  32  7.6000E-04  2.9037E+10  2.9230E+10   0.993    5.19    5.78   0.899  5.0306E+11    1.38
  33  9.6000E-04  2.9260E+10  2.9450E+10   0.994    4.67    5.32   0.879  5.0305E+11    1.38
  34  1.2750E-03  3.9909E+10  4.0170E+10   0.994    4.35    5.03   0.864  5.0304E+11    1.38
  35  1.6000E-03  6.5168E+10  6.5595E+10   0.993    3.96    4.71   0.842  5.0303E+11    1.38
  36  2.0000E-03  4.3453E+10  4.3736E+10   0.994    3.54    4.36   0.812  5.0300E+11    1.38
  37  2.7000E-03  5.4994E+10  5.5373E+10   0.993    3.51    4.34   0.808  5.0297E+11    1.38
  38  3.4000E-03  7.4054E+10  7.4608E+10   0.993    3.55    4.39   0.808  5.0293E+11    1.38
  39  4.5000E-03  9.1529E+10  9.2282E+10   0.992    3.63    4.48   0.810  5.0285E+11    1.38
  40  5.5000E-03  1.1266E+11  1.1367E+11   0.991    3.59    4.47   0.803  5.0276E+11    1.38
  41  7.2000E-03  1.1670E+11  1.1785E+11   0.990    3.64    4.54   0.802  5.0257E+11    1.38
  42  9.2000E-03  1.5105E+11  1.5266E+11   0.990    3.58    4.52   0.792  5.0234E+11    1.38
  43  1.2000E-02  1.5161E+11  1.5334E+11   0.989    3.50    4.48   0.780  5.0191E+11    1.38
  44  1.5000E-02  1.5440E+11  1.5631E+11   0.988    3.44    4.47   0.770  5.0146E+11    1.39
  45  1.9000E-02  1.8547E+11  1.8804E+11   0.986    3.54    4.60   0.769  5.0084E+11    1.39
  46  2.5500E-02  2.6449E+11  2.6841E+11   0.985    3.47    4.59   0.756  4.9963E+11    1.39
  47  3.2000E-02  1.6423E+11  1.6665E+11   0.985    3.17    4.36   0.726  4.9791E+11    1.39
  48  4.0000E-02  2.1144E+11  2.1493E+11   0.984    3.28    4.51   0.726  4.9660E+11    1.39
  49  5.2500E-02  2.3973E+11  2.4381E+11   0.983    3.14    4.44   0.709  4.9396E+11    1.40
  50  6.6000E-02  2.9041E+11  2.9574E+11   0.982    3.18    4.52   0.704  4.9072E+11    1.40
  51  8.8000E-02  2.3519E+11  2.3925E+11   0.983    2.84    4.23   0.670  4.8433E+11    1.41
  52  1.1000E-01  3.1401E+11  3.1972E+11   0.982    2.85    4.28   0.665  4.7916E+11    1.42
  53  1.3500E-01  2.6206E+11  2.6690E+11   0.982    2.81    4.27   0.657  4.7131E+11    1.43
  54  1.6000E-01  2.8261E+11  2.8776E+11   0.982    2.71    4.20   0.645  4.6476E+11    1.45
  55  1.9000E-01  2.6027E+11  2.6503E+11   0.982    2.69    4.20   0.642  4.5628E+11    1.46
  56  2.2000E-01  2.6226E+11  2.6702E+11   0.982    2.68    4.19   0.639  4.4847E+11    1.47
  57  2.5500E-01  2.8252E+11  2.8747E+11   0.983    2.62    4.14   0.633  4.3929E+11    1.48
  58  2.9000E-01  2.5920E+11  2.6355E+11   0.983    2.57    4.09   0.629  4.2940E+11    1.50
  59  3.2000E-01  2.7604E+11  2.8053E+11   0.984    2.58    4.10   0.630  4.2163E+11    1.51
  60  3.6000E-01  2.6564E+11  2.6976E+11   0.985    2.58    4.09   0.631  4.1059E+11    1.52
  61  4.0000E-01  2.3689E+11  2.4031E+11   0.986    2.56    4.06   0.629  3.9996E+11    1.54
  62  4.5000E-01  2.4315E+11  2.4642E+11   0.987    2.55    4.06   0.629  3.8812E+11    1.55
  63  5.0000E-01  2.3391E+11  2.3678E+11   0.988    2.55    4.06   0.629  3.7596E+11    1.56
  64  5.5000E-01  2.3067E+11  2.3329E+11   0.989    2.64    4.14   0.637  3.6426E+11    1.57
  65  6.0000E-01  2.2492E+11  2.2712E+11   0.990    2.58    4.10   0.629  3.5273E+11    1.57
  66  6.6000E-01  2.2637E+11  2.2825E+11   0.992    2.58    4.12   0.627  3.3923E+11    1.58
  67  7.2000E-01  2.2055E+11  2.2200E+11   0.993    2.54    4.10   0.619  3.2565E+11    1.58
  68  7.8000E-01  1.9583E+11  1.9676E+11   0.995    2.53    4.12   0.614  3.1242E+11    1.58
  69  8.4000E-01  1.9312E+11  1.9368E+11   0.997    2.48    4.10   0.603  3.0067E+11    1.58
  70  9.2000E-01  1.7943E+11  1.7957E+11   0.999    2.54    4.21   0.604  2.8522E+11    1.58
  71  1.0000E+00  1.5109E+11  1.5081E+11   1.002    2.71    4.43   0.611  2.7086E+11    1.57
  72  1.2000E+00  1.2083E+11  1.2037E+11   1.004    2.52    4.29   0.587  2.4065E+11    1.53
  73  1.4000E+00  1.0302E+11  1.0245E+11   1.006    2.39    4.21   0.569  2.1648E+11    1.52
  74  1.6000E+00  8.5631E+10  8.5032E+10   1.007    2.25    4.09   0.549  1.9587E+11    1.51
  75  1.8000E+00  7.2229E+10  7.1553E+10   1.009    2.30    4.18   0.550  1.7875E+11    1.52
  76  2.0000E+00  5.7301E+10  5.6622E+10   1.012    2.38    4.29   0.556  1.6430E+11    1.53
  77  2.3000E+00  4.4837E+10  4.4192E+10   1.015    2.50    4.42   0.565  1.4711E+11    1.54
  78  2.6000E+00  3.3668E+10  3.3123E+10   1.016    2.57    4.48   0.574  1.3366E+11    1.56
  79  2.9000E+00  2.4649E+10  2.4168E+10   1.020    2.86    4.77   0.600  1.2356E+11    1.58
  80  3.3000E+00  1.8200E+10  1.7782E+10   1.023    3.23    5.12   0.631  1.1370E+11    1.60
  81  3.7000E+00  1.3811E+10  1.3489E+10   1.024    3.30    5.12   0.645  1.0642E+11    1.63
  82  4.1000E+00  1.1007E+10  1.0771E+10   1.022    3.19    4.90   0.650  1.0090E+11    1.66
  83  4.5000E+00  8.4096E+09  8.2455E+09   1.020    3.11    4.73   0.658  9.6495E+10    1.69
  84  5.0000E+00  6.3770E+09  6.2632E+09   1.018    3.10    4.63   0.670  9.2290E+10    1.73
  85  5.5000E+00  5.3241E+09  5.2391E+09   1.016    3.09    4.53   0.682  8.9102E+10    1.77
  86  6.0000E+00  4.5563E+09  4.4940E+09   1.014    3.04    4.40   0.690  8.6440E+10    1.80
  87  6.7000E+00  3.5636E+09  3.5235E+09   1.011    2.96    4.26   0.695  8.3250E+10    1.85
  88  7.4000E+00  2.6700E+09  2.6407E+09   1.011    3.24    4.46   0.727  8.0756E+10    1.89
  89  8.2000E+00  2.1786E+09  2.1534E+09   1.012    3.79    4.91   0.771  7.8620E+10    1.93
  90  9.0000E+00  2.0690E+09  2.0452E+09   1.012    4.34    5.37   0.807  7.6877E+10    1.96
  91  1.0000E+01  2.2278E+09  2.2039E+09   1.011    4.85    5.80   0.836  7.4808E+10    2.01
  92  1.1000E+01  1.0845E+09  1.0742E+09   1.010    5.36    6.24   0.859  7.2580E+10    2.07
  93  1.2000E+01  9.0021E+08  8.9319E+08   1.008    5.70    6.52   0.874  7.1496E+10    2.10
  94  1.2500E+01  1.1233E+09  1.1169E+09   1.006    5.84    6.63   0.882  7.1046E+10    2.11
  95  1.2600E+01  1.2017E+09  1.1975E+09   1.004    5.85    6.62   0.884  7.0933E+10    2.12
  96  1.2700E+01  1.2941E+09  1.2920E+09   1.002    5.88    6.65   0.883  7.0813E+10    2.12
  97  1.2800E+01  1.3829E+09  1.3829E+09   1.000    5.87    6.68   0.879  7.0684E+10    2.12
  98  1.2900E+01  1.7457E+09  1.7482E+09   0.999    5.84    6.71   0.869  7.0545E+10    2.13
  99  1.3000E+01  2.1899E+09  2.1958E+09   0.997    5.76    6.75   0.854  7.0371E+10    2.13
 100  1.3100E+01  1.8602E+09  1.8672E+09   0.996    5.63    6.79   0.830  7.0152E+10    2.14
 101  1.3200E+01  1.7628E+09  1.7710E+09   0.995    5.46    6.84   0.799  6.9966E+10    2.14
 102  1.3300E+01  2.1077E+09  2.1192E+09   0.995    5.17    6.83   0.756  6.9789E+10    2.14
 103  1.3400E+01  3.3357E+09  3.3559E+09   0.994    4.66    6.65   0.700  6.9579E+10    2.14
 104  1.3500E+01  4.2461E+09  4.2737E+09   0.994    4.13    6.49   0.636  6.9245E+10    2.14
 105  1.3600E+01  3.9387E+09  3.9654E+09   0.993    3.59    6.33   0.567  6.8821E+10    2.15
 106  1.3700E+01  6.2274E+09  6.2708E+09   0.993    3.08    6.18   0.498  6.8427E+10    2.15
 107  1.3800E+01  2.7258E+10  2.7449E+10   0.993    2.64    6.01   0.440  6.7804E+10    2.15
 108  1.3900E+01  1.5602E+11  1.5706E+11   0.993    2.17    5.47   0.396  6.5078E+10    2.14
 109  1.4000E+01  4.9476E+11  4.9804E+11   0.993    2.16    5.47   0.395  4.9476E+10    2.16
 110  1.4100E+01  6.7936E+04  7.0414E+04   0.965   28.48   49.38   0.577  1.5917E+05   42.46
 111  1.4200E+01  5.7433E+04  5.9115E+04   0.972   25.58   41.11   0.622  1.5238E+05   43.82
 112  1.4300E+01  4.7377E+04  4.8304E+04   0.981   18.91   28.05   0.674  1.4664E+05   45.03
 113  1.4400E+01  3.2329E+04  3.3168E+04   0.975   32.22   43.16   0.747  1.4190E+05   46.15
 114  1.4500E+01  4.5501E+04  4.6310E+04   0.983   25.12   31.38   0.800  1.3867E+05   46.73
 115  1.4600E+01  5.7261E+04  5.8447E+04   0.980   37.57   43.84   0.857  1.3412E+05   47.70
 116  1.4700E+01  3.7302E+05  3.8568E+05   0.967   82.43   91.26   0.903  1.2839E+05   48.55
 117  1.4800E+01  8.3784E+04  8.5088E+04   0.985   41.69   44.79   0.931  9.1088E+04   46.15
 118  1.4900E+01  3.5501E+04  3.5916E+04   0.988   36.25   38.04   0.953  8.2710E+04   48.76
 119  1.5000E+01  5.0936E+04  5.1465E+04   0.990   39.62   40.84   0.970  7.9160E+04   50.11
 120  1.5100E+01  2.7648E+04  2.7899E+04   0.991   42.69   43.49   0.982  7.4066E+04   52.03
 121  1.5200E+01  1.8893E+04  1.9025E+04   0.993   35.79   36.25   0.987  7.1301E+04   53.04
 122  1.5300E+01  1.1590E+05  1.1680E+05   0.992   60.59   60.96   0.994  6.9412E+04   53.82
 123  1.5400E+01  3.6745E+04  3.6951E+04   0.994   42.15   42.36   0.995  5.7822E+04   56.07
 124  1.5500E+01  2.6863E+04  2.6989E+04   0.995   32.65   32.80   0.995  5.4147E+04   57.80
 125  1.5600E+01  5.1830E+04  5.2073E+04   0.995   49.32   49.43   0.998  5.1461E+04   59.46
 126  1.5700E+01  2.6106E+04  2.6217E+04   0.996   44.77   44.86   0.998  4.6278E+04   61.39
 127  1.5800E+01  1.3100E+04  1.3153E+04   0.996   48.94   49.01   0.999  4.3667E+04   62.63
 128  1.5900E+01  5.0019E+04  5.0215E+04   0.996   59.10   59.16   0.999  4.2357E+04   63.12
 129  1.6000E+01  7.4711E+04  7.4995E+04   0.996   63.74   63.79   0.999  3.7355E+04   63.74
      1.6500E+01

  INTEGRALS OF SPECTRA
    OLD SPECTRUM   5.0436E+11   ±    3.492 %
    NEW SPECTRUM   5.0310E+11   ±    1.383 %

  SUMMARY OF BROAD-GROUP FLUXES, FLUENCES, AND UNCERTAINTIES

    IRRAD TIME [S] = 1.00000000E+00   ACT NORM =  1.00000000E+00

       ENERGY       FLUX       FLUENCE      STDEV %
      thermal    2.6319E+05  2.6319E+05  ± 104.46     (0.100 meV – 0.550  eV)
     epithermal  2.3939E+10  2.3939E+10  ±   2.95     (0.550  eV – 110.0 keV)
        fast     4.7916E+11  4.7916E+11  ±   1.42     (110.0 keV –  16.5 MeV)
        fast     2.7086E+11  2.7086E+11  ±   1.57     (  1.0 MeV –  16.5 MeV)
     key "high" energy not found in energy boundary list

    MINI-SPECTRUM

       ENERGY       FLUX       FLUENCE      STDEV %
     1.0000E-10  2.6319E+05  2.6319E+05  ± 104.46
     5.5000E-07  1.4408E+07  1.4408E+07  ±  20.49
     1.0000E-04  2.3924E+10  2.3924E+10  ±   2.95
     1.1000E-01  1.0320E+11  1.0320E+11  ±   2.33
     5.0000E-01  1.0509E+11  1.0509E+11  ±   2.39
     1.0000E+00  1.0656E+11  1.0656E+11  ±   2.40
     2.0000E+00  7.2013E+10  7.2013E+10  ±   2.53
     5.0000E+00  1.7482E+10  1.7482E+10  ±   3.13
     1.0000E+01  4.8422E+09  4.8422E+09  ±   4.87
     1.3200E+01  6.9966E+10  6.9966E+10  ±   2.14
     1.6500E+01

       TOTAL     5.0310E+11  5.0310E+11  ±   1.38

    RELATIVE COVARIANCES (10×10)
     1000   459   -40   -54   -40   -26   -10    -4    -2     0
     1000   -46   -68   -47   -28    -4    11     8     7
     1000   449   -44   -51    34   142    95    65
     1000   401    16    10   151   107    80
     1000   650   112    47    52    65
     1000   542    -7   -23    20
     1000   406    55   -75
     1000   705  -111
     1000   -59
     1000

  SPECTRAL-AVERAGED REACTION RATES (for all cross section library reactions)

        REACTIONS        SIG-PHI      <SIG>          REACTIONS        SIG-PHI      <SIG>          REACTIONS        SIG-PHI      <SIG>  
   ------------------  ----------  ----------   ------------------  ----------  ----------   ------------------  ----------  ----------
   LI6(N,A)T           2.2003E-13  4.3734E-25   FE56(N,P)MN56       8.9279E-15  1.7746E-26   IN113(N,G)IN114M    9.7546E-14  1.9389E-25
   B10(N,A)LI7         2.9930E-13  5.9491E-25   FE58(N,G)FE59       1.4788E-15  2.9394E-27   IN115(N,N')IN115M   5.4111E-14  1.0756E-25
   F19(N,2N)F18        2.4524E-15  4.8746E-27   CO59(N,2N)CO58      4.8834E-14  9.7067E-26   IN115(N,2N)IN114M   9.6294E-14  1.9140E-25
   NA23(N,2N)NA22      1.2250E-15  2.4350E-27   CO59(N,G)CO60       3.7859E-15  7.5252E-27   IN115(N,G)IN116M    7.2965E-14  1.4503E-25
   NA23(N,G)NA24       1.8658E-16  3.7086E-28   CO59(N,P)FE59       4.2185E-15  8.3850E-27   I127(N,2N)I126      1.0567E-13  2.1004E-25
   MG24(N,P)NA24       1.5087E-14  2.9988E-26   CO59(N,A)MN56       2.3753E-15  4.7213E-27   LA139(N,G)LA140     3.8386E-15  7.6300E-27
   AL27(N,P)MG27       7.0419E-15  1.3997E-26   NI58(N,2N)NI57      1.5134E-15  3.0081E-27   PR141(N,2N)PR140    1.1780E-13  2.3416E-25
   AL27(N,A)NA24       9.4654E-15  1.8814E-26   NI58(N,P)CO58       5.3606E-14  1.0655E-25   TM169(N,2N)TM168    1.4835E-13  2.9487E-25
   SI28(N,P)AL28       2.2583E-14  4.4888E-26   NI60(N,P)CO60       1.2008E-14  2.3868E-26   TM169(N,3N)TM167    2.6563E-21  5.2800E-33
   P31(N,P)SI31        1.5168E-14  3.0149E-26   CU63(N,2N)CU62      3.1068E-14  6.1753E-26   TA181(N,G)TA182     6.0737E-14  1.2073E-25
   S32(N,P)P32         3.4862E-14  6.9296E-26   CU63(N,G)CU64       6.7971E-15  1.3510E-26   W186(N,G)W187       2.1169E-14  4.2077E-26
   TI46(N,2N)TI45      7.3778E-16  1.4665E-27   CU63(N,A)CO60       3.6230E-15  7.2013E-27   AU197(N,2N)AU196    1.5839E-13  3.1484E-25
   TI46(N,P)SC46       2.3221E-14  4.6157E-26   CU65(N,2N)CU64      6.2731E-14  1.2469E-25   AU197(N,G)AU198     5.5713E-14  1.1074E-25
   TI47(N,P)SC47       1.4386E-14  2.8596E-26   ZN64(N,P)CU64       2.2598E-14  4.4917E-26   HG199(N,N')HG199M   8.4547E-14  1.6805E-25
   TI47(N,X)SC46       2.5759E-15  5.1200E-27   ZN67(N,P)CU67       2.7259E-15  5.4183E-27   PB204(N,N')PB204M   1.1116E-14  2.2095E-26
   TI48(N,P)SC48       4.7337E-15  9.4091E-27   AS75(N,2N)AS74      6.7469E-14  1.3411E-25   BI209(N,3N)BI207    5.7498E-21  1.1429E-32
   TI48(N,X)SC47       4.2798E-16  8.5070E-28   Y89(N,2N)Y88        5.8707E-14  1.1669E-25   TH232(N,FISSION)    4.5863E-14  9.1161E-26
   TI49(N,X)SC48       2.2709E-16  4.5137E-28   ZR90(N,2N)ZR89      4.1829E-14  8.3143E-26   TH232(N,G)TH233     5.7749E-14  1.1479E-25
   V51(N,A)SC48        1.0969E-15  2.1802E-27   NB93(N,G)NB94       1.8974E-14  3.7713E-26   U235(N,FISSION)     6.9386E-13  1.3792E-24
   CR52(N,2N)CR51      1.7993E-14  3.5765E-26   NB93(N,N')NB93M     4.1800E-14  8.3085E-26   U235(N,G)U236       6.5300E-14  1.2980E-25
   MN55(N,2N)MN54      5.0030E-14  9.9445E-26   NB93(N,2N)NB92M     3.3702E-14  6.6989E-26   U238(N,2N)U237      8.4081E-14  1.6713E-25
   MN55(N,G)MN56       2.1605E-15  4.2944E-27   MO92(N,P)NB92M      7.5001E-15  1.4908E-26   U238(N,FISSION)     1.6311E-13  3.2421E-25
   FE54(N,2N)FE53      8.2488E-17  1.6396E-28   RH103(N,N')RH103M   2.4546E-13  4.8790E-25   U238(N,G)U239       4.4061E-14  8.7580E-26
   FE54(N,P)MN54       4.5030E-14  8.9506E-26   AG109(N,G)AG110M    6.6187E-15  1.3156E-26   NP237(N,FISSION)    6.0943E-13  1.2114E-24
   FE54(N,A)CR51       6.8172E-15  1.3550E-26   IN113(N,N')IN113M   4.4230E-14  8.7915E-26   PU239(N,FISSION)    9.1933E-13  1.8273E-24
   AM241(N,FISSION)    6.1374E-13  1.2199E-24   SC45(N,G)SC46       4.0705E-15  8.0908E-27

  INPUT FLUX REL. CORRELATION MATRIX (by row from diagonal)
   1   1000   988   952   895   821   735   641   546   454   368   292   225   170   125    90    63    44    30    24    18
         14    12    11    10     9    10    10    11    10    11    12    15    16    17    18    20    20    20    19    19
         19    19    19    19    19    19    20    19    20    19    21    20    20    21    21    21    21    21    21    21
         21    21    21    21    21    21    21    21    21    21    20    20    21    21    21    20    20    19    18    17
         17    18    18    19    19    20    20    19    18    16    15    14    13    13    13    13    13    13    13    13
         13    13    13    13    14    14    14    16    16     2     2     3     2     3     2     1     2     2     2     2
          2     1     2     3     2     2     2     1     1

  OUTPUT FLUX REL. CORRELATION MATRIX (by row from diagonal)
   1   1000   988   952   895   821   735   641   546   454   368   291   224   168   123    87    60    40    26    17    11
          7     4     3     2     1     1     1     1     1     1     2     2     3     3     3     3     3     3     2     2
          1     1     0     0     0     0    -1    -1    -2    -3    -2    -3    -3    -3    -3    -4    -3    -3    -3    -3
         -3    -2    -2    -3    -2    -2    -2    -2    -2    -2    -2    -1     0     0     0     0     0     1     1     1
          1     2     3     3     4     4     4     4     3     3     3     2     2     2     2     2     2     2     2     2
          1     1     1     1     1     1     1     2     2    -3    -3    -2    -1    -1    -1     0     0     0     0     0
          0     0     0     0     0     0     0     0     0
   2   1000   988   952   895   821   735   641   546   454   368   290   224   168   122    87    60    40    26    17    10
          6     3     2     1     0     0     0     0     0     0     0     0     0     0     1     0     0     0     0     0
         -1    -2    -2    -3    -4    -4    -5    -6    -6    -6    -7    -7    -8    -8    -8    -8    -8    -7    -7    -7
         -7    -6    -6    -6    -6    -5    -5    -5    -5    -4    -4    -3    -2    -2    -1     0     0     0     0     0
          1     1     2     2     2     2     2     2     2     2     1     1     1     1     1     1     1     1     1     1
          1     1     1     1     1     1     1     1    -1     0     0     0     0     0     0     0     0     0     0     0
          0     0     0     0     0     0     0     0
   3   1000   988   952   895   821   735   641   546   454   367   290   223   167   122    86    59    40    26    16     9
          5     3     1     0     0     0     0     0     0     0     0     0     0     0     0     0    -1    -1    -2    -3
         -3    -4    -5    -6    -7    -8    -9    -9   -10   -11   -11   -11   -11   -12   -11   -11   -11   -11   -10   -10
        -10   -10    -9    -9    -8    -8    -7    -7    -7    -6    -5    -4    -3    -2    -2    -1     0     0     0     1
          1     1     2     2     2     2     2     1     1     1     1     1     1     1     1     1     1     1     1     1
          1     1     1     1     1     1     1     0     0     0     0     0     0     0     0     0     0     0     0     0
          0     0     0     0     0     0     0
   4   1000   988   952   895   821   735   641   546   453   367   289   222   166   121    85    58    39    25    15     9
          5     2     0     0     0     0     0    -1    -1    -1    -1    -1    -2    -2    -3    -3    -4    -4    -5    -6
         -7    -8    -9   -10   -11   -12   -14   -14   -15   -16   -16   -16   -16   -16   -16   -16   -15   -15   -14   -14
        -14   -13   -12   -12   -11   -11   -10    -9    -8    -7    -6    -5    -4    -3    -2    -1     0     0     0     1
          1     1     1     1     1     1     1     1     1     1     1     0     0     0     0     0     0     0     0     1
          1     1     1     1     1     1     1     1     1     1     1     0     0     0     0     0     0     0     0     0
          0     0     0     0     0     0
   5   1000   988   952   895   821   734   641   545   453   366   288   221   165   120    84    57    38    24    14     8
          4     1     0    -1    -1    -1    -2    -2    -3    -3    -4    -4    -5    -5    -6    -7    -7    -8   -10   -11
        -12   -13   -15   -16   -17   -18   -19   -20   -21   -22   -22   -22   -22   -22   -21   -21   -20   -20   -19   -19
        -18   -17   -16   -16   -15   -14   -13   -12   -10    -9    -8    -6    -5    -4    -2    -1     0     0     0     0
          0     0     0     0     0     0     0     0     0     0     0     0     0     0     0     0     0     0     0     1
          1     1     1     1     1     3     3     2     2     2     1     1     1     1     0     0     0     0     0     0
          0     0     0     0     0
   6   1000   988   952   895   821   734   640   545   452   365   287   220   164   118    83    56    36    22    13     7
          3     0    -1    -2    -2    -3    -4    -5    -5    -6    -7    -7    -8    -9   -10   -11   -12   -13   -15   -16
        -18   -19   -21   -22   -24   -25   -27   -27   -28   -29   -29   -29   -28   -28   -27   -27   -26   -25   -24   -23
        -22   -21   -20   -19   -18   -16   -15   -14   -12   -11    -9    -7    -5    -3    -2    -1     0     0     0     0
          0    -1    -1     0     0     0     0     0     0     0     0     0     0     0     0     0     0     0     1     1
          1     1     1     1     6     5     4     3     3     2     2     1     1     1     0     0     0     0     0     0
          0     0     0     0
   7   1000   988   952   895   820   734   640   544   451   364   286   219   161   116    81    54    35    21    12     5
          1    -1    -2    -4    -4    -6    -7    -8    -9   -10   -11   -11   -12   -13   -14   -16   -17   -19   -21   -23
        -25   -27   -29   -30   -32   -34   -35   -36   -36   -36   -36   -36   -35   -34   -34   -33   -31   -30   -29   -28
        -27   -25   -24   -22   -20   -19   -17   -16   -14   -11    -9    -7    -5    -3    -2    -1    -1    -1    -2    -2
         -3    -2    -1    -1    -1     0     0    -1    -1    -1    -1    -1     0     0     0     0     0     0     1     1
          2     0     0     9     7     6     5     4     3     3     2     1     1     1     0     0     0     0     0     0
          0     0     0
   8   1000   988   952   895   820   733   639   543   449   363   285   216   160   114    79    53    34    20    10     4
          0    -2    -4    -6    -8    -9   -10   -12   -13   -14   -15   -16   -17   -18   -20   -22   -24   -26   -28   -31
        -33   -35   -37   -39   -41   -42   -43   -44   -44   -44   -44   -43   -42   -41   -40   -39   -37   -36   -34   -33
        -31   -30   -27   -25   -23   -21   -20   -17   -14   -11    -9    -6    -4    -2    -2    -3    -3    -3    -4    -5
         -4    -3    -2    -2    -1    -1    -1    -2    -2    -2    -1    -1    -1     0     0     0     0     1     1     2
          0     0    12    10     8     7     5     4     4     3     2     1     1     0     0     0     0     0     0     0
          0     0
   9   1000   988   952   894   820   732   638   542   448   361   281   214   157   113    78    51    32    18     9     2
         -1    -4    -7   -10   -12   -13   -15   -17   -18   -19   -20   -21   -23   -25   -27   -29   -31   -34   -37   -39
        -42   -44   -47   -49   -50   -52   -52   -53   -53   -52   -51   -50   -49   -47   -46   -44   -42   -41   -39   -37
        -35   -33   -29   -28   -26   -24   -21   -17   -14   -11    -8    -5    -3    -4    -4    -4    -5    -5    -7    -6
         -4    -3    -3    -2    -2    -2    -3    -3    -3    -2    -2    -1    -1     0     0     0     1     1     2     0
          0    15    13    10     9     7     6     5     3     2     2     1     0     0     0     0     0     0     0     0
          0
  10   1000   988   952   894   819   732   637   541   447   357   279   211   156   111    76    51    31    17     7     1
         -3    -7   -11   -13   -15   -17   -20   -21   -22   -23   -25   -27   -29   -31   -34   -36   -39   -43   -45   -48
        -51   -54   -56   -58   -59   -60   -61   -60   -60   -59   -58   -56   -55   -53   -51   -49   -47   -45   -42   -40
        -37   -33   -32   -29   -28   -24   -20   -16   -13    -9    -5    -4    -4    -5    -5    -6    -7    -8    -7    -5
         -4    -3    -3    -3    -3    -3    -3    -3    -3    -3    -2    -1     0     0     0     1     2     2     0     0
         17    15    12    10     8     7     6     4     3     2     1     0     0     0     0     0     0     0     0     0
  11   1000   988   951   894   819   731   636   540   442   355   277   210   154   110    76    49    30    15     6    -1
         -6   -11   -15   -17   -20   -23   -24   -25   -27   -29   -30   -33   -36   -38   -41   -44   -48   -51   -55   -57
        -61   -64   -66   -67   -68   -68   -68   -68   -67   -65   -63   -62   -60   -57   -55   -53   -50   -48   -45   -42
        -37   -36   -33   -31   -27   -23   -18   -15   -10    -6    -5    -5    -6    -6    -7    -8   -10    -9    -7    -5
         -4    -4    -4    -4    -4    -4    -4    -4    -3    -3    -2    -1     0     0     1     2     2     0     0    20
         17    14    12     9     8     7     4     3     2     1     0     0     0     0     0     0     0     0     0
  12   1000   988   951   893   818   730   635   535   440   353   275   208   153   110    74    48    28    14     4    -3
        -11   -15   -19   -22   -25   -27   -28   -30   -32   -34   -37   -40   -43   -45   -49   -54   -56   -60   -63   -68
        -70   -72   -74   -75   -75   -75   -75   -73   -72   -70   -68   -66   -63   -61   -58   -55   -53   -50   -46   -41
        -39   -37   -34   -30   -25   -20   -17   -12    -7    -6    -6    -7    -7    -8   -10   -11   -10    -8    -6    -5
         -5    -4    -5    -5    -5    -5    -4    -4    -3    -2    -1     0     0     1     2     2     0     0    23    19
         15    13    10     9     8     5     3     2     1     0     0     0     0     0     0     0     0     0
  13   1000   988   951   893   818   730   630   533   438   351   274   208   153   108    74    46    27    12     1    -8
        -14   -19   -23   -27   -29   -31   -32   -35   -37   -40   -43   -46   -49   -53   -58   -61   -65   -68   -73   -75
        -78   -80   -81   -81   -81   -80   -79   -77   -75   -73   -71   -67   -65   -62   -60   -57   -54   -49   -44   -42
        -39   -37   -32   -27   -22   -18   -13    -8    -6    -7    -7    -8    -9   -11   -12   -11    -8    -7    -6    -5
         -5    -5    -5    -6    -5    -5    -4    -3    -2    -1     0     0     1     2     2     0     0    25    21    17
         15    11     9     8     5     4     2     2     0     1     0     0     0     0     0     0     0
  14   1000   988   951   893   817   724   628   531   437   350   274   208   152   108    72    46    25    10    -3   -11
        -17   -23   -28   -30   -32   -34   -36   -39   -42   -45   -49   -52   -56   -61   -64   -68   -72   -77   -79   -82
        -84   -85   -85   -85   -84   -83   -81   -79   -77   -74   -71   -68   -65   -63   -59   -56   -52   -46   -44   -41
        -39   -34   -28   -23   -19   -13    -8    -7    -7    -8    -9   -10   -11   -13   -12    -9    -7    -6    -6    -5
         -6    -6    -6    -6    -5    -5    -4    -2    -1     0     0     1     2     3     0     0    26    22    18    15
         12    10     9     6     4     3     2     0     1     0    -1     0     0     0     0     0
  15   1000   987   951   893   812   723   627   530   436   350   275   207   152   106    72    45    24     6    -5   -14
        -20   -26   -30   -32   -34   -37   -39   -42   -46   -50   -53   -57   -62   -66   -70   -73   -78   -81   -84   -86
        -87   -87   -87   -86   -85   -83   -81   -78   -76   -72   -70   -67   -64   -61   -57   -53   -47   -45   -42   -39
        -34   -29   -23   -19   -13    -8    -7    -7    -8    -9   -10   -11   -13   -12    -9    -7    -6    -5    -5    -6
         -6    -6    -6    -5    -5    -4    -2    -1     0     0     1     2     3     0     0    26    22    18    16    12
         10     9     6     4     3     2     0     1     0    -1     0     0     0     0     0
  16   1000   987   951   887   810   721   626   530   437   352   274   208   151   107    72    44    20     4    -6   -15
        -23   -27   -30   -32   -35   -38   -41   -45   -49   -52   -56   -62   -65   -70   -73   -78   -81   -83   -86   -87
        -87   -87   -86   -84   -82   -80   -78   -75   -72   -69   -66   -63   -60   -57   -52   -47   -44   -41   -39   -34
        -28   -23   -19   -13    -8    -6    -7    -7    -8    -9   -10   -12   -11    -8    -7    -6    -5    -5    -5    -5
         -5    -5    -5    -4    -3    -2    -1     0     0     1     2     3     0     0    25    21    17    15    11     9
          8     6     4     3     2     0     1     0     0     0     0     0     0     0
  17   1000   987   946   886   809   721   626   530   439   352   276   208   153   108    72    41    20     5    -6   -16
        -21   -25   -28   -32   -35   -38   -42   -46   -49   -53   -58   -62   -67   -70   -75   -78   -80   -82   -83   -84
        -83   -82   -81   -79   -77   -74   -72   -69   -66   -63   -60   -57   -54   -50   -45   -42   -39   -36   -31   -26
        -21   -17   -12    -7    -5    -5    -6    -6    -7    -8    -9    -8    -6    -5    -4    -4    -3    -4    -4    -4
         -4    -4    -3    -2    -1     0     0     0     2     2     3     0     0    22    18    15    13    10     8     7
          5     3     2     1     0     1     0     0     0     0     0     0     0
  18   1000   984   946   886   810   722   629   534   441   355   277   212   156   111    73    45    25     9    -1    -9
        -14   -19   -23   -26   -30   -34   -38   -42   -46   -50   -55   -59   -63   -66   -69   -72   -74   -75   -75   -75
        -74   -72   -70   -68   -66   -63   -61   -58   -56   -53   -50   -47   -44   -40   -37   -33   -30   -26   -21   -17
        -13    -8    -5    -2    -2    -1    -1    -1    -2    -2    -2    -1     0     0     0     0     0    -1    -1    -1
         -1     0     0     0     0     1     2     2     3     4     2     2    13    11     9     8     6     5     4     3
          2     1     1     0     0     0     0     0     0     0     0     0
  19   1000   987   951   893   819   733   640   546   455   370   294   229   175   133   100    75    58    46    36    27
         19    14     8     3     0    -4   -11   -16   -17   -25   -28   -34   -33   -37   -40   -40   -41   -42   -40   -38
        -37   -36   -33   -31   -30   -30   -27   -26   -23   -22   -19   -20   -22   -16   -10    -3    -1     0     2     6
          5     5     9    15    19    22    25    28    31    29    24    21    19    17    16    15    15    15    14    13
         12    11     9     8     7     7     6     6     7    13    13   -28   -23   -18   -16   -11   -10    -9    -5    -3
         -1     0     0     0     1     3     2     2     2     2     2
  20   1000   988   951   894   820   735   643   549   458   373   298   234   182   140   108    84    68    54    42    32
         26    19    13     9     4    -2    -7    -7   -15   -19   -25   -22   -27   -29   -29   -30   -31   -29   -27   -26
        -25   -22   -21   -19   -20   -17   -16   -14   -13   -11   -12   -15    -9    -3     3     5     6     7    10     9
          8    12    18    24    28    31    35    38    35    30    26    23    21    19    19    19    18    17    16    15
         13    12    10     9     8     7     7     7    15    15   -37   -32   -24   -21   -15   -13   -12    -7    -4    -2
         -1     0     0     2     3     2     3     3     2     2
  21   1000   988   952   895   822   737   645   552   461   378   303   242   190   149   118    96    77    62    49    40
         31    25    20    15     7     3     3    -5    -8   -14   -10   -15   -17   -16   -18   -18   -16   -14   -13   -12
        -10    -8    -7    -9    -6    -6    -4    -3    -1    -4    -9    -2     3    12    12    13    13    16    13    11
         15    23    29    34    38    42    47    43    36    31    28    25    23    23    23    22    21    20    18    16
         14    12    10     9     8     7     8    17    18   -48   -41   -31   -28   -20   -17   -15    -9    -5    -3    -1
          0     0     2     4     3     3     3     3     3
  22   1000   988   952   896   823   738   647   554   464   381   310   248   197   157   128   103    83    66    54    43
         36    31    25    16    12    12     4     1    -4     0    -4    -6    -5    -7    -7    -5    -2    -2    -1     0
          2     3     0     2     2     4     4     6     3    -3     4    10    19    18    18    18    20    17    13    18
         26    33    38    43    48    53    49    41    35    31    28    27    26    26    25    24    23    21    19    16
         13    11    10     8     8     8    19    19   -56   -48   -37   -33   -24   -20   -18   -11    -7    -4    -2     0
          0     2     5     3     4     4     3     3
  23   1000   988   953   897   824   739   649   556   467   386   315   254   204   166   134   107    86    70    57    48
         41    34    25    20    21    12    10     3     9     4     3     4     3     2     4     7     7     8    10    11
         12     8    11    11    12    12    13     9     2     9    16    25    24    23    22    24    19    15    20    29
         36    42    47    52    58    54    45    39    34    31    29    29    29    28    27    25    23    20    17    14
         12    10     9     8     8    21    21   -63   -54   -41   -37   -27   -23   -20   -13    -8    -5    -2     0     0
          2     5     3     4     4     4     4
  24   1000   988   953   897   824   740   650   558   470   390   319   259   211   170   137   109    89    71    59    51
         43    33    27    29    19    17    11    17    12    11    12    11    11    13    16    15    16    18    19    20
         16    18    17    19    18    19    15     6    14    20    30    28    26    25    27    21    17    21    31    39
         44    50    56    62    57    48    41    36    33    31    30    30    30    28    27    24    22    18    15    13
         11     9     8     9    22    22   -68   -58   -44   -40   -29   -25   -22   -14    -8    -5    -3     0     0     2
          5     4     5     5     4     4
  25   1000   988   953   896   824   740   650   557   470   390   319   260   210   169   134   108    85    70    58    49
         37    31    32    23    21    14    21    16    15    16    15    15    17    19    19    20    22    23    23    19
         21    20    21    21    22    17     8    16    22    31    29    27    25    27    22    17    21    30    38    44
         49    55    61    56    47    40    36    32    31    30    30    29    28    26    24    21    18    15    13    11
          9     8     8    21    21   -68   -58   -44   -40   -29   -25   -22   -14    -8    -5    -3     0     0     2     5
          4     5     5     4     4
  26   1000   988   953   898   826   742   652   561   476   397   328   269   218   175   142   113    93    77    65    51
         43    44    33    31    24    32    27    26    27    26    26    29    31    31    31    33    34    34    29    31
         30    31    29    30    24    15    22    29    39    36    33    31    32    26    20    24    35    44    50    56
         63    70    64    54    46    41    37    35    34    34    33    32    30    27    24    20    17    14    12    10
          8     9    24    24   -79   -67   -51   -46   -33   -29   -25   -16   -10    -6    -3     0     0     3     6     4
          5     5     4     4
  27   1000   988   953   898   826   740   651   562   477   399   331   271   219   177   141   114    94    78    61    51
         51    39    36    29    37    32    31    32    31    31    33    36    36    36    38    38    38    33    35    34
         34    33    34    27    17    25    31    41    38    35    33    34    27    20    25    36    45    51    58    65
         72    66    55    47    42    38    36    35    35    34    33    31    28    25    21    17    15    12    10     8
          9    24    24   -81   -69   -53   -47   -35   -30   -26   -17   -10    -6    -3     0     0     3     6     4     5
          5     5     4
  28   1000   988   954   899   826   744   657   570   486   411   342   281   230   185   151   125   103    82    69    67
         53    50    41    51    45    43    45    44    44    47    49    49    49    51    51    51    44    47    45    45
         43    44    36    24    33    40    51    47    43    40    41    32    24    30    42    53    60    67    76    84
         77    64    55    49    44    42    41    41    40    39    36    33    29    24    20    17    14    11    10    10
         28    28   -96   -82   -63   -56   -41   -35   -31   -20   -12    -8    -4     0     0     3     7     5     6     6
          5     5
  29   1000   988   953   895   823   741   654   566   485   409   339   278   225   182   148   121    95    78    73    57
         52    43    51    45    43    45    44    43    46    49    48    49    50    50    50    44    46    44    45    43
         43    36    23    32    39    50    46    42    39    40    31    24    29    41    51    59    66    74    82    76
         63    54    48    43    41    40    40    39    38    35    32    29    24    19    17    14    11     9    10    27
         28   -94   -80   -62   -55   -40   -34   -31   -19   -12    -8    -4     0     0     3     7     5     6     6     5
          5
  30   1000   988   950   894   824   743   655   573   492   415   345   283   231   188   153   120    98    90    70    63
         51    60    53    50    52    51    50    53    56    55    56    57    57    57    50    52    50    51    48    49
         40    27    36    44    55    51    47    43    44    35    26    32    45    56    64    72    81    90    83    69
         59    52    47    45    44    44    43    41    39    35    31    26    21    18    15    12    10    11    30    30
       -104   -88   -68   -60   -44   -38   -34   -21   -13    -8    -4     0     0     4     8     5     7     7     6     6
  31   1000   985   949   894   824   742   661   579   497   421   349   288   236   192   151   123   109    85    75    61
         69    60    57    59    57    56    59    62    61    61    63    63    63    55    58    55    55    53    53    44
         30    40    48    60    56    51    46    48    37    28    34    48    61    70    78    87    97    90    75    64
         57    51    48    48    48    46    45    42    38    34    28    23    19    16    13    11    11    32    32  -112
        -96   -74   -66   -48   -41   -37   -23   -14    -9    -5     0    -1     4     9     6     7     7     6     6
  32   1000   988   955   904   836   763   684   601   520   442   372   312   259   208   172   155   123   109    90   100
         88    84    86    83    82    86    90    89    89    91    91    90    79    83    79    79    75    76    64    44
         56    67    83    77    70    63    65    50    38    46    64    81    92   103   116   129   119    99    85    75
         68    64    63    63    62    59    56    51    45    37    30    26    21    17    14    15    42    43  -150  -128
        -99   -88   -64   -55   -49   -31   -19   -13    -7     0    -1     5    11     7    10    10     8     8
  33   1000   989   957   905   844   771   691   609   526   450   381   319   259   214   190   151   132   108   117   102
         96    98    94    92    97   101    99    99   102   101   100    89    92    88    88    84    84    71    48    63
         74    92    85    78    70    72    56    42    51    72    90   103   115   129   144   132   110    94    84    75
         71    70    70    69    66    62    56    50    42    34    29    23    19    16    16    47    47  -167  -142  -110
        -98   -72   -61   -55   -35   -22   -14    -8     0    -1     6    13     8    11    11     9     9
  34   1000   989   956   909   848   775   695   611   530   455   384   315   261   229   181   156   126   132   114   105
        106   101    99   103   107   105   105   108   107   106    93    97    93    93    89    89    75    51    66    79
         98    91    83    75    77    60    45    55    77    96   110   123   138   154   142   118   101    90    81    76
         75    75    74    71    66    61    53    45    36    31    25    20    17    18    50    51  -179  -153  -118  -105
        -77   -66   -59   -37   -23   -15    -8     0    -1     6    14     9    12    12    10    10
  35   1000   989   960   913   851   779   698   616   536   459   381   318   278   221   189   151   154   131   119   118
        111   108   112   116   114   114   116   116   114   101   105   100   101    96    96    80    54    71    85   106
         98    90    81    84    65    49    60    84   105   120   135   151   169   155   129   111    98    88    83    82
         83    80    77    72    66    58    49    39    34    27    22    19    20    55    56  -196  -167  -129  -115   -84
        -72   -64   -41   -26   -17    -9     0    -2     7    15    10    13    13    11    11
  36   1000   990   961   914   853   780   701   621   541   456   385   338   271   231   186   184   156   140   136   128
        122   126   130   128   127   130   129   128   112   117   111   112   107   107    89    60    79    94   119   110
        100    91    93    73    55    67    94   118   135   151   169   189   174   144   124   110    99    93    92    92
         90    87    81    74    65    55    44    38    31    25    21    22    62    62  -219  -187  -144  -128   -94   -81
        -72   -46   -29   -19   -10     0    -2     8    17    11    14    14    12    12
  37   1000   990   960   914   850   778   699   617   528   450   392   317   267   213   202   167   146   138   126   119
        121   124   120   120   122   122   120   105   110   104   105   100   101    83    55    74    90   114   106    97
         88    91    71    54    66    93   117   134   150   169   188   173   144   124   110    99    93    92    92    90
         86    81    74    65    55    44    38    31    25    21    22    62    63  -217  -185  -143  -127   -94   -80   -72
        -45   -28   -19   -10     0    -2     8    17    11    14    14    12    12
  38   1000   990   960   911   849   776   695   605   520   453   369   309   245   224   180   152   138   122   111   111
        112   108   107   109   108   107    92    97    92    93    89    90    73    46    65    81   105    98    90    82
         86    67    51    64    90   114   131   146   164   183   168   140   120   107    96    91    89    90    87    84
         79    72    63    53    43    37    30    25    21    22    61    61  -210  -179  -138  -123   -90   -77   -69   -44
        -27   -18   -10     0    -2     7    16    11    14    14    12    11
  39   1000   990   959   911   847   772   684   597   522   431   359   286   251   199   162   140   118   103    99    98
         92    90    92    91    90    76    81    76    78    74    75    60    34    53    69    94    88    81    75    79
         62    48    60    86   109   125   140   157   175   161   134   115   102    92    87    86    86    83    80    75
         69    61    51    41    36    29    24    21    22    59    59  -198  -169  -130  -116   -85   -73   -65   -41   -26
        -17    -9     0    -2     7    15    10    13    13    11    11
  40   1000   989   959   910   845   765   679   600   504   424   340   294   231   184   154   124   103    95    91    83
         79    80    79    78    64    69    65    66    63    65    50    25    45    61    86    81    75    70    75    60
         46    59    85   108   124   139   156   174   160   133   115   102    92    86    85    85    83    79    74    68
         60    51    41    36    30    24    22    23    59    60  -195  -166  -128  -114   -84   -72   -64   -41   -25   -16
         -9     0    -2     7    15    10    13    13    11    11
  41   1000   989   958   908   840   760   680   583   495   403   343   269   211   170   131   103    88    80    69    63
         62    60    59    45    50    47    49    46    48    35    12    31    48    73    70    65    62    68    54    42
         55    81   103   118   133   149   166   153   128   110    98    88    83    81    81    79    76    71    65    58
         49    40    34    29    24    22    23    58    58  -184  -157  -120  -108   -79   -68   -60   -38   -24   -15    -8
          0    -1     7    14     9    12    12    10    10
  42   1000   989   958   905   836   761   667   576   478   407   323   253   200   151   114    92    77    62    53    51
         47    45    31    36    33    35    32    35    22     1    21    39    64    62    59    56    64    51    40    54
         80   102   118   132   148   165   152   127   109    97    87    82    81    81    79    75    71    65    57    48
         40    35    29    25    22    24    58    58  -180  -153  -118  -105   -77   -66   -59   -37   -23   -15    -8     0
         -1     7    14     9    12    12    10    10
  43   1000   989   956   903   837   750   661   561   481   388   307   241   182   134   103    81    60    47    41    36
         32    17    22    19    21    19    22    10   -10    10    29    55    54    52    51    59    48    38    53    79
        101   117   132   148   164   151   127   109    97    88    82    81    81    78    75    70    64    57    48    40
         35    30    25    23    25    59    59  -177  -151  -116  -103   -76   -65   -58   -37   -23   -15    -8     1    -1
          7    14     9    12    12    10    10
  44   1000   988   955   903   829   745   647   561   462   371   293   221   162   120    88    60    41    31    23    17
          2     6     2     5     3     7    -4   -23    -2    17    44    44    44    44    54    44    36    51    77    99
        115   130   146   161   149   125   108    96    87    81    80    79    77    74    69    63    56    48    40    35
         30    26    24    26    59    59  -171  -146  -112  -100   -73   -63   -56   -35   -22   -14    -7     1    -1     6
         14     9    12    12    10    10
  45   1000   988   954   898   824   733   643   540   441   351   266   194   138    95    58    32    16     3    -5   -21
        -18   -22   -20   -21   -17   -26   -43   -22    -2    24    26    28    31    42    36    30    45    70    92   107
        120   135   149   138   116   100    90    81    76    74    73    71    68    64    59    52    45    37    33    29
         25    24    26    56    56  -154  -131  -100   -90   -65   -56   -50   -32   -19   -12    -6     1    -1     6    13
          8    11    11     9     9
  46   1000   988   952   895   817   731   629   526   427   332   247   179   123    75    39    16    -2   -15   -34   -33
        -38   -36   -38   -33   -42   -58   -35   -15    12    16    20    24    36    31    27    43    68    90   105   119
        133   147   136   115    99    89    80    75    73    72    70    67    63    58    52    44    37    33    29    26
         25    27    57    57  -148  -126   -96   -86   -63   -54   -49   -30   -18   -12    -6     1    -1     6    12     8
         11    10     9     9
  47   1000   987   951   890   818   724   623   522   420   325   245   178   118    72    40    15    -3   -28   -30   -37
        -37   -39   -35   -45   -62   -38   -16    14    18    22    26    40    34    30    47    75    98   115   130   145
        161   149   126   109    97    87    82    80    79    77    74    69    63    56    48    41    36    32    28    27
         29    62    62  -163  -138  -106   -95   -69   -59   -53   -33   -20   -13    -7     1    -1     6    14     9    12
         11    10     9
  48   1000   987   949   889   808   712   609   501   397   303   222   149    90    46    11   -15   -44   -51   -61   -62
        -65   -61   -69   -84   -61   -38    -8    -1     4    11    26    24    23    40    67    89   105   118   132   146
        136   115   100    89    80    75    73    72    70    67    63    58    52    44    38    34    30    27    27    29
         59    59  -142  -120   -92   -83   -60   -52   -46   -29   -17   -11    -6     1     0     6    12     8    10    10
          9     8
  49   1000   986   948   885   802   706   599   491   389   296   210   138    82    36     0   -35   -48   -63   -67   -72
        -70   -79   -94   -70   -46   -15    -8     0     7    24    22    22    40    68    91   107   121   135   150   139
        118   102    91    82    77    75    74    71    68    64    59    53    45    39    35    31    29    28    31    61
         61  -143  -121   -93   -83   -60   -52   -47   -29   -17   -11    -6     1     0     6    12     8    10    10     9
          8
  50   1000   985   945   880   795   695   586   478   374   277   191   121    62    15   -29   -50   -70   -79   -87   -87
        -96  -110   -87   -63   -32   -23   -14    -3    14    15    16    35    62    84   100   114   127   140   130   111
         96    86    78    73    70    69    67    64    60    55    50    43    37    34    31    28    28    31    59    59
       -129  -110   -83   -75   -54   -47   -42   -26   -16   -10    -5     1     0     6    11     7    10     9     8     8
  51   1000   986   946   881   796   696   591   486   381   287   205   135    76    19   -10   -39   -54   -67   -69   -84
       -103   -78   -54   -19   -12    -3     5    24    23    22    43    73    99   117   132   148   164   152   129   112
        100    90    84    82    81    78    75    70    65    58    50    43    39    35    32    31    34    67    67  -156
       -133  -101   -91   -66   -57   -51   -32   -19   -12    -6     1     0     7    13     9    11    11    10     9
  52   1000   986   944   878   791   691   585   476   371   278   194   122    53    12   -25   -48   -68   -75   -91  -112
        -89   -65   -32   -23   -14    -3    16    16    18    39    69    94   112   127   142   157   146   124   108    96
         87    81    79    78    75    72    67    62    56    48    41    38    34    32    31    35    66    66  -146  -124
        -94   -85   -61   -53   -48   -29   -18   -11    -6     1     0     6    13     8    11    11     9     9
  53   1000   986   943   876   789   689   581   473   370   275   191   109    55     6   -26   -53   -67   -88  -112   -92
        -69   -37   -28   -19    -7    12    13    15    37    67    93   111   126   142   157   146   124   108    96    87
         81    79    78    75    72    67    62    56    48    42    38    35    32    32    35    67    67  -144  -123   -93
        -84   -61   -52   -47   -29   -17   -11    -5     2     0     6    13     8    11    11     9     9
  54   1000   986   943   876   790   690   583   477   374   279   186   119    57    14   -23   -44   -73  -102   -85   -65
        -34   -27   -18    -7    12    13    15    37    69    95   114   130   147   162   151   128   112   100    90    84
         82    81    78    75    70    65    58    50    43    39    36    33    33    37    69    69  -151  -128   -98   -88
        -64   -55   -50   -30   -18   -11    -6     2     0     7    13     9    11    11     9     9
  55   1000   985   943   876   790   690   585   478   375   272   192   117    61    13   -18   -55   -91   -79   -63   -35
        -29   -22   -11     8     9    12    34    66    93   112   128   145   160   149   127   111    99    89    84    81
         80    78    74    70    64    58    50    43    39    36    34    34    37    69    70  -149  -126   -96   -87   -63
        -54   -49   -30   -18   -11    -6     2     0     7    13     9    11    11     9     9
  56   1000   985   943   876   790   692   587   480   371   279   193   123    63    19   -26   -70   -66   -56   -32   -29
        -23   -14     4     5     8    31    63    90   110   126   143   159   148   126   110    98    89    83    81    80
         77    74    69    64    58    50    43    40    36    34    34    38    70    70  -148  -125   -95   -86   -62   -54
        -48   -30   -18   -11    -6     2     0     7    13     9    11    11     9     9
  57   1000   986   944   878   794   697   592   481   382   286   204   131    75    17   -37   -41   -38   -19   -22   -20
        -13     4     4     5    29    62    90   110   128   146   162   151   129   112   101    91    85    83    82    80
         76    72    66    60    52    44    41    37    35    35    38    72    72  -154  -131  -100   -90   -65   -56   -51
        -31   -19   -12    -6     2     0     7    14     9    12    11    10     9
  58   1000   986   945   880   797   701   593   491   388   296   211   143    73     5    -9   -15    -3   -11   -14   -11
          4     2     2    25    59    89   110   128   147   165   154   131   114   102    92    87    85    84    82    78
         73    68    61    53    45    42    38    35    35    39    73    73  -160  -136  -103   -93   -67   -58   -53   -32
        -19   -12    -6     2     0     7    14     9    12    12    10    10
  59   1000   986   945   881   799   700   599   493   394   299   218   136    57    28    11    13    -3   -11   -12     0
         -4    -4    18    52    81   103   122   141   159   149   127   110    99    90    85    83    82    80    77    72
         67    60    52    45    41    38    35    35    39    73    73  -157  -134  -102   -92   -66   -57   -52   -32   -19
        -12    -6     2     0     7    14     9    12    12    10    10
  60   1000   986   946   883   798   705   602   499   397   306   212   121    78    47    37    12    -3   -11    -2    -9
        -11    10    44    74    96   115   135   154   145   123   107    97    88    83    81    81    79    76    72    66
         60    52    45    41    37    35    35    39    73    73  -157  -133  -101   -91   -66   -57   -51   -32   -19   -12
         -6     2     0     7    14     9    12    12    10     9
  61   1000   986   947   882   802   707   607   503   404   301   197   141    96    73    36    10    -5    -2   -13   -18
          2    36    66    89   110   131   151   141   120   105    95    86    82    81    81    79    76    72    66    60
         52    45    41    38    35    35    39    73    73  -159  -135  -102   -92   -67   -58   -52   -32   -19   -12    -6
          2     0     7    14     9    12    12    10    10
  62   1000   987   946   885   804   711   609   507   397   284   213   154   115    66    28     3    -2   -18   -27    -8
         24    55    78   100   122   143   134   114   100    90    82    79    78    79    77    74    70    65    59    52
         44    41    37    35    35    39    73    73  -157  -133  -102   -91   -66   -57   -52   -32   -19   -12    -6     2
          0     7    14     9    12    12    10    10
  63   1000   986   947   885   806   711   611   499   380   296   222   168   104    53    16     1   -21   -35   -19    11
         41    65    87   110   132   125   106    93    84    77    74    74    75    74    72    68    64    58    50    43
         40    37    34    34    38    72    72  -154  -131  -100   -90   -65   -56   -51   -31   -19   -12    -6     2     0
          7    14     9    12    11    10     9
  64   1000   987   947   886   805   711   602   481   386   296   224   146    80    30     3   -27   -45   -35    -8    18
         41    63    86   108   103    88    77    71    65    64    64    66    65    64    61    57    52    46    40    37
         34    33    33    37    67    68  -137  -117   -88   -80   -57   -50   -45   -27   -16   -10    -5     2     0     6
         13     8    11    10     9     8
  65   1000   987   948   886   805   705   587   487   389   303   210   130    65    24   -18   -46   -41   -18     7    29
         52    76   100    96    81    71    66    61    60    62    64    64    63    61    57    52    46    40    37    34
         32    33    36    68    68  -142  -120   -91   -82   -59   -51   -46   -28   -17   -10    -5     2     0     6    13
          8    11    11     9     9
  66   1000   987   948   885   800   691   590   485   388   282   186   105    49    -6   -44   -48   -31    -9    10    32
         57    81    79    66    58    54    52    52    54    58    58    58    56    53    48    43    37    35    32    31
         31    35    65    65  -135  -115   -87   -78   -57   -49   -44   -27   -16   -10    -5     2     0     6    12     8
         10    10     9     8
  67   1000   987   947   881   787   693   587   483   368   259   162    89    19   -32   -47   -37   -20    -3    17    42
         67    66    54    47    45    44    45    49    53    54    55    53    50    46    41    36    33    31    29    29
         33    63    63  -136  -115   -87   -79   -57   -49   -44   -27   -16   -10    -5     1     0     6    12     8    10
         10     9     8
  68   1000   986   945   872   789   689   582   461   341   230   141    54   -11   -39   -40   -31   -18    -1    21    46
         46    36    32    31    31    35    39    45    47    48    48    46    42    37    32    30    28    26    26    30
         58    59  -131  -111   -84   -76   -55   -47   -43   -26   -16   -10    -5     1     0     6    12     8    10    10
          8     8
  69   1000   985   937   873   786   683   563   437   315   210   107    25   -17   -31   -32   -26   -12     7    32    31
         22    18    19    21    26    32    38    41    43    43    42    39    34    29    27    25    23    23    26    54
         55  -132  -112   -85   -77   -56   -48   -43   -27   -16   -10    -5     1     0     6    11     7    10     9     8
          8
  70   1000   983   941   870   777   664   538   408   289   172    74    12   -19   -34   -39   -33   -18     1     1    -5
         -6    -3     1     7    15    22    27    30    32    31    29    26    22    21    19    17    17    20    44    45
       -115   -98   -75   -67   -48   -42   -37   -23   -14    -9    -4     1     0     5    10     6     8     8     7     7
  71   1000   984   936   858   759   640   509   380   252   140    58     4   -29   -49   -55   -49   -35   -36   -40   -38
        -32   -25   -16    -7     1     7    12    15    16    16    14    12    11    10     9     9    11    29    29   -88
        -75   -57   -51   -37   -32   -28   -17   -11    -7    -3     0     0     3     7     5     6     6     5     5
  72   1000   984   934   857   752   628   498   362   235   138    69    19   -12   -29   -31   -22   -28   -38   -39   -34
        -28   -19    -9     0     7    12    15    17    16    14    11     9     7     5     3     4    25    26  -112   -95
        -73   -65   -48   -41   -36   -23   -14    -9    -5     0    -1     4     8     5     7     7     6     6
  73   1000   982   933   851   743   619   482   346   236   151    86    38     8    -4    -3   -17   -33   -38   -37   -32
        -23   -13    -2     5    11    14    15    15    11     8     5     2     0    -3    -3    18    19  -133  -114   -88
        -78   -57   -49   -43   -28   -18   -12    -7     0    -1     4     9     6     8     8     7     7
  74   1000   983   930   844   737   606   468   351   255   176   113    69    44    35    11   -14   -26   -29   -28   -21
        -11     0     7    13    16    17    15    11     6     2    -1    -7   -11   -12    12    14  -165  -141  -110   -96
        -72   -61   -53   -35   -22   -15    -9    -1    -2     4    10     7     9     9     8     8
  75   1000   982   927   842   727   596   474   366   271   189   127    84    59    24    -8   -27   -34   -36   -31   -22
        -12    -4     1     5     7     5     2    -2    -6   -12   -18   -23   -26    -4    -2  -163  -140  -109   -96   -72
        -61   -53   -35   -23   -15    -9    -2    -3     3     9     6     8     8     7     7
  76   1000   981   926   837   722   604   490   382   285   204   143   100    53    10   -16   -31   -38   -36   -30   -22
        -14    -8    -5    -3    -4    -7   -12   -17   -23   -30   -37   -42   -23   -21  -162  -138  -109   -95   -72   -60
        -52   -35   -23   -16   -10    -3    -3     2     8     5     7     7     6     6
  77   1000   981   924   835   731   619   506   398   302   223   161   101    46     8   -15   -29   -34   -32   -27   -22
        -17   -14   -12   -13   -17   -22   -27   -34   -42   -51   -58   -42   -40  -162  -138  -110   -95   -72   -61   -52
        -36   -24   -17   -11    -4    -4     1     6     4     6     6     6     6
  78   1000   980   922   842   744   635   525   420   327   250   176   108    56    20    -4   -17   -22   -22   -20   -18
        -16   -16   -18   -23   -29   -35   -43   -53   -64   -72   -58   -56  -173  -149  -119  -102   -78   -65   -56   -39
        -27   -19   -12    -5    -5     1     6     4     6     6     6     5
  79   1000   980   928   849   750   642   532   428   335   250   172   108    59    23     0   -13   -19   -23   -24   -25
        -26   -28   -33   -39   -46   -55   -66   -78   -89   -80   -78  -161  -139  -112   -95   -74   -61   -52   -37   -26
        -18   -12    -6    -5     0     4     2     4     5     4     4
  80   1000   982   929   849   751   645   536   432   340   254   178   116    67    32     8    -7   -17   -23   -28   -31
        -36   -41   -48   -55   -65   -78   -91  -104  -101   -98  -151  -131  -107   -90   -70   -58   -48   -35   -25   -18
        -13    -7    -5    -1     2     1     3     3     3     3
  81   1000   981   930   855   762   659   555   459   365   278   202   139    90    54    28     9    -4   -14   -22   -30
        -38   -48   -58   -69   -84   -99  -114  -109  -107  -171  -148  -120  -102   -80   -66   -55   -40   -29   -21   -14
         -8    -6    -1     2     1     3     4     3     3
  82   1000   983   936   866   779   683   588   490   393   306   229   167   117    80    51    29    11    -2   -15   -29
        -42   -54   -69   -86  -104  -119  -111  -109  -206  -177  -144  -122   -95   -79   -66   -47   -34   -24   -17    -8
         -7     0     4     3     5     5     5     5
  83   1000   985   941   875   794   707   610   510   414   327   252   191   141   101    69    43    21     2   -16   -33
        -49   -66   -86  -106  -123  -111  -109  -235  -203  -164  -140  -109   -90   -76   -54   -38   -27   -19    -9    -8
          0     6     4     6     7     6     6
  84   1000   985   944   882   808   720   621   523   428   344   271   210   158   115    79    49    23     0   -22   -42
        -62   -84  -106  -125  -111  -109  -256  -221  -179  -153  -118   -98   -83   -59   -41   -30   -20    -9    -8     0
          7     4     8     8     7     7
  85   1000   986   947   892   816   725   629   532   440   358   287   224   170   124    85    51    20    -7   -31   -55
        -80  -104  -124  -109  -108  -276  -238  -192  -164  -127  -106   -90   -63   -44   -32   -21    -9    -9     0     8
          5     9     9     8     8
  86   1000   987   952   893   816   727   632   539   452   372   299   234   178   129    86    47    13   -15   -43   -71
        -98  -120  -103  -103  -296  -255  -206  -177  -136  -114   -97   -68   -47   -34   -22   -10    -9     1     9     6
         10    10     9     9
  87   1000   988   948   887   811   724   634   545   461   380   307   240   181   129    82    40     5   -27   -59   -89
       -113   -94   -95  -316  -273  -219  -189  -145  -122  -104   -72   -50   -36   -24   -10    -9     1    11     7    11
         11    10    10
  88   1000   986   947   888   813   729   640   552   464   382   305   236   174   118    68    27   -11   -48   -82  -110
        -98  -101  -302  -262  -211  -182  -140  -117  -100   -70   -49   -35   -23   -10   -10     0    10     6    10    10
          9     9
  89   1000   987   950   892   819   736   647   555   465   379   300   228   163   104    55     9   -32   -72  -106  -103
       -111  -274  -239  -195  -167  -130  -108   -92   -65   -46   -33   -22   -11   -10     0     7     5     8     8     7
          7
  90   1000   987   951   895   823   739   649   556   464   377   296   221   154    95    42    -7   -54   -94  -102  -115
       -253  -223  -183  -157  -123  -103   -86   -62   -45   -32   -22   -11   -10    -1     5     3     6     7     6     6
  91   1000   988   952   896   825   741   650   557   464   375   292   216   148    86    27   -26   -75   -94  -114  -239
       -213  -177  -152  -120  -100   -84   -61   -44   -32   -22   -12   -10    -2     4     2     5     6     5     6
  92   1000   988   953   898   826   742   651   557   464   374   290   213   141    73     9   -49   -80  -109  -227  -206
       -174  -150  -120  -100   -84   -62   -45   -33   -23   -13   -11    -3     3     2     4     5     5     5
  93   1000   988   953   898   827   744   653   559   465   374   289   208   130    55   -15   -60  -101  -221  -205  -176
       -154  -124  -103   -87   -64   -47   -35   -25   -15   -12    -4     2     1     4     5     4     5
  94   1000   988   954   899   829   746   655   561   466   375   286   198   111    27   -33   -89  -218  -209  -184  -162
       -132  -111   -93   -70   -52   -39   -28   -17   -13    -5     1     0     3     4     4     4
  95   1000   988   954   900   830   748   658   563   468   372   276   177    78     0   -74  -218  -216  -195  -174  -144
       -122  -103   -78   -58   -44   -32   -20   -15    -6     0     0     3     4     4     4
  96   1000   988   955   901   832   750   659   564   465   362   252   138    38   -55  -214  -222  -206  -188  -158  -135
       -114   -88   -67   -50   -37   -24   -18    -9    -1     0     2     3     4     4
  97   1000   989   955   903   833   751   660   561   453   335   205    84   -33  -208  -228  -220  -204  -175  -151  -128
       -100   -77   -59   -43   -29   -22   -11    -3    -2     1     3     3     4
  98   1000   989   956   903   834   752   657   548   423   280   136    -7  -197  -232  -233  -221  -194  -169  -145  -115
        -89   -69   -51   -35   -27   -15    -6    -4     0     2     2     3
  99   1000   989   956   904   834   747   642   515   361   195    25  -181  -233  -245  -238  -214  -189  -163  -132  -104
        -81   -61   -43   -32   -20    -9    -6    -1     0     1     2
 100   1000   989   956   903   829   732   607   446   261    65  -157  -228  -254  -254  -235  -210  -183  -150  -120   -95
        -72   -52   -39   -25   -14    -9    -4    -1     0     1
 101   1000   989   955   898   815   697   535   334   115  -122  -214  -256  -266  -252  -230  -202  -169  -138  -110   -85
        -62   -47   -31   -19   -13    -6    -3     0     0
 102   1000   988   952   886   782   625   416   178   -76  -189  -249  -270  -265  -246  -220  -187  -155  -125   -98   -73
        -55   -38   -24   -16    -9    -5    -2     0
 103   1000   987   944   860   717   508   257   -17  -151  -229  -264  -269  -256  -233  -202  -170  -139  -110   -84   -63
        -44   -29   -20   -12    -7    -3    -1
 104   1000   984   927   808   610   356    63   -88  -186  -237  -255  -252  -235  -209  -179  -148  -119   -92   -70   -50
        -34   -24   -15    -9    -5    -2
 105   1000   978   895   724   481   174     6  -108  -178  -213  -223  -216  -198  -174  -147  -121   -95   -73   -53   -37
        -26   -17   -10    -6    -3
 106   1000   967   843   632   319   146    16   -72  -125  -153  -162  -157  -144  -126  -106   -86   -67   -50   -36   -25
        -17   -11    -6    -3
 107   1000   949   799   495   334   201    95    24   -24   -53   -68   -72   -70   -63   -54   -44   -34   -25   -18   -12
         -8    -5    -2
 108   1000   945   631   515   407   300   224   158   107    74    49    30    17    10     3     2     3     1     2     2
          2     2
 109   1000   762   708   638   543   468   391   322   269   219   174   136   106    78    59    45    31    23    16    11
          8
 110   1000   970   897   817   721   637   559   466   384   314   250   189   149   102    63    47    25    13     5     0
 111   1000   976   928   857   784   709   617   529   446   368   291   234   172   120    89    58    36    22    11
 112   1000   986   944   890   826   742   655   568   481   394   321   247   183   138    96    66    44    27
 113   1000   986   952   903   833   753   668   578   485   404   319   244   188   136    97    67    44
 114   1000   989   959   907   840   762   675   581   492   401   317   249   187   137    98    68
 115   1000   990   958   906   839   759   669   578   483   392   314   242   182   134    95
 116   1000   988   955   904   835   752   664   568   472   387   306   236   178   130
 117   1000   989   957   904   833   752   659   562   471   382   303   234   176
 118   1000   989   956   902   832   747   653   559   466   378   300   231
 119   1000   989   955   901   828   742   650   555   462   375   297
 120   1000   988   954   898   825   740   647   551   459   372
 121   1000   988   953   897   824   738   645   550   457
 122   1000   988   952   896   822   736   643   548
 123   1000   988   952   896   822   736   643
 124   1000   988   952   895   821   735
 125   1000   988   952   895   821
 126   1000   988   952   895
 127   1000   988   952
 128   1000   988
 129   1000

 Finished!
