 *******************************************************************************
 *                                                                             *
 *                                 SCALE 6.2.2                                 *
 *                                -------------                                *
 *                                October 2018                                 *
 *                                                                             *
 *           SCALE:  A Comprehensive Modeling and Simulation Suite             *
 *                   for Nuclear Safety Analysis and Design                    *
 *                                                                             *
 *                      Reactor and Nuclear Systems Division                   *
 *                        Oak Ridge National Laboratory                        *
 *                                                                             *
 *                           http://scale.ornl.gov                             *
 *                            scalehelp@ornl.gov                               *
 *                                                                             *
 *******************************************************************************
 *******************************************************************************
      
                  Job Information
                  ---------------
      Job started on NICK on Fri 26/10/2018 18:51:35
      Working directory: C:\Users\nickq\AppData\Local\Temp\scale.nickq.19656
      Input file name  : C:\Users\nickq\Documents\AFIT_Masters\NIF-ETA-Experiment\Models\Scale\Archive\Examples\monaco.howitzer_sampler.inp
      Output file name : C:\Users\nickq\Documents\AFIT_Masters\NIF-ETA-Experiment\Models\Scale\Archive\Examples\monaco.howitzer_sampler.out
      SCALE executable : C:\SCALE-6.2.2/bin/scale
      
 *******************************************************************************
The following data cards precede an = card
      '#TestRuntime# 360
      '#TestGrep# -i "erro[r]" ${OUTPUTFILENAME} | ${GREP} -v "[W]arnings and [E]rrors"
      '#TestGrep# "SCALE is finishe[d]" ${OUTPUTFILENAME} | ${AWK} "{print $1,$2,$3}"
      '#TestGrep# "is finishe[d]\." ${OUTPUTFILENAME} | ${AWK} "{print $1,$2,$3,$4,$5,$6,$7}"
      '#TestGrep# ".*\(\.dso\|\macroMixTable\|\.txt\|\.3dmap\|\.mim\|\.msm\|\.chart\|\.dff\|\.inp\|\.msl\) copied t[o]" ${OUTPUTFILENAME} | ${AWK} "{print $1,$2,$3}" | grep -v ".png" | grep -v ".ps"
      '#TestAwk# "/Warnings [\(]/,/\*\*\*\*\*\*/" ${OUTPUTFILENAME} | ${GREP} -v "repeated"
      '#TestAwk# "/Tally File[s]/,/Final Tally Results Summary/" ${OUTPUTFILENAME}
      '#TestGrep# "Neutron Region Tally [1]" ${OUTPUTFILENAME}
      '#TestGrep# "total flux (tl)  [ ]" ${OUTPUTFILENAME} | ${AWK} -v d="+ or -" -v std="TestNumStdDeviations 10" "{ print $1,$2,$3,$4,d,$5,std }"
      '#TestGrep# "total flux (cd)  [ ]" ${OUTPUTFILENAME} | ${AWK} -v d="+ or -" -v std="TestNumStdDeviations 10" "{ print $1,$2,$3,$4,d,$5,std }"
      '#TestGrep# "response 1       [ ]" ${OUTPUTFILENAME} | ${AWK} -v d="+ or -" -v std="TestNumStdDeviations 10" "{ print $1,$2,$3,d,$4,std }"
      '===============================================================================
      ' Generate the Cross Sections 
      '===============================================================================


    module sampler will be called on Fri Oct 26 18:51:35 2018.
    sequence specification record:=sampler
Input Data:

      read parameters
          library="xn252v7.1"
          n_samples = 3
          perturb_xs = yes
          plt=yes
          csv=yes
          print_data=yes
      end parameters
      read case[c1]
      sequence=mavric 
      Monaco/MAVRIC Training - Exercise 3.  Graphite Shielding Measurements Revisited
      v7-27n19g
      
      '-------------------------------------------------------------------------------
      ' Composition Block - standard SCALE input
      '-------------------------------------------------------------------------------
      read composition
          nickel    3 den=8.908 1 300 28058 6.8077e+01 28060 2.6223e+01 28061 1.1399
                     28062 3.6346     28064 9.2550e-01 end
          carbon       4 den=1.7 1.0 300.0 end
      end composition
      
      '-------------------------------------------------------------------------------
      ' Geometry Block - SCALE standard geometry package (SGGP)
      '-------------------------------------------------------------------------------
      read geometry
          global unit 1
              cuboid  1   25.0 -25.0  25.0 -25.0   25.0 -25.0
              cone    2  10.35948  25.01   0.0 0.0   rotate  a1=-90 a2=-90 a3=0
              cuboid  3   90.0  70.0  40.0 -40.0   40.0 -40.0
              cuboid 99  120.0 -30.0  50.0 -50.0   50.0 -50.0
              media 3 1  1 -2
              media 0 1  2
              media 4 1  3
              media 0 1  99 -1  -2 -3
          boundary 99
      end geometry
      
      '-------------------------------------------------------------------------------
      ' Definitions Block
      '-------------------------------------------------------------------------------
      read definitions
          response 22
              title=" Ni-58(n,2n)57-Ni Foil Macro"
          neutron
      '        mat=4  ZAID=28058 macro
      'IRDFF-1.05: NI-58(N,2N)NI-57
          bounds
           12.4298E+6
              12.6E+6
             12.65E+6
              12.7E+6
              12.8E+6
              12.9E+6
                13E+6
              13.1E+6
              13.2E+6
              13.3E+6
              13.4E+6
              13.5E+6
              13.6E+6
              13.7E+6
              13.8E+6
              13.9E+6
              14.1E+6
              14.4E+6
              14.6E+6
              14.7E+6
              14.8E+6
              14.9E+6
                15E+6
              15.1E+6
              15.2E+6
              15.3E+6
              15.5E+6
              15.7E+6
              15.9E+6
              16.2E+6
              16.6E+6
              17.3E+6
              18.4E+6
              20.2E+6 
          end 
          values 
              0.000000E+00
              4.222126E-05
              6.577860E-05
              9.088581E-05
              1.459622E-04
              2.078540E-04
              2.769060E-04
              3.533799E-04
              4.374333E-04
              5.290951E-04
              6.282405E-04
              7.345827E-04
              8.476439E-04
              9.667818E-04
              1.091164E-03
              1.219814E-03
              1.485403E-03
              1.886230E-03
              2.141544E-03
              2.262775E-03
              2.378805E-03
              2.489175E-03
              2.593581E-03
              2.691886E-03
              2.784082E-03
              2.870296E-03
              3.025705E-03
              3.160646E-03
              3.278233E-03
              3.429179E-03
              3.598310E-03
              3.854324E-03
              4.253411E-03
              4.958323E-03
          end 
      makechart 
          end response 
         response 23
              title=" Ni-58(n,2n)57-Ni Foil Macro"
          neutron
              mat=3  MT=16 ZAID=28058 macro
      makechart 
      end response 
          location 1
              position 110 0 0
          end location
      
          distribution 1
              title="Cf-252 neutrons, Watt spectrum a=1.025 MeV and b=2.926/MeV"
              special="wattSpectrum"
              parameters 1.025 2.926 end
          end distribution
      
      end definitions
      
      '-------------------------------------------------------------------------------
      ' Sources Block
      '   Cf-252 neutrons, Watt fission spectrum model
      '   with a=1.025 MeV and  b=2.926/MeV
      '-------------------------------------------------------------------------------
      read sources
          src 1
              title="Cf-252 neutrons, Watt fission spectrum model"
              strength=4.05E+07
              cuboid  0.01 0.01  0 0  0 0
              neutrons
              eDistributionID=1
          end src
      end sources
      
      
      
      '-------------------------------------------------------------------------------
      ' Parameters Block
      '-------------------------------------------------------------------------------
      read parameters
          randomSeed=00003ecd7b4e3e8b
          library="xn252v7.1"
          perBatch=1 batches=1
          fissionMult=0   noPhotons
      end parameters
      
      
      
      end data
      end sequence 
      end case
end

SAMPLER serial process.



************************************************************************************************************************************
************************************************************************************************************************************
************************************************************************************************************************************
*****                                                                                                                          *****
*****                                             program verification information                                             *****
*****                                                                                                                          *****
*****                                           code system: SCALE   version: 6.2.0                                            *****
*****                                                                                                                          *****
************************************************************************************************************************************
************************************************************************************************************************************
*****                                                                                                                          *****
*****                                                                                                                          *****
*****                      program:  C:\SCALE-6.2.2\bin\sampler.exe                                                            *****
*****                                                                                                                          *****
*****                      version:  6.2.2 (602002)                                                                            *****
*****                                                                                                                          *****
*****                     username:  nickq                                                                                     *****
*****                                                                                                                          *****
*****                     hostname:  NICK                                                                                      *****
*****                                                                                                                          *****
*****                                                                                                                          *****
*****            date of execution:  2018-10-26                                                                                *****
*****                                                                                                                          *****
*****            time of execution:  18:51:35                                                                                  *****
*****                                                                                                                          *****
************************************************************************************************************************************
************************************************************************************************************************************
************************************************************************************************************************************


Sampler initialized.
Input loaded.
------------------------------------------------------------------------------------------------------------------------------------
-                                                    Input parameter_names echo                                                    -
------------------------------------------------------------------------------------------------------------------------------------
PERTURBATION single_mode=1
   Sampler Mode                             : PERTURBATION
   Number of cases                          : 1
   Runs per case                            : 4
   Number of samples                        : 3
   First sample index                       : 1
   Number of sensitivity MAT-MT pairs       : 0
   Number of parametric variables           : 0

   Perturb cross-sections                   : yes
   Perturb decay data                       : no
   Perturb fission yields                   : no
   Perturb geometry                         : yes

   Perturb pointwise XS                     : yes
   Perturb Bondarenko factors               : yes

   Master XS library                        : xn252v7.1
   Perturbed XS library                     : xn252v7.1
   Multigroup perturb factors library       : 
   Sensitivity factors library              : sensitivity_factors

   Print CSV tables                         : yes
   Print PTP histograms/histories           : yes
   Print per-sample data                    : yes
   Print covariances                        : no
   Print correlations                       : no
   Print chi-square test                    : no

   Run cases                                : yes
   Directory                                : 

------------------------------------------------------------------------------------------------------------------------------------
Input data is OK. 
************************************************************************************************************************************
*                                                Sampling-based Uncertainty Summary                                                *
************************************************************************************************************************************
      case |            run#           type          index           new?                                                                                                                              sample directory
-----------+-----------------------------------------------------------------------------------------------------------------------------------------------------------------------------------------------------------
        c1 |               1    unperturbed         #00000            yes     C:\Users\nickq\Documents\AFIT_Masters\NIF-ETA-Experiment\Models\Scale\Archive\Examples/monaco.howitzer_sampler.samplerfiles/c1_pert_00000
        c1 |               2         random         #00001            yes     C:\Users\nickq\Documents\AFIT_Masters\NIF-ETA-Experiment\Models\Scale\Archive\Examples/monaco.howitzer_sampler.samplerfiles/c1_pert_00001
        c1 |               3         random         #00002            yes     C:\Users\nickq\Documents\AFIT_Masters\NIF-ETA-Experiment\Models\Scale\Archive\Examples/monaco.howitzer_sampler.samplerfiles/c1_pert_00002
        c1 |               4         random         #00003            yes     C:\Users\nickq\Documents\AFIT_Masters\NIF-ETA-Experiment\Models\Scale\Archive\Examples/monaco.howitzer_sampler.samplerfiles/c1_pert_00003

 --- All SCALE runs finished successfully. 
All tables have been saved to CSV files (in the *.samplerfiles directory).
Histograms, running averages, scatter plots, and histories plots have been saved to PTP files (in the *.samplerfiles directory).
####################################################################################################################################
#                                                  Sampler finished successfully.                                                  #
####################################################################################################################################
SAMPLER is done.
    module sampler used 169.722 seconds cpu time for the current pass.

    module sampler is finished. completion code    0. total cpu time used 8.38746e-006 seconds.


    SCALE is finished on Fri Oct 26 18:54:25 2018.
-------------------------- Summary --------------------------
sampler finished. used 169.724 seconds.
SCALE driver required a maximum of 8.242 MiB of RAM.
------------------------ End Summary ------------------------

